============= TrainDate ===============
<class 'pandas.core.frame.DataFrame'>
Int64Index: 12213 entries, 536 to 7753
Columns: 1025 entries, label to 1023
dtypes: float64(1024), int64(1)
memory usage: 95.6 MB
==================================
============= TestDate ===============
<class 'pandas.core.frame.DataFrame'>
Int64Index: 18314 entries, 964 to 4
Columns: 1025 entries, label to 1023
dtypes: float64(1024), int64(1)
memory usage: 143.4 MB
==================================
-------- start train Epoch [001] ---------
Training:Epoch[001/010] Iteration[100/764] Loss: 1.6920 Acc:47.88%
Training:Epoch[001/010] Iteration[200/764] Loss: 0.5399 Acc:65.09%
Training:Epoch[001/010] Iteration[300/764] Loss: 0.3698 Acc:72.54%
Training:Epoch[001/010] Iteration[400/764] Loss: 0.3049 Acc:76.66%
Training:Epoch[001/010] Iteration[500/764] Loss: 0.2217 Acc:79.81%
Training:Epoch[001/010] Iteration[600/764] Loss: 0.2113 Acc:81.77%
Training:Epoch[001/010] Iteration[700/764] Loss: 0.1603 Acc:83.52%
[[ 406    0    1    8    0    0    0    6   17   16   14   22]
 [   0  201   16   15    0    6    0    0   43  132    7   21]
 [   0    8  592   17    0    1    0    0   40   21   11   24]
 [   0    0    0 1512    0    3    0    0   36   14    0    0]
 [   0    0    0    0    0    0    0    0    0    0    0    2]
 [   0    0    0   44    0  873    0    0   23    0    0   22]
 [   0    1    0    0    0    0    0    0   14   24    0    0]
 [   2    3    0    5    0   14    0 1545   13   15    3    0]
 [   0    9   10   23    0    0    0    0 1233  318    0    7]
 [   0   57   16   32    0    0    0    0  414 1048    6   27]
 [   1    0    0   27    0    0    0    0   25   10 1505   32]
 [   9    7    3   43    0    3    0    4   56   65    4 1406]]
-------- over train Epoch [001] ---------
-------- starts test Epoch [001] ---------
TestSet:	 Epoch[001/010] Iteration[1145/1145] Loss: 144.1626 Acc:95.58%
[[ 726    0    0    0    0    0    0    0    0    0    0   10]
 [   0  511    1    0    0    0    0    0   11  138    0    1]
 [   0    0 1070    0    0    0    0    0    0    0    0    0]
 [   0    0    0 2347    0    0    0    0    0    0    0    0]
 [   0    1    0    0    0    0    0    0    0    0    1    2]
 [   0    0    0    0    0 1440    0    0    0    1    0    1]
 [   0    0    0    0    0    0    0    0   10   48    0    0]
 [   0    0    0    0    0    0    0 2394    0    5    0    0]
 [   0    0    8    0    0    0    0    0 2269  122    0    0]
 [   0   19    2    0    0    0    0    0  412 1966    0    0]
 [   0    0    0    0    0    0    0    0    0    0 2399    0]
 [   1    6    3    1    0    0    0    0    0    6    0 2382]]
Family 1 :
-----------------------------
Precison = 0.9986      Recall = 0.9864
F-Score = 0.9925       Acc = 0.9994
Family 2 :
-----------------------------
Precison = 0.9516      Recall = 0.7719
F-Score = 0.8524       Acc = 0.9903
Family 3 :
-----------------------------
Precison = 0.9871      Recall = 1.0000
F-Score = 0.9935       Acc = 0.9992
Family 4 :
-----------------------------
Precison = 0.9996      Recall = 1.0000
F-Score = 0.9998       Acc = 0.9999
Family 5 :
-----------------------------
Precison = nan      Recall = 0.0000
F-Score = nan       Acc = 0.9998
Family 6 :
-----------------------------
Precison = 1.0000      Recall = 0.9986
F-Score = 0.9993       Acc = 0.9999
Family 7 :
-----------------------------
Precison = nan      Recall = 0.0000
F-Score = nan       Acc = 0.9968
Family 8 :
-----------------------------
Precison = 1.0000      Recall = 0.9979
F-Score = 0.9990       Acc = 0.9997
Family 9 :
-----------------------------
Precison = 0.8397      Recall = 0.9458
F-Score = 0.8896       Acc = 0.9693
Family 10 :
-----------------------------
Precison = 0.8600      Recall = 0.8195
F-Score = 0.8393       Acc = 0.9589
Family 11 :
-----------------------------
Precison = 0.9996      Recall = 1.0000
F-Score = 0.9998       Acc = 0.9999
Family 12 :
-----------------------------
Precison = 0.9942      Recall = 0.9929
F-Score = 0.9935       Acc = 0.9983
-------- over test Epoch [001] ---------
-------- start train Epoch [002] ---------
Training:Epoch[002/010] Iteration[100/764] Loss: 0.1255 Acc:95.81%
Training:Epoch[002/010] Iteration[200/764] Loss: 0.1194 Acc:95.81%
Training:Epoch[002/010] Iteration[300/764] Loss: 0.1170 Acc:95.88%
Training:Epoch[002/010] Iteration[400/764] Loss: 0.1123 Acc:95.88%
Training:Epoch[002/010] Iteration[500/764] Loss: 0.0881 Acc:96.03%
Training:Epoch[002/010] Iteration[600/764] Loss: 0.0977 Acc:96.09%
Training:Epoch[002/010] Iteration[700/764] Loss: 0.0821 Acc:96.33%
[[ 486    0    0    0    0    0    0    0    0    0    0    4]
 [   0  412    0    0    0    0    0    0    5   22    0    2]
 [   0    1  712    0    0    0    0    0    0    1    0    0]
 [   0    0    0 1565    0    0    0    0    0    0    0    0]
 [   0    0    0    0    0    0    0    0    0    0    0    2]
 [   0    0    0    0    0  962    0    0    0    0    0    0]
 [   0    1    0    0    0    0    5    0    6   26    0    1]
 [   1    0    0    0    0    0    0 1593    0    3    1    2]
 [   0    3    0    0    0    0    0    0 1472  125    0    0]
 [   0   20    4    0    0    0    0    0  187 1387    0    2]
 [   0    0    0    0    0    0    0    0    0    0 1599    1]
 [   3    6    1    0    0    0    0    2    2    4    0 1582]]
-------- over train Epoch [002] ---------
-------- starts test Epoch [002] ---------
TestSet:	 Epoch[002/010] Iteration[1145/1145] Loss: 105.5445 Acc:96.85%
[[ 733    0    0    0    0    0    0    0    0    0    0    3]
 [   0  598    2    0    0    0    0    0   12   49    0    1]
 [   0    0 1070    0    0    0    0    0    0    0    0    0]
 [   0    1    0 2346    0    0    0    0    0    0    0    0]
 [   0    0    0    0    0    0    0    2    0    0    0    2]
 [   0    1    0    0    0 1433    0    7    0    1    0    0]
 [   0    0    0    0    0    0    3    0   12   43    0    0]
 [   0    0    0    0    0    0    0 2398    0    1    0    0]
 [   0    1    4    0    0    0    0    0 2357   37    0    0]
 [   0   38   10    0    0    0    0    0  313 2037    0    1]
 [   0    0    2    0    0    0    0    0    0    0 2397    0]
 [   1   11    2    0    0    0    0    3    3   13    0 2366]]
Family 1 :
-----------------------------
Precison = 0.9986      Recall = 0.9959
F-Score = 0.9973       Acc = 0.9998
Family 2 :
-----------------------------
Precison = 0.9200      Recall = 0.9033
F-Score = 0.9116       Acc = 0.9937
Family 3 :
-----------------------------
Precison = 0.9817      Recall = 1.0000
F-Score = 0.9907       Acc = 0.9989
Family 4 :
-----------------------------
Precison = 1.0000      Recall = 0.9996
F-Score = 0.9998       Acc = 0.9999
Family 5 :
-----------------------------
Precison = nan      Recall = 0.0000
F-Score = nan       Acc = 0.9998
Family 6 :
-----------------------------
Precison = 1.0000      Recall = 0.9938
F-Score = 0.9969       Acc = 0.9995
Family 7 :
-----------------------------
Precison = 1.0000      Recall = 0.0517
F-Score = 0.0984       Acc = 0.9970
Family 8 :
-----------------------------
Precison = 0.9950      Recall = 0.9996
F-Score = 0.9973       Acc = 0.9993
Family 9 :
-----------------------------
Precison = 0.8739      Recall = 0.9825
F-Score = 0.9250       Acc = 0.9791
Family 10 :
-----------------------------
Precison = 0.9340      Recall = 0.8491
F-Score = 0.8895       Acc = 0.9724
Family 11 :
-----------------------------
Precison = 1.0000      Recall = 0.9992
F-Score = 0.9996       Acc = 0.9999
Family 12 :
-----------------------------
Precison = 0.9971      Recall = 0.9862
F-Score = 0.9916       Acc = 0.9978
-------- over test Epoch [002] ---------
-------- start train Epoch [003] ---------
Training:Epoch[003/010] Iteration[100/764] Loss: 0.0802 Acc:96.94%
Training:Epoch[003/010] Iteration[200/764] Loss: 0.0611 Acc:97.50%
Training:Epoch[003/010] Iteration[300/764] Loss: 0.0528 Acc:97.85%
Training:Epoch[003/010] Iteration[400/764] Loss: 0.0589 Acc:97.92%
Training:Epoch[003/010] Iteration[500/764] Loss: 0.0350 Acc:98.08%
Training:Epoch[003/010] Iteration[600/764] Loss: 0.0499 Acc:98.09%
Training:Epoch[003/010] Iteration[700/764] Loss: 0.0533 Acc:98.06%
[[ 489    0    0    0    0    0    0    0    0    0    0    1]
 [   0  428    0    0    0    0    0    0    3    9    0    1]
 [   0    0  713    0    0    0    0    0    0    1    0    0]
 [   0    0    0 1565    0    0    0    0    0    0    0    0]
 [   0    0    0    0    0    0    0    0    0    0    0    2]
 [   0    0    0    0    0  962    0    0    0    0    0    0]
 [   0    0    0    0    0    0   21    0    1   17    0    0]
 [   0    0    0    0    0    1    0 1597    0    1    1    0]
 [   0    1    0    0    0    0    0    0 1523   76    0    0]
 [   0   14    0    0    0    0    4    0   89 1492    0    1]
 [   0    0    0    0    0    0    0    0    0    0 1600    0]
 [   3    0    0    1    0    0    0    1    0    0    0 1595]]
-------- over train Epoch [003] ---------
-------- starts test Epoch [003] ---------
TestSet:	 Epoch[003/010] Iteration[1145/1145] Loss: 50.4208 Acc:98.67%
[[ 735    0    0    0    0    0    0    0    0    0    0    1]
 [   0  624    0    0    0    0    1    0    3   25    0    9]
 [   0    0 1069    0    0    0    0    0    0    0    0    1]
 [   0    0    0 2347    0    0    0    0    0    0    0    0]
 [   0    0    0    0    0    0    0    0    0    1    0    3]
 [   0    0    0    0    0 1441    0    0    0    0    0    1]
 [   0    0    0    0    0    0   29    0    1   17    0   11]
 [   0    0    0    1    0    0    0 2393    0    3    0    2]
 [   0    0    2    0    0    0    0    0 2348   48    0    1]
 [   0    7    0    0    0    0    0    0   98 2291    0    3]
 [   0    0    0    0    0    0    0    0    0    0 2398    1]
 [   1    0    0    0    0    0    0    0    0    2    0 2396]]
Family 1 :
-----------------------------
Precison = 0.9986      Recall = 0.9986
F-Score = 0.9986       Acc = 0.9999
Family 2 :
-----------------------------
Precison = 0.9889      Recall = 0.9426
F-Score = 0.9652       Acc = 0.9975
Family 3 :
-----------------------------
Precison = 0.9981      Recall = 0.9991
F-Score = 0.9986       Acc = 0.9998
Family 4 :
-----------------------------
Precison = 0.9996      Recall = 1.0000
F-Score = 0.9998       Acc = 0.9999
Family 5 :
-----------------------------
Precison = nan      Recall = 0.0000
F-Score = nan       Acc = 0.9998
Family 6 :
-----------------------------
Precison = 1.0000      Recall = 0.9993
F-Score = 0.9997       Acc = 0.9999
Family 7 :
-----------------------------
Precison = 0.9667      Recall = 0.5000
F-Score = 0.6591       Acc = 0.9984
Family 8 :
-----------------------------
Precison = 1.0000      Recall = 0.9975
F-Score = 0.9987       Acc = 0.9997
Family 9 :
-----------------------------
Precison = 0.9584      Recall = 0.9787
F-Score = 0.9684       Acc = 0.9916
Family 10 :
-----------------------------
Precison = 0.9598      Recall = 0.9550
F-Score = 0.9574       Acc = 0.9889
Family 11 :
-----------------------------
Precison = 1.0000      Recall = 0.9996
F-Score = 0.9998       Acc = 0.9999
Family 12 :
-----------------------------
Precison = 0.9864      Recall = 0.9987
F-Score = 0.9925       Acc = 0.9980
-------- over test Epoch [003] ---------
-------- start train Epoch [004] ---------
Training:Epoch[004/010] Iteration[100/764] Loss: 0.0503 Acc:98.25%
Training:Epoch[004/010] Iteration[200/764] Loss: 0.0317 Acc:98.72%
Training:Epoch[004/010] Iteration[300/764] Loss: 0.0371 Acc:98.73%
Training:Epoch[004/010] Iteration[400/764] Loss: 0.0280 Acc:98.83%
Training:Epoch[004/010] Iteration[500/764] Loss: 0.0214 Acc:98.95%
Training:Epoch[004/010] Iteration[600/764] Loss: 0.0256 Acc:98.93%
Training:Epoch[004/010] Iteration[700/764] Loss: 0.0363 Acc:98.89%
[[ 489    0    0    0    0    0    0    0    0    0    0    1]
 [   0  430    1    0    0    0    0    0    1    8    0    1]
 [   0    0  713    0    0    0    0    0    0    1    0    0]
 [   0    0    0 1565    0    0    0    0    0    0    0    0]
 [   0    0    0    0    0    1    0    0    0    0    0    1]
 [   0    0    0    0    0  961    0    0    0    0    0    1]
 [   0    0    0    0    0    0   28    0    0   10    0    1]
 [   0    0    0    0    0    0    0 1599    1    0    0    0]
 [   0    0    1    0    0    0    0    0 1568   31    0    0]
 [   0   11    0    0    0    0    3    0   49 1537    0    0]
 [   0    0    0    0    0    0    0    0    0    0 1600    0]
 [   3    2    0    0    0    1    0    0    0    3    0 1591]]
-------- over train Epoch [004] ---------
-------- starts test Epoch [004] ---------
TestSet:	 Epoch[004/010] Iteration[1145/1145] Loss: 37.4277 Acc:99.10%
[[ 736    0    0    0    0    0    0    0    0    0    0    0]
 [   0  642    0    0    0    0    0    0    2   16    0    2]
 [   0    0 1070    0    0    0    0    0    0    0    0    0]
 [   0    0    0 2347    0    0    0    0    0    0    0    0]
 [   0    1    0    0    0    0    0    0    0    1    0    2]
 [   0    1    0    0    0 1441    0    0    0    0    0    0]
 [   0    0    0    0    0    0   28    0    1   29    0    0]
 [   0    1    0    0    0    0    0 2397    0    1    0    0]
 [   0    0    2    0    0    0    0    0 2353   44    0    0]
 [   0   12    1    0    0    0    0    0   42 2344    0    0]
 [   0    0    0    0    0    0    0    0    0    0 2399    0]
 [   0    1    0    0    0    0    0    0    0    5    0 2393]]
Family 1 :
-----------------------------
Precison = 1.0000      Recall = 1.0000
F-Score = 1.0000       Acc = 1.0000
Family 2 :
-----------------------------
Precison = 0.9757      Recall = 0.9698
F-Score = 0.9727       Acc = 0.9980
Family 3 :
-----------------------------
Precison = 0.9972      Recall = 1.0000
F-Score = 0.9986       Acc = 0.9998
Family 4 :
-----------------------------
Precison = 1.0000      Recall = 1.0000
F-Score = 1.0000       Acc = 1.0000
Family 5 :
-----------------------------
Precison = nan      Recall = 0.0000
F-Score = nan       Acc = 0.9998
Family 6 :
-----------------------------
Precison = 1.0000      Recall = 0.9993
F-Score = 0.9997       Acc = 0.9999
Family 7 :
-----------------------------
Precison = 1.0000      Recall = 0.4828
F-Score = 0.6512       Acc = 0.9984
Family 8 :
-----------------------------
Precison = 1.0000      Recall = 0.9992
F-Score = 0.9996       Acc = 0.9999
Family 9 :
-----------------------------
Precison = 0.9812      Recall = 0.9808
F-Score = 0.9810       Acc = 0.9950
Family 10 :
-----------------------------
Precison = 0.9607      Recall = 0.9771
F-Score = 0.9688       Acc = 0.9918
Family 11 :
-----------------------------
Precison = 1.0000      Recall = 1.0000
F-Score = 1.0000       Acc = 1.0000
Family 12 :
-----------------------------
Precison = 0.9983      Recall = 0.9975
F-Score = 0.9979       Acc = 0.9995
-------- over test Epoch [004] ---------
-------- start train Epoch [005] ---------
Training:Epoch[005/010] Iteration[100/764] Loss: 0.0145 Acc:99.44%
Training:Epoch[005/010] Iteration[200/764] Loss: 0.0236 Acc:99.34%
Training:Epoch[005/010] Iteration[300/764] Loss: 0.0239 Acc:99.25%
Training:Epoch[005/010] Iteration[400/764] Loss: 0.0268 Acc:99.20%
Training:Epoch[005/010] Iteration[500/764] Loss: 0.0096 Acc:99.30%
Training:Epoch[005/010] Iteration[600/764] Loss: 0.0243 Acc:99.28%
Training:Epoch[005/010] Iteration[700/764] Loss: 0.0254 Acc:99.28%
[[ 490    0    0    0    0    0    0    0    0    0    0    0]
 [   0  431    0    0    0    0    0    0    1    8    0    1]
 [   0    0  713    0    0    0    0    0    0    1    0    0]
 [   0    0    0 1565    0    0    0    0    0    0    0    0]
 [   0    0    0    0    0    0    0    0    0    1    0    1]
 [   0    0    0    0    0  962    0    0    0    0    0    0]
 [   0    0    0    0    0    0   32    0    1    6    0    0]
 [   0    0    0    0    0    0    0 1600    0    0    0    0]
 [   0    1    0    0    0    0    0    0 1576   23    0    0]
 [   0    7    0    0    0    0    3    0   30 1560    0    0]
 [   0    0    0    0    0    0    0    0    0    0 1600    0]
 [   0    0    0    0    0    0    0    0    0    1    0 1599]]
-------- over train Epoch [005] ---------
-------- starts test Epoch [005] ---------
TestSet:	 Epoch[005/010] Iteration[1145/1145] Loss: 40.7966 Acc:98.96%
[[ 736    0    0    0    0    0    0    0    0    0    0    0]
 [   0  635    0    0    0    0    0    0    2   25    0    0]
 [   0    0 1070    0    0    0    0    0    0    0    0    0]
 [   0    0    0 2347    0    0    0    0    0    0    0    0]
 [   2    1    0    0    0    0    0    0    0    0    0    1]
 [   0    1    0    0    0 1441    0    0    0    0    0    0]
 [   0    0    0    0    0    0   39    0    1   18    0    0]
 [   0    0    0    0    0    0    0 2396    0    3    0    0]
 [   0    0    1    0    0    0    0    0 2367   31    0    0]
 [   0    2    0    0    0    0    0    0   83 2314    0    0]
 [   0    0    0    0    0    0    0    0    0    0 2399    0]
 [   3    0    0    0    0    1    0    1    1   11    3 2379]]
Family 1 :
-----------------------------
Precison = 0.9933      Recall = 1.0000
F-Score = 0.9966       Acc = 0.9997
Family 2 :
-----------------------------
Precison = 0.9937      Recall = 0.9592
F-Score = 0.9762       Acc = 0.9983
Family 3 :
-----------------------------
Precison = 0.9991      Recall = 1.0000
F-Score = 0.9995       Acc = 0.9999
Family 4 :
-----------------------------
Precison = 1.0000      Recall = 1.0000
F-Score = 1.0000       Acc = 1.0000
Family 5 :
-----------------------------
Precison = nan      Recall = 0.0000
F-Score = nan       Acc = 0.9998
Family 6 :
-----------------------------
Precison = 0.9993      Recall = 0.9993
F-Score = 0.9993       Acc = 0.9999
Family 7 :
-----------------------------
Precison = 1.0000      Recall = 0.6724
F-Score = 0.8041       Acc = 0.9990
Family 8 :
-----------------------------
Precison = 0.9996      Recall = 0.9987
F-Score = 0.9992       Acc = 0.9998
Family 9 :
-----------------------------
Precison = 0.9645      Recall = 0.9867
F-Score = 0.9755       Acc = 0.9935
Family 10 :
-----------------------------
Precison = 0.9634      Recall = 0.9646
F-Score = 0.9640       Acc = 0.9906
Family 11 :
-----------------------------
Precison = 0.9988      Recall = 1.0000
F-Score = 0.9994       Acc = 0.9998
Family 12 :
-----------------------------
Precison = 0.9996      Recall = 0.9917
F-Score = 0.9956       Acc = 0.9989
-------- over test Epoch [005] ---------
-------- start train Epoch [006] ---------
Training:Epoch[006/010] Iteration[100/764] Loss: 0.0108 Acc:99.69%
Training:Epoch[006/010] Iteration[200/764] Loss: 0.0061 Acc:99.75%
Training:Epoch[006/010] Iteration[300/764] Loss: 0.0100 Acc:99.71%
Training:Epoch[006/010] Iteration[400/764] Loss: 0.0366 Acc:99.47%
Training:Epoch[006/010] Iteration[500/764] Loss: 0.0154 Acc:99.49%
Training:Epoch[006/010] Iteration[600/764] Loss: 0.0150 Acc:99.47%
Training:Epoch[006/010] Iteration[700/764] Loss: 0.0188 Acc:99.44%
[[ 490    0    0    0    0    0    0    0    0    0    0    0]
 [   0  437    0    0    0    0    0    0    1    3    0    0]
 [   0    0  713    0    0    0    0    0    0    1    0    0]
 [   0    0    0 1565    0    0    0    0    0    0    0    0]
 [   0    0    0    1    1    0    0    0    0    0    0    0]
 [   0    0    0    0    0  962    0    0    0    0    0    0]
 [   0    0    0    0    0    0   34    0    0    5    0    0]
 [   0    0    0    0    0    0    0 1599    0    0    0    1]
 [   0    1    0    0    0    0    0    0 1576   23    0    0]
 [   0    3    0    0    0    0    2    0   30 1564    0    1]
 [   0    0    0    0    0    0    0    0    0    0 1600    0]
 [   1    0    0    1    0    0    0    1    0    1    0 1596]]
-------- over train Epoch [006] ---------
-------- starts test Epoch [006] ---------
TestSet:	 Epoch[006/010] Iteration[1145/1145] Loss: 42.6266 Acc:98.76%
[[ 736    0    0    0    0    0    0    0    0    0    0    0]
 [   0  643    0    0    0    0    1    0    8    9    0    1]
 [   0    0 1070    0    0    0    0    0    0    0    0    0]
 [   0    0    0 2346    0    1    0    0    0    0    0    0]
 [   2    0    0    0    0    0    0    0    0    0    0    2]
 [   0    1    0    0    0 1441    0    0    0    0    0    0]
 [   0    0    0    0    0    0   56    0    1    1    0    0]
 [   0    0    1    0    0    0    0 2397    0    1    0    0]
 [   0    0    3    0    0    0    0    0 2393    3    0    0]
 [   0   31   10    0    0    0   45    0   98 2215    0    0]
 [   0    0    0    0    0    0    0    0    0    0 2399    0]
 [   4    1    0    0    0    1    0    0    0    2    1 2390]]
Family 1 :
-----------------------------
Precison = 0.9919      Recall = 1.0000
F-Score = 0.9959       Acc = 0.9997
Family 2 :
-----------------------------
Precison = 0.9512      Recall = 0.9713
F-Score = 0.9611       Acc = 0.9972
Family 3 :
-----------------------------
Precison = 0.9871      Recall = 1.0000
F-Score = 0.9935       Acc = 0.9992
Family 4 :
-----------------------------
Precison = 1.0000      Recall = 0.9996
F-Score = 0.9998       Acc = 0.9999
Family 5 :
-----------------------------
Precison = nan      Recall = 0.0000
F-Score = nan       Acc = 0.9998
Family 6 :
-----------------------------
Precison = 0.9986      Recall = 0.9993
F-Score = 0.9990       Acc = 0.9998
Family 7 :
-----------------------------
Precison = 0.5490      Recall = 0.9655
F-Score = 0.7000       Acc = 0.9974
Family 8 :
-----------------------------
Precison = 1.0000      Recall = 0.9992
F-Score = 0.9996       Acc = 0.9999
Family 9 :
-----------------------------
Precison = 0.9572      Recall = 0.9975
F-Score = 0.9769       Acc = 0.9938
Family 10 :
-----------------------------
Precison = 0.9928      Recall = 0.9233
F-Score = 0.9568       Acc = 0.9891
Family 11 :
-----------------------------
Precison = 0.9996      Recall = 1.0000
F-Score = 0.9998       Acc = 0.9999
Family 12 :
-----------------------------
Precison = 0.9987      Recall = 0.9962
F-Score = 0.9975       Acc = 0.9993
-------- over test Epoch [006] ---------
-------- start train Epoch [007] ---------
Training:Epoch[007/010] Iteration[100/764] Loss: 0.0091 Acc:99.81%
Training:Epoch[007/010] Iteration[200/764] Loss: 0.0060 Acc:99.88%
Training:Epoch[007/010] Iteration[300/764] Loss: 0.0183 Acc:99.69%
Training:Epoch[007/010] Iteration[400/764] Loss: 0.0131 Acc:99.69%
Training:Epoch[007/010] Iteration[500/764] Loss: 0.0044 Acc:99.74%
Training:Epoch[007/010] Iteration[600/764] Loss: 0.0076 Acc:99.73%
Training:Epoch[007/010] Iteration[700/764] Loss: 0.0160 Acc:99.71%
[[ 490    0    0    0    0    0    0    0    0    0    0    0]
 [   0  436    0    0    0    0    0    0    1    4    0    0]
 [   0    0  713    0    0    0    0    0    1    0    0    0]
 [   0    0    0 1565    0    0    0    0    0    0    0    0]
 [   0    0    0    0    0    0    0    0    0    1    0    1]
 [   0    0    0    0    0  962    0    0    0    0    0    0]
 [   0    0    0    0    0    0   37    0    0    2    0    0]
 [   0    0    0    0    0    0    0 1600    0    0    0    0]
 [   0    0    0    0    0    0    0    0 1590   10    0    0]
 [   0    3    1    0    0    0    1    0    9 1585    0    1]
 [   0    0    0    0    0    0    0    0    0    0 1600    0]
 [   0    0    0    0    0    0    0    0    0    0    0 1600]]
-------- over train Epoch [007] ---------
-------- starts test Epoch [007] ---------
TestSet:	 Epoch[007/010] Iteration[1145/1145] Loss: 29.0914 Acc:99.30%
[[ 736    0    0    0    0    0    0    0    0    0    0    0]
 [   0  642    0    0    0    0    0    0    1   19    0    0]
 [   0    0 1070    0    0    0    0    0    0    0    0    0]
 [   0    0    0 2346    0    0    0    0    0    0    0    1]
 [   1    0    0    0    0    0    0    0    0    0    0    3]
 [   0    1    0    0    0 1441    0    0    0    0    0    0]
 [   0    0    0    0    0    0   44    0    0   13    0    1]
 [   0    0    0    0    0    0    0 2398    0    1    0    0]
 [   0    0    2    0    0    0    0    0 2335   62    0    0]
 [   0    4    0    0    0    0    0    0   14 2381    0    0]
 [   0    0    0    0    0    0    0    0    0    0 2399    0]
 [   1    0    0    0    0    1    0    0    1    2    1 2393]]
Family 1 :
-----------------------------
Precison = 0.9973      Recall = 1.0000
F-Score = 0.9986       Acc = 0.9999
Family 2 :
-----------------------------
Precison = 0.9923      Recall = 0.9698
F-Score = 0.9809       Acc = 0.9986
Family 3 :
-----------------------------
Precison = 0.9981      Recall = 1.0000
F-Score = 0.9991       Acc = 0.9999
Family 4 :
-----------------------------
Precison = 1.0000      Recall = 0.9996
F-Score = 0.9998       Acc = 0.9999
Family 5 :
-----------------------------
Precison = nan      Recall = 0.0000
F-Score = nan       Acc = 0.9998
Family 6 :
-----------------------------
Precison = 0.9993      Recall = 0.9993
F-Score = 0.9993       Acc = 0.9999
Family 7 :
-----------------------------
Precison = 1.0000      Recall = 0.7586
F-Score = 0.8627       Acc = 0.9992
Family 8 :
-----------------------------
Precison = 1.0000      Recall = 0.9996
F-Score = 0.9998       Acc = 0.9999
Family 9 :
-----------------------------
Precison = 0.9932      Recall = 0.9733
F-Score = 0.9832       Acc = 0.9956
Family 10 :
-----------------------------
Precison = 0.9609      Recall = 0.9925
F-Score = 0.9764       Acc = 0.9937
Family 11 :
-----------------------------
Precison = 0.9996      Recall = 1.0000
F-Score = 0.9998       Acc = 0.9999
Family 12 :
-----------------------------
Precison = 0.9979      Recall = 0.9975
F-Score = 0.9977       Acc = 0.9994
-------- over test Epoch [007] ---------
-------- start train Epoch [008] ---------
Training:Epoch[008/010] Iteration[100/764] Loss: 0.0076 Acc:99.75%
Training:Epoch[008/010] Iteration[200/764] Loss: 0.0022 Acc:99.88%
Training:Epoch[008/010] Iteration[300/764] Loss: 0.0030 Acc:99.92%
Training:Epoch[008/010] Iteration[400/764] Loss: 0.0049 Acc:99.88%
Training:Epoch[008/010] Iteration[500/764] Loss: 0.0123 Acc:99.85%
Training:Epoch[008/010] Iteration[600/764] Loss: 0.0022 Acc:99.88%
Training:Epoch[008/010] Iteration[700/764] Loss: 0.0070 Acc:99.86%
[[ 490    0    0    0    0    0    0    0    0    0    0    0]
 [   0  441    0    0    0    0    0    0    0    0    0    0]
 [   0    0  714    0    0    0    0    0    0    0    0    0]
 [   0    0    0 1565    0    0    0    0    0    0    0    0]
 [   0    0    0    0    2    0    0    0    0    0    0    0]
 [   0    0    0    0    0  962    0    0    0    0    0    0]
 [   0    0    0    0    0    0   38    0    0    1    0    0]
 [   0    0    0    0    0    0    0 1600    0    0    0    0]
 [   0    0    0    0    0    0    0    0 1591    9    0    0]
 [   0    1    0    0    0    0    1    0    8 1590    0    0]
 [   0    0    0    0    0    0    0    0    0    0 1600    0]
 [   1    1    0    0    0    0    0    0    0    0    0 1598]]
-------- over train Epoch [008] ---------
-------- starts test Epoch [008] ---------
TestSet:	 Epoch[008/010] Iteration[1145/1145] Loss: 32.0501 Acc:99.21%
[[ 733    0    0    0    0    0    0    0    0    0    0    3]
 [   0  637    0    0    0    0    1    0    0   22    0    2]
 [   0    0 1070    0    0    0    0    0    0    0    0    0]
 [   0    0    0 2345    0    0    0    0    0    0    0    2]
 [   0    0    0    0    0    0    0    1    0    0    0    3]
 [   0    1    0    0    0 1441    0    0    0    0    0    0]
 [   0    0    0    0    0    0   41    0    0   14    0    3]
 [   0    0    0    0    0    0    0 2397    0    2    0    0]
 [   0    0    3    0    0    0    0    0 2338   58    0    0]
 [   0    3    1    0    0    0    0    0   19 2375    0    1]
 [   0    0    0    0    0    0    0    0    0    0 2399    0]
 [   0    0    0    0    0    1    0    0    1    4    0 2393]]
Family 1 :
-----------------------------
Precison = 1.0000      Recall = 0.9959
F-Score = 0.9980       Acc = 0.9998
Family 2 :
-----------------------------
Precison = 0.9938      Recall = 0.9622
F-Score = 0.9777       Acc = 0.9984
Family 3 :
-----------------------------
Precison = 0.9963      Recall = 1.0000
F-Score = 0.9981       Acc = 0.9998
Family 4 :
-----------------------------
Precison = 1.0000      Recall = 0.9991
F-Score = 0.9996       Acc = 0.9999
Family 5 :
-----------------------------
Precison = nan      Recall = 0.0000
F-Score = nan       Acc = 0.9998
Family 6 :
-----------------------------
Precison = 0.9993      Recall = 0.9993
F-Score = 0.9993       Acc = 0.9999
Family 7 :
-----------------------------
Precison = 0.9762      Recall = 0.7069
F-Score = 0.8200       Acc = 0.9990
Family 8 :
-----------------------------
Precison = 0.9996      Recall = 0.9992
F-Score = 0.9994       Acc = 0.9998
Family 9 :
-----------------------------
Precison = 0.9915      Recall = 0.9746
F-Score = 0.9830       Acc = 0.9956
Family 10 :
-----------------------------
Precison = 0.9596      Recall = 0.9900
F-Score = 0.9746       Acc = 0.9932
Family 11 :
-----------------------------
Precison = 1.0000      Recall = 1.0000
F-Score = 1.0000       Acc = 1.0000
Family 12 :
-----------------------------
Precison = 0.9942      Recall = 0.9975
F-Score = 0.9958       Acc = 0.9989
-------- over test Epoch [008] ---------
-------- start train Epoch [009] ---------
Training:Epoch[009/010] Iteration[100/764] Loss: 0.0044 Acc:99.75%
Training:Epoch[009/010] Iteration[200/764] Loss: 0.0008 Acc:99.88%
Training:Epoch[009/010] Iteration[300/764] Loss: 0.0006 Acc:99.92%
Training:Epoch[009/010] Iteration[400/764] Loss: 0.0009 Acc:99.94%
Training:Epoch[009/010] Iteration[500/764] Loss: 0.0018 Acc:99.94%
Training:Epoch[009/010] Iteration[600/764] Loss: 0.0014 Acc:99.95%
Training:Epoch[009/010] Iteration[700/764] Loss: 0.0026 Acc:99.94%
[[ 490    0    0    0    0    0    0    0    0    0    0    0]
 [   0  441    0    0    0    0    0    0    0    0    0    0]
 [   0    0  714    0    0    0    0    0    0    0    0    0]
 [   0    0    0 1565    0    0    0    0    0    0    0    0]
 [   0    0    0    0    2    0    0    0    0    0    0    0]
 [   0    0    0    0    0  962    0    0    0    0    0    0]
 [   0    0    0    0    0    0   39    0    0    0    0    0]
 [   0    0    0    0    0    0    0 1600    0    0    0    0]
 [   0    0    0    0    0    0    0    0 1595    5    0    0]
 [   0    0    0    0    0    0    1    0    3 1596    0    0]
 [   0    0    0    0    0    0    0    0    0    0 1600    0]
 [   0    0    0    0    0    0    0    0    0    0    0 1600]]
-------- over train Epoch [009] ---------
-------- starts test Epoch [009] ---------
TestSet:	 Epoch[009/010] Iteration[1145/1145] Loss: 28.5489 Acc:99.36%
[[ 736    0    0    0    0    0    0    0    0    0    0    0]
 [   0  641    0    0    0    0    0    0    1   20    0    0]
 [   0    0 1070    0    0    0    0    0    0    0    0    0]
 [   0    0    0 2347    0    0    0    0    0    0    0    0]
 [   1    1    0    0    1    0    0    0    0    0    0    1]
 [   0    1    0    0    0 1441    0    0    0    0    0    0]
 [   0    0    0    0    0    0   50    0    0    7    0    1]
 [   0    0    0    0    0    0    0 2396    0    3    0    0]
 [   0    0    0    0    0    0    0    0 2375   24    0    0]
 [   0    4    0    0    0    0    1    0   44 2350    0    0]
 [   0    0    0    0    0    0    0    0    0    0 2399    0]
 [   1    1    0    0    0    0    0    0    0    5    1 2391]]
Family 1 :
-----------------------------
Precison = 0.9973      Recall = 1.0000
F-Score = 0.9986       Acc = 0.9999
Family 2 :
-----------------------------
Precison = 0.9892      Recall = 0.9683
F-Score = 0.9786       Acc = 0.9985
Family 3 :
-----------------------------
Precison = 1.0000      Recall = 1.0000
F-Score = 1.0000       Acc = 1.0000
Family 4 :
-----------------------------
Precison = 1.0000      Recall = 1.0000
F-Score = 1.0000       Acc = 1.0000
Family 5 :
-----------------------------
Precison = 1.0000      Recall = 0.2500
F-Score = 0.4000       Acc = 0.9998
Family 6 :
-----------------------------
Precison = 1.0000      Recall = 0.9993
F-Score = 0.9997       Acc = 0.9999
Family 7 :
-----------------------------
Precison = 0.9804      Recall = 0.8621
F-Score = 0.9174       Acc = 0.9995
Family 8 :
-----------------------------
Precison = 1.0000      Recall = 0.9987
F-Score = 0.9994       Acc = 0.9998
Family 9 :
-----------------------------
Precison = 0.9814      Recall = 0.9900
F-Score = 0.9857       Acc = 0.9962
Family 10 :
-----------------------------
Precison = 0.9755      Recall = 0.9796
F-Score = 0.9775       Acc = 0.9941
Family 11 :
-----------------------------
Precison = 0.9996      Recall = 1.0000
F-Score = 0.9998       Acc = 0.9999
Family 12 :
-----------------------------
Precison = 0.9992      Recall = 0.9967
F-Score = 0.9979       Acc = 0.9995
-------- over test Epoch [009] ---------
-------- start train Epoch [010] ---------
Training:Epoch[010/010] Iteration[100/764] Loss: 0.0045 Acc:99.75%
Training:Epoch[010/010] Iteration[200/764] Loss: 0.0063 Acc:99.75%
Training:Epoch[010/010] Iteration[300/764] Loss: 0.0017 Acc:99.83%
Training:Epoch[010/010] Iteration[400/764] Loss: 0.0016 Acc:99.88%
Training:Epoch[010/010] Iteration[500/764] Loss: 0.0012 Acc:99.90%
Training:Epoch[010/010] Iteration[600/764] Loss: 0.0073 Acc:99.85%
Training:Epoch[010/010] Iteration[700/764] Loss: 0.0144 Acc:99.80%
[[ 490    0    0    0    0    0    0    0    0    0    0    0]
 [   0  440    0    0    0    0    0    0    0    1    0    0]
 [   0    0  714    0    0    0    0    0    0    0    0    0]
 [   0    0    0 1565    0    0    0    0    0    0    0    0]
 [   0    0    0    0    2    0    0    0    0    0    0    0]
 [   0    0    0    0    0  962    0    0    0    0    0    0]
 [   0    0    0    0    0    0   35    0    0    3    0    1]
 [   0    0    0    0    0    0    0 1599    1    0    0    0]
 [   0    0    0    0    0    0    0    0 1593    7    0    0]
 [   0    1    0    0    0    0    4    0    5 1589    0    1]
 [   0    0    0    0    0    0    0    0    0    0 1600    0]
 [   0    0    0    0    0    0    1    0    0    0    0 1599]]
-------- over train Epoch [010] ---------
-------- starts test Epoch [010] ---------
TestSet:	 Epoch[010/010] Iteration[1145/1145] Loss: 34.4158 Acc:99.36%
[[ 736    0    0    0    0    0    0    0    0    0    0    0]
 [   0  643    0    0    0    0    0    0    2   16    0    1]
 [   0    0 1070    0    0    0    0    0    0    0    0    0]
 [   0    0    0 2347    0    0    0    0    0    0    0    0]
 [   1    1    0    0    0    0    0    0    0    0    0    2]
 [   0    1    0    0    0 1441    0    0    0    0    0    0]
 [   0    0    0    0    0    0   30    0    1   27    0    0]
 [   0    0    0    0    0    0    0 2397    0    2    0    0]
 [   0    0    0    0    0    0    0    0 2389   10    0    0]
 [   0   12    0    0    0    0    0    0   31 2356    0    0]
 [   0    0    0    0    0    0    0    0    0    0 2399    0]
 [   0    0    0    0    0    1    0    0    1    8    0 2389]]
Family 1 :
-----------------------------
Precison = 0.9986      Recall = 1.0000
F-Score = 0.9993       Acc = 0.9999
Family 2 :
-----------------------------
Precison = 0.9787      Recall = 0.9713
F-Score = 0.9750       Acc = 0.9982
Family 3 :
-----------------------------
Precison = 1.0000      Recall = 1.0000
F-Score = 1.0000       Acc = 1.0000
Family 4 :
-----------------------------
Precison = 1.0000      Recall = 1.0000
F-Score = 1.0000       Acc = 1.0000
Family 5 :
-----------------------------
Precison = nan      Recall = 0.0000
F-Score = nan       Acc = 0.9998
Family 6 :
-----------------------------
Precison = 0.9993      Recall = 0.9993
F-Score = 0.9993       Acc = 0.9999
Family 7 :
-----------------------------
Precison = 1.0000      Recall = 0.5172
F-Score = 0.6818       Acc = 0.9985
Family 8 :
-----------------------------
Precison = 1.0000      Recall = 0.9992
F-Score = 0.9996       Acc = 0.9999
Family 9 :
-----------------------------
Precison = 0.9856      Recall = 0.9958
F-Score = 0.9907       Acc = 0.9975
Family 10 :
-----------------------------
Precison = 0.9740      Recall = 0.9821
F-Score = 0.9780       Acc = 0.9942
Family 11 :
-----------------------------
Precison = 1.0000      Recall = 1.0000
F-Score = 1.0000       Acc = 1.0000
Family 12 :
-----------------------------
Precison = 0.9987      Recall = 0.9958
F-Score = 0.9973       Acc = 0.9993
-------- over test Epoch [010] ---------
