============= TrainDate ===============
<class 'pandas.core.frame.DataFrame'>
Int64Index: 12213 entries, 233 to 7957
Columns: 1682 entries, label to 1680
dtypes: float64(1681), int64(1)
memory usage: 156.8 MB
==================================
============= TestDate ===============
<class 'pandas.core.frame.DataFrame'>
Int64Index: 18314 entries, 5291 to 8
Columns: 1682 entries, label to 1680
dtypes: float64(1681), int64(1)
memory usage: 235.2 MB
==================================
-------- start train Epoch [001] ---------
Training:Epoch[001/010] Iteration[100/764] Loss: 1.8832 Acc:35.75%
Training:Epoch[001/010] Iteration[200/764] Loss: 0.6791 Acc:56.78%
Training:Epoch[001/010] Iteration[300/764] Loss: 0.5015 Acc:65.35%
Training:Epoch[001/010] Iteration[400/764] Loss: 0.3629 Acc:70.75%
Training:Epoch[001/010] Iteration[500/764] Loss: 0.3501 Acc:74.10%
Training:Epoch[001/010] Iteration[600/764] Loss: 0.3123 Acc:76.70%
Training:Epoch[001/010] Iteration[700/764] Loss: 0.2595 Acc:78.58%
[[ 365    0    2    3    0    0    0   19   13   24   34   30]
 [   1  208   12   15    0   12    0    0   49   82    7   55]
 [   0    5  573   14    0    1    0    0   26   52   12   31]
 [   0    0    1 1416    0    0    0    0    0   10    1  137]
 [   0    0    0    0    0    0    0    0    0    0    1    1]
 [   0    0    2   22    0  866    0    0    9   16   11   36]
 [   0    0    0    0    0    0    0    0    2   32    0    5]
 [   2    0    0    0    0    1    0 1519    3   38   34    3]
 [   4    8    8   19    0    1    0    0 1193  283   15   69]
 [   1   25   28   32    0    0    0    1  465  925   21  102]
 [   0    0    7   20    0    0    0    0    0   40 1468   65]
 [  52   21    9  114    0   20    0   34   26  101   32 1191]]
-------- over train Epoch [001] ---------
-------- starts test Epoch [001] ---------
TestSet:	 Epoch[001/010] Iteration[1145/1145] Loss: 260.7534 Acc:91.75%
[[ 696    0    0    0    0    0    0    0    0   15    0   25]
 [   0  558    0    1    0    1    0    0   26   49    0   27]
 [   0    3 1062    0    0    0    0    0    0    2    0    3]
 [   0    0    0 2346    0    0    0    0    0    0    0    1]
 [   0    0    0    0    0    0    0    0    0    0    0    4]
 [   0    0    0    0    0 1441    0    0    0    0    0    1]
 [   0    0    0    0    0    0    0    0    0   40    0   18]
 [   1    3    0    0    0    0    0 2378    0    0    2   15]
 [   0   16    4    0    0    0    0    0 2346   26    0    7]
 [   0   70   11    0    0    2    0    0  926 1327    0   63]
 [   0    0    0    0    0    0    0    0    0    0 2399    0]
 [  24   18    0    0    0    0    0   41   12   47    6 2251]]
Family 1 :
-----------------------------
Precison = 0.9653      Recall = 0.9457
F-Score = 0.9554       Acc = 0.9965
Family 2 :
-----------------------------
Precison = 0.8353      Recall = 0.8429
F-Score = 0.8391       Acc = 0.9883
Family 3 :
-----------------------------
Precison = 0.9861      Recall = 0.9925
F-Score = 0.9893       Acc = 0.9987
Family 4 :
-----------------------------
Precison = 0.9996      Recall = 0.9996
F-Score = 0.9996       Acc = 0.9999
Family 5 :
-----------------------------
Precison = nan      Recall = 0.0000
F-Score = nan       Acc = 0.9998
Family 6 :
-----------------------------
Precison = 0.9979      Recall = 0.9993
F-Score = 0.9986       Acc = 0.9998
Family 7 :
-----------------------------
Precison = nan      Recall = 0.0000
F-Score = nan       Acc = 0.9968
Family 8 :
-----------------------------
Precison = 0.9831      Recall = 0.9912
F-Score = 0.9871       Acc = 0.9966
Family 9 :
-----------------------------
Precison = 0.7088      Recall = 0.9779
F-Score = 0.8219       Acc = 0.9445
Family 10 :
-----------------------------
Precison = 0.8811      Recall = 0.5531
F-Score = 0.6796       Acc = 0.9317
Family 11 :
-----------------------------
Precison = 0.9967      Recall = 1.0000
F-Score = 0.9983       Acc = 0.9996
Family 12 :
-----------------------------
Precison = 0.9321      Recall = 0.9383
F-Score = 0.9352       Acc = 0.9830
-------- over test Epoch [001] ---------
-------- start train Epoch [002] ---------
Training:Epoch[002/010] Iteration[100/764] Loss: 0.2151 Acc:91.69%
Training:Epoch[002/010] Iteration[200/764] Loss: 0.1841 Acc:92.41%
Training:Epoch[002/010] Iteration[300/764] Loss: 0.1396 Acc:93.35%
Training:Epoch[002/010] Iteration[400/764] Loss: 0.1799 Acc:93.45%
Training:Epoch[002/010] Iteration[500/764] Loss: 0.1543 Acc:93.66%
Training:Epoch[002/010] Iteration[600/764] Loss: 0.1328 Acc:93.94%
Training:Epoch[002/010] Iteration[700/764] Loss: 0.1613 Acc:93.99%
[[ 477    0    0    0    0    0    0    1    0    0    0   12]
 [   0  386    1    3    0    0    0    0   14   31    0    6]
 [   0    0  714    0    0    0    0    0    0    0    0    0]
 [   0    0    0 1564    0    0    0    0    0    0    0    1]
 [   0    0    0    0    0    0    0    0    0    0    1    1]
 [   0    0    0    0    0  962    0    0    0    0    0    0]
 [   0    0    0    0    0    0    6    0    0   30    0    3]
 [   1    1    0    0    0    0    0 1592    0    0    1    5]
 [   0    5    1    0    0    0    0    0 1443  149    0    2]
 [   0   25    3    0    0    0    2    0  314 1241    0   15]
 [   0    0    0    0    0    0    0    0    0    0 1600    0]
 [  13    9    0    2    0    6    0   23    4   38    1 1504]]
-------- over train Epoch [002] ---------
-------- starts test Epoch [002] ---------
TestSet:	 Epoch[002/010] Iteration[1145/1145] Loss: 189.4860 Acc:93.97%
[[ 682    0    0    0    0    0    0    0    0    1    0   53]
 [   0  627    0    0    0    1    0    0    7   26    0    1]
 [   0    2 1066    0    0    0    0    0    0    1    0    1]
 [   0    0    0 2347    0    0    0    0    0    0    0    0]
 [   0    0    0    0    0    0    0    0    0    0    0    4]
 [   0    0    0    0    0 1441    0    0    0    0    0    1]
 [   0    0    0    0    0    0   48    0    0    9    0    1]
 [   0    5    0    0    0    0    0 2392    0    0    0    2]
 [   0   12    1    0    0    0    1    0 2370   14    0    1]
 [   0   86    4    0    0    3  148    0  569 1565    0   24]
 [   0    0    0    0    0    0    0    0    0    0 2399    0]
 [   7   36    0    0    0   10    9   44    4   11    6 2272]]
Family 1 :
-----------------------------
Precison = 0.9898      Recall = 0.9266
F-Score = 0.9572       Acc = 0.9967
Family 2 :
-----------------------------
Precison = 0.8164      Recall = 0.9471
F-Score = 0.8769       Acc = 0.9904
Family 3 :
-----------------------------
Precison = 0.9953      Recall = 0.9963
F-Score = 0.9958       Acc = 0.9995
Family 4 :
-----------------------------
Precison = 1.0000      Recall = 1.0000
F-Score = 1.0000       Acc = 1.0000
Family 5 :
-----------------------------
Precison = nan      Recall = 0.0000
F-Score = nan       Acc = 0.9998
Family 6 :
-----------------------------
Precison = 0.9904      Recall = 0.9993
F-Score = 0.9948       Acc = 0.9992
Family 7 :
-----------------------------
Precison = 0.2330      Recall = 0.8276
F-Score = 0.3636       Acc = 0.9908
Family 8 :
-----------------------------
Precison = 0.9819      Recall = 0.9971
F-Score = 0.9895       Acc = 0.9972
Family 9 :
-----------------------------
Precison = 0.8034      Recall = 0.9879
F-Score = 0.8861       Acc = 0.9667
Family 10 :
-----------------------------
Precison = 0.9619      Recall = 0.6524
F-Score = 0.7774       Acc = 0.9511
Family 11 :
-----------------------------
Precison = 0.9975      Recall = 1.0000
F-Score = 0.9988       Acc = 0.9997
Family 12 :
-----------------------------
Precison = 0.9627      Recall = 0.9471
F-Score = 0.9548       Acc = 0.9883
-------- over test Epoch [002] ---------
-------- start train Epoch [003] ---------
Training:Epoch[003/010] Iteration[100/764] Loss: 0.1233 Acc:95.75%
Training:Epoch[003/010] Iteration[200/764] Loss: 0.0985 Acc:96.22%
Training:Epoch[003/010] Iteration[300/764] Loss: 0.1008 Acc:96.38%
Training:Epoch[003/010] Iteration[400/764] Loss: 0.0923 Acc:96.50%
Training:Epoch[003/010] Iteration[500/764] Loss: 0.1082 Acc:96.44%
Training:Epoch[003/010] Iteration[600/764] Loss: 0.0964 Acc:96.44%
Training:Epoch[003/010] Iteration[700/764] Loss: 0.0973 Acc:96.51%
[[ 481    0    0    0    0    0    0    0    0    0    0    9]
 [   0  405    0    0    0    0    0    0    7   24    0    5]
 [   0    0  713    0    0    0    0    0    0    1    0    0]
 [   0    0    0 1565    0    0    0    0    0    0    0    0]
 [   0    1    0    0    0    0    0    0    0    0    0    1]
 [   0    0    0    0    0  962    0    0    0    0    0    0]
 [   0    0    0    0    0    0   18    0    0   18    0    3]
 [   1    1    0    0    0    0    0 1589    1    1    0    7]
 [   0    3    1    0    0    0    0    0 1496   97    0    3]
 [   0   11    2    0    0    1    1    0  163 1414    2    6]
 [   0    0    0    0    0    0    0    0    0    0 1600    0]
 [   8    3    0    1    0    0    2   17    3   17    2 1547]]
-------- over train Epoch [003] ---------
-------- starts test Epoch [003] ---------
TestSet:	 Epoch[003/010] Iteration[1145/1145] Loss: 128.7390 Acc:96.70%
[[ 722    0    0    0    0    0    0    0    0    0    0   14]
 [   0  596    0    0    0    1    0    0    1   57    0    7]
 [   0    0 1067    0    0    0    0    0    0    2    0    1]
 [   0    0    0 2347    0    0    0    0    0    0    0    0]
 [   0    0    0    0    0    0    0    0    0    0    0    4]
 [   0    0    0    0    0 1441    0    0    0    0    0    1]
 [   0    0    0    0    0    0   29    0    0   27    0    2]
 [   3    0    0    0    0    0    0 2363    0    0    0   33]
 [   0    4    2    0    0    0    0    0 2111  276    0    6]
 [   0   19   11    0    0    3    0    0   80 2270    0   16]
 [   0    0    0    0    0    0    0    0    0    0 2399    0]
 [   3    4    0    0    0    5    0    2    0   17    4 2364]]
Family 1 :
-----------------------------
Precison = 0.9918      Recall = 0.9810
F-Score = 0.9863       Acc = 0.9989
Family 2 :
-----------------------------
Precison = 0.9567      Recall = 0.9003
F-Score = 0.9276       Acc = 0.9949
Family 3 :
-----------------------------
Precison = 0.9880      Recall = 0.9972
F-Score = 0.9926       Acc = 0.9991
Family 4 :
-----------------------------
Precison = 1.0000      Recall = 1.0000
F-Score = 1.0000       Acc = 1.0000
Family 5 :
-----------------------------
Precison = nan      Recall = 0.0000
F-Score = nan       Acc = 0.9998
Family 6 :
-----------------------------
Precison = 0.9938      Recall = 0.9993
F-Score = 0.9965       Acc = 0.9995
Family 7 :
-----------------------------
Precison = 1.0000      Recall = 0.5000
F-Score = 0.6667       Acc = 0.9984
Family 8 :
-----------------------------
Precison = 0.9992      Recall = 0.9850
F-Score = 0.9920       Acc = 0.9979
Family 9 :
-----------------------------
Precison = 0.9630      Recall = 0.8799
F-Score = 0.9196       Acc = 0.9799
Family 10 :
-----------------------------
Precison = 0.8569      Recall = 0.9462
F-Score = 0.8994       Acc = 0.9723
Family 11 :
-----------------------------
Precison = 0.9983      Recall = 1.0000
F-Score = 0.9992       Acc = 0.9998
Family 12 :
-----------------------------
Precison = 0.9657      Recall = 0.9854
F-Score = 0.9754       Acc = 0.9935
-------- over test Epoch [003] ---------
-------- start train Epoch [004] ---------
Training:Epoch[004/010] Iteration[100/764] Loss: 0.0824 Acc:96.81%
Training:Epoch[004/010] Iteration[200/764] Loss: 0.0709 Acc:97.25%
Training:Epoch[004/010] Iteration[300/764] Loss: 0.0624 Acc:97.42%
Training:Epoch[004/010] Iteration[400/764] Loss: 0.0628 Acc:97.50%
Training:Epoch[004/010] Iteration[500/764] Loss: 0.0670 Acc:97.58%
Training:Epoch[004/010] Iteration[600/764] Loss: 0.0825 Acc:97.51%
Training:Epoch[004/010] Iteration[700/764] Loss: 0.0618 Acc:97.63%
[[ 485    0    0    0    0    0    0    0    0    1    0    4]
 [   0  412    1    0    0    0    0    0    3   22    0    3]
 [   0    0  713    0    0    0    0    0    0    1    0    0]
 [   0    0    0 1563    0    0    0    0    0    0    0    2]
 [   0    1    0    0    0    0    0    0    0    0    0    1]
 [   0    0    0    0    0  962    0    0    0    0    0    0]
 [   0    0    1    0    0    0   26    0    0   10    0    2]
 [   1    1    0    0    0    0    0 1591    0    1    0    6]
 [   0    4    0    0    0    0    0    0 1537   58    0    1]
 [   0   12    0    0    0    0    1    0  102 1477    1    7]
 [   0    0    0    0    0    0    0    0    0    0 1600    0]
 [   3    3    0    3    0    2    0   16    1   11    0 1561]]
-------- over train Epoch [004] ---------
-------- starts test Epoch [004] ---------
TestSet:	 Epoch[004/010] Iteration[1145/1145] Loss: 79.4790 Acc:97.67%
[[ 734    0    0    0    0    0    0    0    0    0    0    2]
 [   0  647    0    0    0    1    1    0    2   11    0    0]
 [   0    0 1067    0    0    0    1    0    0    1    0    1]
 [   0    0    0 2347    0    0    0    0    0    0    0    0]
 [   0    0    0    0    0    0    0    0    0    0    0    4]
 [   0    0    0    0    0 1441    0    0    0    0    0    1]
 [   0    0    0    0    0    0   58    0    0    0    0    0]
 [   0    0    0    0    0    0    0 2395    0    0    0    4]
 [   0    3    0    0    0    0    1    0 2352   41    0    2]
 [   0   34    4    0    0    2  120    0  112 2116    0   11]
 [   0    0    0    0    0    0    0    0    0    0 2399    0]
 [   9   10    0    0    0    0   10   26    1    9    3 2331]]
Family 1 :
-----------------------------
Precison = 0.9879      Recall = 0.9973
F-Score = 0.9926       Acc = 0.9994
Family 2 :
-----------------------------
Precison = 0.9323      Recall = 0.9773
F-Score = 0.9543       Acc = 0.9966
Family 3 :
-----------------------------
Precison = 0.9963      Recall = 0.9972
F-Score = 0.9967       Acc = 0.9996
Family 4 :
-----------------------------
Precison = 1.0000      Recall = 1.0000
F-Score = 1.0000       Acc = 1.0000
Family 5 :
-----------------------------
Precison = nan      Recall = 0.0000
F-Score = nan       Acc = 0.9998
Family 6 :
-----------------------------
Precison = 0.9979      Recall = 0.9993
F-Score = 0.9986       Acc = 0.9998
Family 7 :
-----------------------------
Precison = 0.3037      Recall = 1.0000
F-Score = 0.4659       Acc = 0.9927
Family 8 :
-----------------------------
Precison = 0.9893      Recall = 0.9983
F-Score = 0.9938       Acc = 0.9984
Family 9 :
-----------------------------
Precison = 0.9534      Recall = 0.9804
F-Score = 0.9667       Acc = 0.9912
Family 10 :
-----------------------------
Precison = 0.9715      Recall = 0.8820
F-Score = 0.9246       Acc = 0.9812
Family 11 :
-----------------------------
Precison = 0.9988      Recall = 1.0000
F-Score = 0.9994       Acc = 0.9998
Family 12 :
-----------------------------
Precison = 0.9894      Recall = 0.9717
F-Score = 0.9804       Acc = 0.9949
-------- over test Epoch [004] ---------
-------- start train Epoch [005] ---------
Training:Epoch[005/010] Iteration[100/764] Loss: 0.0370 Acc:98.44%
Training:Epoch[005/010] Iteration[200/764] Loss: 0.0865 Acc:98.00%
Training:Epoch[005/010] Iteration[300/764] Loss: 0.0400 Acc:98.29%
Training:Epoch[005/010] Iteration[400/764] Loss: 0.0375 Acc:98.36%
Training:Epoch[005/010] Iteration[500/764] Loss: 0.0517 Acc:98.34%
Training:Epoch[005/010] Iteration[600/764] Loss: 0.0314 Acc:98.43%
Training:Epoch[005/010] Iteration[700/764] Loss: 0.0455 Acc:98.41%
[[ 488    0    0    0    0    0    0    0    0    0    0    2]
 [   0  431    0    0    0    0    0    0    3    7    0    0]
 [   0    0  713    0    0    0    0    0    0    0    0    1]
 [   0    0    0 1565    0    0    0    0    0    0    0    0]
 [   0    0    0    0    0    0    0    0    0    0    0    2]
 [   0    0    0    0    0  961    0    0    0    0    0    1]
 [   0    0    0    0    0    0   27    0    0   12    0    0]
 [   0    0    0    0    0    0    0 1595    0    0    0    5]
 [   0    1    0    0    0    0    0    0 1555   43    0    1]
 [   0    7    2    0    0    0    4    0   75 1505    0    7]
 [   0    0    0    0    0    0    0    0    0    0 1600    0]
 [   3    1    0    0    0    1    1   10    0   10    0 1574]]
-------- over train Epoch [005] ---------
-------- starts test Epoch [005] ---------
TestSet:	 Epoch[005/010] Iteration[1145/1145] Loss: 57.7719 Acc:98.33%
[[ 731    0    0    0    0    0    0    0    0    2    0    3]
 [   0  639    0    0    0    1    0    0    3   19    0    0]
 [   0    0 1067    0    0    0    0    0    0    3    0    0]
 [   0    0    0 2347    0    0    0    0    0    0    0    0]
 [   0    0    0    0    0    0    0    0    0    0    0    4]
 [   0    0    0    0    0 1441    0    0    0    0    0    1]
 [   0    0    0    0    0    0   44    0    0   13    0    1]
 [   0    0    0    0    0    0    0 2387    8    2    0    2]
 [   0    9    0    0    0    0    0    0 2356   31    0    3]
 [   0   16    1    0    0    2    1    0  109 2261    0    9]
 [   0    0    0    0    0    0    0    0    0    0 2399    0]
 [  13    4    0    1    0    5    1   21    2   12    4 2336]]
Family 1 :
-----------------------------
Precison = 0.9825      Recall = 0.9932
F-Score = 0.9878       Acc = 0.9990
Family 2 :
-----------------------------
Precison = 0.9566      Recall = 0.9653
F-Score = 0.9609       Acc = 0.9972
Family 3 :
-----------------------------
Precison = 0.9991      Recall = 0.9972
F-Score = 0.9981       Acc = 0.9998
Family 4 :
-----------------------------
Precison = 0.9996      Recall = 1.0000
F-Score = 0.9998       Acc = 0.9999
Family 5 :
-----------------------------
Precison = nan      Recall = 0.0000
F-Score = nan       Acc = 0.9998
Family 6 :
-----------------------------
Precison = 0.9945      Recall = 0.9993
F-Score = 0.9969       Acc = 0.9995
Family 7 :
-----------------------------
Precison = 0.9565      Recall = 0.7586
F-Score = 0.8462       Acc = 0.9991
Family 8 :
-----------------------------
Precison = 0.9913      Recall = 0.9950
F-Score = 0.9931       Acc = 0.9982
Family 9 :
-----------------------------
Precison = 0.9508      Recall = 0.9821
F-Score = 0.9662       Acc = 0.9910
Family 10 :
-----------------------------
Precison = 0.9650      Recall = 0.9425
F-Score = 0.9536       Acc = 0.9880
Family 11 :
-----------------------------
Precison = 0.9983      Recall = 1.0000
F-Score = 0.9992       Acc = 0.9998
Family 12 :
-----------------------------
Precison = 0.9903      Recall = 0.9737
F-Score = 0.9819       Acc = 0.9953
-------- over test Epoch [005] ---------
-------- start train Epoch [006] ---------
Training:Epoch[006/010] Iteration[100/764] Loss: 0.0379 Acc:98.94%
Training:Epoch[006/010] Iteration[200/764] Loss: 0.0363 Acc:98.88%
Training:Epoch[006/010] Iteration[300/764] Loss: 0.0234 Acc:98.96%
Training:Epoch[006/010] Iteration[400/764] Loss: 0.0369 Acc:98.88%
Training:Epoch[006/010] Iteration[500/764] Loss: 0.0428 Acc:98.81%
Training:Epoch[006/010] Iteration[600/764] Loss: 0.0465 Acc:98.72%
Training:Epoch[006/010] Iteration[700/764] Loss: 0.0354 Acc:98.72%
[[ 490    0    0    0    0    0    0    0    0    0    0    0]
 [   0  427    0    0    0    0    0    0    4    9    0    1]
 [   0    0  714    0    0    0    0    0    0    0    0    0]
 [   0    0    0 1563    0    0    0    0    0    0    0    2]
 [   0    0    0    0    1    0    0    0    0    0    0    1]
 [   0    0    0    0    0  961    0    0    0    0    0    1]
 [   0    0    0    0    0    0   32    0    0    7    0    0]
 [   0    0    0    0    0    0    0 1592    1    1    0    6]
 [   0    1    0    0    0    0    0    0 1570   28    0    1]
 [   0    8    0    0    0    0    2    0   50 1537    0    3]
 [   0    0    0    0    0    0    0    0    0    0 1600    0]
 [   1    3    0    1    0    1    0   12    0    4    0 1578]]
-------- over train Epoch [006] ---------
-------- starts test Epoch [006] ---------
TestSet:	 Epoch[006/010] Iteration[1145/1145] Loss: 75.0403 Acc:97.91%
[[ 724    0    0    0    0    0    0    0    0    0    0   12]
 [   0  631    0    0    0    1    0    0   11    8    0   11]
 [   0    0 1065    0    0    0    0    0    0    2    0    3]
 [   0    0    0 2346    0    0    0    0    0    0    0    1]
 [   0    0    0    0    0    0    0    0    0    0    0    4]
 [   0    0    0    0    0 1441    0    0    0    0    0    1]
 [   0    0    0    0    0    0   39    0    0   14    0    5]
 [   0    0    0    0    0    0    0 2388    0    0    0   11]
 [   0    0    0    0    0    0    0    0 2396    2    0    1]
 [   0    8    1    0    0    1    0    0  244 2131    0   14]
 [   0    0    0    0    0    0    0    0    0    0 2399    0]
 [   6    1    0    0    0    0    0    6    7    5    3 2371]]
Family 1 :
-----------------------------
Precison = 0.9918      Recall = 0.9837
F-Score = 0.9877       Acc = 0.9990
Family 2 :
-----------------------------
Precison = 0.9859      Recall = 0.9532
F-Score = 0.9693       Acc = 0.9978
Family 3 :
-----------------------------
Precison = 0.9991      Recall = 0.9953
F-Score = 0.9972       Acc = 0.9997
Family 4 :
-----------------------------
Precison = 1.0000      Recall = 0.9996
F-Score = 0.9998       Acc = 0.9999
Family 5 :
-----------------------------
Precison = nan      Recall = 0.0000
F-Score = nan       Acc = 0.9998
Family 6 :
-----------------------------
Precison = 0.9986      Recall = 0.9993
F-Score = 0.9990       Acc = 0.9998
Family 7 :
-----------------------------
Precison = 1.0000      Recall = 0.6724
F-Score = 0.8041       Acc = 0.9990
Family 8 :
-----------------------------
Precison = 0.9975      Recall = 0.9954
F-Score = 0.9965       Acc = 0.9991
Family 9 :
-----------------------------
Precison = 0.9014      Recall = 0.9987
F-Score = 0.9476       Acc = 0.9855
Family 10 :
-----------------------------
Precison = 0.9857      Recall = 0.8883
F-Score = 0.9344       Acc = 0.9837
Family 11 :
-----------------------------
Precison = 0.9988      Recall = 1.0000
F-Score = 0.9994       Acc = 0.9998
Family 12 :
-----------------------------
Precison = 0.9741      Recall = 0.9883
F-Score = 0.9812       Acc = 0.9950
-------- over test Epoch [006] ---------
-------- start train Epoch [007] ---------
Training:Epoch[007/010] Iteration[100/764] Loss: 0.0222 Acc:99.38%
Training:Epoch[007/010] Iteration[200/764] Loss: 0.0161 Acc:99.47%
Training:Epoch[007/010] Iteration[300/764] Loss: 0.0188 Acc:99.40%
Training:Epoch[007/010] Iteration[400/764] Loss: 0.0606 Acc:99.02%
Training:Epoch[007/010] Iteration[500/764] Loss: 0.0344 Acc:99.00%
Training:Epoch[007/010] Iteration[600/764] Loss: 0.0259 Acc:98.99%
Training:Epoch[007/010] Iteration[700/764] Loss: 0.0402 Acc:98.94%
[[ 488    0    0    0    0    0    0    0    0    0    0    2]
 [   0  430    0    0    0    0    0    0    2    6    0    3]
 [   0    0  714    0    0    0    0    0    0    0    0    0]
 [   0    0    0 1565    0    0    0    0    0    0    0    0]
 [   0    1    0    0    1    0    0    0    0    0    0    0]
 [   0    0    0    0    0  962    0    0    0    0    0    0]
 [   0    0    0    0    0    0   32    0    0    7    0    0]
 [   0    0    0    0    0    0    0 1596    0    0    0    4]
 [   0    1    0    0    0    0    0    0 1566   32    0    1]
 [   0    4    0    0    0    0    1    0   44 1549    0    2]
 [   0    0    0    0    0    0    0    0    0    0 1600    0]
 [   2    0    0    0    0    0    1    8    2    1    2 1584]]
-------- over train Epoch [007] ---------
-------- starts test Epoch [007] ---------
TestSet:	 Epoch[007/010] Iteration[1145/1145] Loss: 53.9345 Acc:98.45%
[[ 709    0    0    0    0    0    0    0    0    2    0   25]
 [   0  613    1    0    0    0    0    0    2   46    0    0]
 [   0    0 1068    0    0    0    0    0    0    2    0    0]
 [   0    0    0 2347    0    0    0    0    0    0    0    0]
 [   0    1    0    0    0    0    0    0    0    0    0    3]
 [   0    1    0    0    0 1440    0    0    0    0    0    1]
 [   0    0    0    0    0    0   43    0    0   14    0    1]
 [   0    0    0    0    0    0    0 2377    1    0    0   21]
 [   0    2    0    0    0    0    0    0 2373   24    0    0]
 [   0    6    1    0    0    0    1    0   95 2290    0    6]
 [   0    0    0    0    0    0    0    0    0    0 2399    0]
 [   1    5    1    3    0    0    1    5    0   12    0 2371]]
Family 1 :
-----------------------------
Precison = 0.9986      Recall = 0.9633
F-Score = 0.9806       Acc = 0.9985
Family 2 :
-----------------------------
Precison = 0.9761      Recall = 0.9260
F-Score = 0.9504       Acc = 0.9965
Family 3 :
-----------------------------
Precison = 0.9972      Recall = 0.9981
F-Score = 0.9977       Acc = 0.9997
Family 4 :
-----------------------------
Precison = 0.9987      Recall = 1.0000
F-Score = 0.9994       Acc = 0.9998
Family 5 :
-----------------------------
Precison = nan      Recall = 0.0000
F-Score = nan       Acc = 0.9998
Family 6 :
-----------------------------
Precison = 1.0000      Recall = 0.9986
F-Score = 0.9993       Acc = 0.9999
Family 7 :
-----------------------------
Precison = 0.9556      Recall = 0.7414
F-Score = 0.8350       Acc = 0.9991
Family 8 :
-----------------------------
Precison = 0.9979      Recall = 0.9908
F-Score = 0.9944       Acc = 0.9985
Family 9 :
-----------------------------
Precison = 0.9603      Recall = 0.9892
F-Score = 0.9745       Acc = 0.9932
Family 10 :
-----------------------------
Precison = 0.9582      Recall = 0.9546
F-Score = 0.9564       Acc = 0.9886
Family 11 :
-----------------------------
Precison = 1.0000      Recall = 1.0000
F-Score = 1.0000       Acc = 1.0000
Family 12 :
-----------------------------
Precison = 0.9765      Recall = 0.9883
F-Score = 0.9824       Acc = 0.9954
-------- over test Epoch [007] ---------
-------- start train Epoch [008] ---------
Training:Epoch[008/010] Iteration[100/764] Loss: 0.0225 Acc:99.38%
Training:Epoch[008/010] Iteration[200/764] Loss: 0.0200 Acc:99.25%
Training:Epoch[008/010] Iteration[300/764] Loss: 0.0117 Acc:99.38%
Training:Epoch[008/010] Iteration[400/764] Loss: 0.0119 Acc:99.42%
Training:Epoch[008/010] Iteration[500/764] Loss: 0.0145 Acc:99.44%
Training:Epoch[008/010] Iteration[600/764] Loss: 0.0328 Acc:99.40%
Training:Epoch[008/010] Iteration[700/764] Loss: 0.0193 Acc:99.38%
[[ 490    0    0    0    0    0    0    0    0    0    0    0]
 [   0  437    0    0    0    0    0    0    1    3    0    0]
 [   0    0  714    0    0    0    0    0    0    0    0    0]
 [   0    0    0 1565    0    0    0    0    0    0    0    0]
 [   0    0    0    0    2    0    0    0    0    0    0    0]
 [   0    0    0    0    0  962    0    0    0    0    0    0]
 [   0    0    0    0    0    0   35    0    0    3    0    1]
 [   0    0    0    0    0    0    0 1597    0    0    0    3]
 [   0    0    0    0    0    0    0    0 1583   17    0    0]
 [   0    3    2    0    0    0    4    0   27 1564    0    0]
 [   0    0    0    0    0    0    0    0    0    0 1600    0]
 [   1    3    0    0    0    0    0    6    0    1    0 1589]]
-------- over train Epoch [008] ---------
-------- starts test Epoch [008] ---------
TestSet:	 Epoch[008/010] Iteration[1145/1145] Loss: 46.0786 Acc:98.85%
[[ 729    0    0    0    0    0    0    0    0    4    0    3]
 [   0  658    0    0    0    1    0    0    0    3    0    0]
 [   0    0 1067    0    0    0    0    0    0    3    0    0]
 [   0    0    0 2347    0    0    0    0    0    0    0    0]
 [   0    0    0    1    0    0    0    0    0    0    0    3]
 [   0    0    0    0    0 1441    0    0    0    0    0    1]
 [   0    0    0    0    0    0   55    0    0    3    0    0]
 [   0    0    0    0    0    0    0 2396    1    0    0    2]
 [   0    7    0    0    0    0    0    0 2361   31    0    0]
 [   0   22    1    0    0    0    3    0   62 2307    0    4]
 [   0    0    0    0    0    0    0    0    0    0 2399    0]
 [   7    8    0    3    0    2   12    4    1   19    0 2343]]
Family 1 :
-----------------------------
Precison = 0.9905      Recall = 0.9905
F-Score = 0.9905       Acc = 0.9992
Family 2 :
-----------------------------
Precison = 0.9468      Recall = 0.9940
F-Score = 0.9698       Acc = 0.9978
Family 3 :
-----------------------------
Precison = 0.9991      Recall = 0.9972
F-Score = 0.9981       Acc = 0.9998
Family 4 :
-----------------------------
Precison = 0.9983      Recall = 1.0000
F-Score = 0.9991       Acc = 0.9998
Family 5 :
-----------------------------
Precison = nan      Recall = 0.0000
F-Score = nan       Acc = 0.9998
Family 6 :
-----------------------------
Precison = 0.9979      Recall = 0.9993
F-Score = 0.9986       Acc = 0.9998
Family 7 :
-----------------------------
Precison = 0.7857      Recall = 0.9483
F-Score = 0.8594       Acc = 0.9990
Family 8 :
-----------------------------
Precison = 0.9983      Recall = 0.9987
F-Score = 0.9985       Acc = 0.9996
Family 9 :
-----------------------------
Precison = 0.9736      Recall = 0.9842
F-Score = 0.9789       Acc = 0.9944
Family 10 :
-----------------------------
Precison = 0.9734      Recall = 0.9617
F-Score = 0.9675       Acc = 0.9915
Family 11 :
-----------------------------
Precison = 1.0000      Recall = 1.0000
F-Score = 1.0000       Acc = 1.0000
Family 12 :
-----------------------------
Precison = 0.9945      Recall = 0.9767
F-Score = 0.9855       Acc = 0.9962
-------- over test Epoch [008] ---------
-------- start train Epoch [009] ---------
Training:Epoch[009/010] Iteration[100/764] Loss: 0.0140 Acc:99.56%
Training:Epoch[009/010] Iteration[200/764] Loss: 0.0114 Acc:99.56%
Training:Epoch[009/010] Iteration[300/764] Loss: 0.0147 Acc:99.52%
Training:Epoch[009/010] Iteration[400/764] Loss: 0.0060 Acc:99.59%
Training:Epoch[009/010] Iteration[500/764] Loss: 0.0127 Acc:99.59%
Training:Epoch[009/010] Iteration[600/764] Loss: 0.0294 Acc:99.50%
Training:Epoch[009/010] Iteration[700/764] Loss: 0.0184 Acc:99.47%
[[ 489    0    0    0    0    0    0    0    0    0    0    1]
 [   0  438    0    0    0    0    0    0    0    2    0    1]
 [   0    0  714    0    0    0    0    0    0    0    0    0]
 [   0    0    0 1565    0    0    0    0    0    0    0    0]
 [   0    0    0    0    2    0    0    0    0    0    0    0]
 [   0    0    0    0    0  961    0    0    0    0    1    0]
 [   0    0    0    0    0    0   37    0    0    2    0    0]
 [   0    0    0    0    0    0    0 1596    0    0    0    4]
 [   0    0    0    0    0    0    0    0 1585   15    0    0]
 [   0    2    0    0    0    0    1    0   26 1571    0    0]
 [   0    0    0    0    0    0    0    0    0    0 1600    0]
 [   1    1    0    0    0    0    0    6    1    1    0 1590]]
-------- over train Epoch [009] ---------
-------- starts test Epoch [009] ---------
TestSet:	 Epoch[009/010] Iteration[1145/1145] Loss: 41.3949 Acc:98.86%
[[ 732    0    0    0    0    0    0    0    0    0    0    4]
 [   0  643    0    0    0    1    0    0    4   13    0    1]
 [   0    0 1066    0    0    0    0    0    1    2    0    1]
 [   0    0    0 2346    0    0    0    0    0    0    0    1]
 [   0    0    0    0    0    0    0    0    0    0    0    4]
 [   0    0    0    0    0 1441    0    0    0    0    0    1]
 [   0    0    0    0    0    0   50    0    0    7    0    1]
 [   0    0    0    0    0    0    0 2390    4    0    0    5]
 [   0    0    0    0    0    0    0    0 2380   19    0    0]
 [   0    9    0    0    0    3    3    0   92 2288    0    4]
 [   0    0    0    0    0    0    0    0    0    0 2399    0]
 [  14    1    0    0    0    0    0    3    2    9    0 2370]]
Family 1 :
-----------------------------
Precison = 0.9812      Recall = 0.9946
F-Score = 0.9879       Acc = 0.9990
Family 2 :
-----------------------------
Precison = 0.9847      Recall = 0.9713
F-Score = 0.9779       Acc = 0.9984
Family 3 :
-----------------------------
Precison = 1.0000      Recall = 0.9963
F-Score = 0.9981       Acc = 0.9998
Family 4 :
-----------------------------
Precison = 1.0000      Recall = 0.9996
F-Score = 0.9998       Acc = 0.9999
Family 5 :
-----------------------------
Precison = nan      Recall = 0.0000
F-Score = nan       Acc = 0.9998
Family 6 :
-----------------------------
Precison = 0.9972      Recall = 0.9993
F-Score = 0.9983       Acc = 0.9997
Family 7 :
-----------------------------
Precison = 0.9434      Recall = 0.8621
F-Score = 0.9009       Acc = 0.9994
Family 8 :
-----------------------------
Precison = 0.9987      Recall = 0.9962
F-Score = 0.9975       Acc = 0.9993
Family 9 :
-----------------------------
Precison = 0.9585      Recall = 0.9921
F-Score = 0.9750       Acc = 0.9933
Family 10 :
-----------------------------
Precison = 0.9786      Recall = 0.9537
F-Score = 0.9660       Acc = 0.9912
Family 11 :
-----------------------------
Precison = 1.0000      Recall = 1.0000
F-Score = 1.0000       Acc = 1.0000
Family 12 :
-----------------------------
Precison = 0.9908      Recall = 0.9879
F-Score = 0.9894       Acc = 0.9972
-------- over test Epoch [009] ---------
-------- start train Epoch [010] ---------
Training:Epoch[010/010] Iteration[100/764] Loss: 0.0070 Acc:99.81%
Training:Epoch[010/010] Iteration[200/764] Loss: 0.0088 Acc:99.78%
Training:Epoch[010/010] Iteration[300/764] Loss: 0.0175 Acc:99.75%
Training:Epoch[010/010] Iteration[400/764] Loss: 0.0083 Acc:99.70%
Training:Epoch[010/010] Iteration[500/764] Loss: 0.0051 Acc:99.74%
Training:Epoch[010/010] Iteration[600/764] Loss: 0.0069 Acc:99.75%
Training:Epoch[010/010] Iteration[700/764] Loss: 0.0087 Acc:99.74%
[[ 490    0    0    0    0    0    0    0    0    0    0    0]
 [   0  441    0    0    0    0    0    0    0    0    0    0]
 [   0    0  714    0    0    0    0    0    0    0    0    0]
 [   0    0    0 1564    0    0    0    0    0    0    0    1]
 [   0    0    0    0    2    0    0    0    0    0    0    0]
 [   0    0    0    0    0  962    0    0    0    0    0    0]
 [   0    0    0    0    0    0   39    0    0    0    0    0]
 [   0    0    0    0    0    0    0 1597    0    0    0    3]
 [   0    0    0    0    0    0    0    0 1590   10    0    0]
 [   0    0    0    0    0    0    0    0   14 1586    0    0]
 [   0    0    0    0    0    0    0    0    0    0 1600    0]
 [   0    1    0    1    0    0    0    2    0    1    0 1595]]
-------- over train Epoch [010] ---------
-------- starts test Epoch [010] ---------
TestSet:	 Epoch[010/010] Iteration[1145/1145] Loss: 42.4223 Acc:98.94%
[[ 733    0    0    0    0    0    0    0    0    0    0    3]
 [   0  656    1    0    0    0    0    0    1    4    0    0]
 [   0    0 1067    0    0    0    0    0    0    2    0    1]
 [   0    0    0 2347    0    0    0    0    0    0    0    0]
 [   0    0    0    2    0    0    0    0    0    0    0    2]
 [   0    0    0    0    0 1440    0    0    0    0    0    2]
 [   0    0    0    0    0    0   57    0    0    1    0    0]
 [   0    0    0    0    0    0    0 2398    0    0    0    1]
 [   0    0    1    0    0    0    0    0 2356   38    0    4]
 [   0    9    2    0    0    1    4    0   61 2311    0   11]
 [   0    0    0    0    0    0    0    0    0    0 2399    0]
 [   6    3    0   17    0    0    1    3    1    9    3 2356]]
Family 1 :
-----------------------------
Precison = 0.9919      Recall = 0.9959
F-Score = 0.9939       Acc = 0.9995
Family 2 :
-----------------------------
Precison = 0.9820      Recall = 0.9909
F-Score = 0.9865       Acc = 0.9990
Family 3 :
-----------------------------
Precison = 0.9963      Recall = 0.9972
F-Score = 0.9967       Acc = 0.9996
Family 4 :
-----------------------------
Precison = 0.9920      Recall = 1.0000
F-Score = 0.9960       Acc = 0.9990
Family 5 :
-----------------------------
Precison = nan      Recall = 0.0000
F-Score = nan       Acc = 0.9998
Family 6 :
-----------------------------
Precison = 0.9993      Recall = 0.9986
F-Score = 0.9990       Acc = 0.9998
Family 7 :
-----------------------------
Precison = 0.9194      Recall = 0.9828
F-Score = 0.9500       Acc = 0.9997
Family 8 :
-----------------------------
Precison = 0.9988      Recall = 0.9996
F-Score = 0.9992       Acc = 0.9998
Family 9 :
-----------------------------
Precison = 0.9740      Recall = 0.9821
F-Score = 0.9780       Acc = 0.9942
Family 10 :
-----------------------------
Precison = 0.9772      Recall = 0.9633
F-Score = 0.9702       Acc = 0.9922
Family 11 :
-----------------------------
Precison = 0.9988      Recall = 1.0000
F-Score = 0.9994       Acc = 0.9998
Family 12 :
-----------------------------
Precison = 0.9899      Recall = 0.9821
F-Score = 0.9860       Acc = 0.9963
-------- over test Epoch [010] ---------
