============= TrainDate ===============
<class 'pandas.core.frame.DataFrame'>
Int64Index: 12213 entries, 752 to 8728
Columns: 2210 entries, label to 2208
dtypes: float64(2209), int64(1)
memory usage: 206.0 MB
==================================
============= TestDate ===============
<class 'pandas.core.frame.DataFrame'>
Int64Index: 18314 entries, 2148 to 17
Columns: 2210 entries, label to 2208
dtypes: float64(2209), int64(1)
memory usage: 308.9 MB
==================================
-------- start train Epoch [001] ---------
Training:Epoch[001/010] Iteration[100/764] Loss: 1.5042 Acc:50.12%
Training:Epoch[001/010] Iteration[200/764] Loss: 0.5535 Acc:65.78%
Training:Epoch[001/010] Iteration[300/764] Loss: 0.3638 Acc:72.88%
Training:Epoch[001/010] Iteration[400/764] Loss: 0.3084 Acc:76.73%
Training:Epoch[001/010] Iteration[500/764] Loss: 0.2618 Acc:79.65%
Training:Epoch[001/010] Iteration[600/764] Loss: 0.2165 Acc:81.74%
Training:Epoch[001/010] Iteration[700/764] Loss: 0.1774 Acc:83.50%
[[ 403    1    1   12    0    1    0   10   24    3    4   31]
 [   0  264   11   11    0   12    0    0   21   74    4   44]
 [   0    6  596   25    0    2    1    0    7   44    6   27]
 [   0    0    0 1509    0    0    2    0    2   15    0   37]
 [   1    0    0    0    0    0    0    0    0    0    0    1]
 [   0    1    3   25    0  897    0    0    0   10   12   14]
 [   0    3    0    3    0    0    3    0    0   23    0    7]
 [   0    0    0   30    0    0    0 1539    5    1   17    8]
 [   0   11   13   46    0    0    0    0 1229  279    5   17]
 [   0   23   17   57    0    1    4    0  393 1042   27   36]
 [   0    0    0   45    0    0    0    1    2    6 1539    7]
 [  47   12   14  104    0    5    0   50    9   65    9 1285]]
-------- over train Epoch [001] ---------
-------- starts test Epoch [001] ---------
TestSet:	 Epoch[001/010] Iteration[1145/1145] Loss: 167.4534 Acc:95.23%
[[ 729    0    0    0    0    0    0    4    0    0    1    2]
 [   0  591    3    0    0    8    0    0   13   46    0    1]
 [   0    1 1067    0    0    0    0    0    1    0    0    1]
 [   0    0    0 2347    0    0    0    0    0    0    0    0]
 [   0    0    0    0    0    0    0    0    0    0    0    4]
 [   0    0    0    0    0 1441    0    0    0    0    0    1]
 [   0    0    0    0    0    0    2    0    0   56    0    0]
 [   0    0    0    0    0    0    0 2394    2    3    0    0]
 [   0    1    4    0    0    0    0    0 2171  222    0    1]
 [   0   11    3    0    0    0    0    0  316 2069    0    0]
 [   0    0    0    0    0    0    0    0    0    0 2399    0]
 [  14   10    6    2    0    1    0   57    4   71    4 2230]]
Family 1 :
-----------------------------
Precison = 0.9812      Recall = 0.9905
F-Score = 0.9858       Acc = 0.9989
Family 2 :
-----------------------------
Precison = 0.9625      Recall = 0.8927
F-Score = 0.9263       Acc = 0.9949
Family 3 :
-----------------------------
Precison = 0.9852      Recall = 0.9972
F-Score = 0.9912       Acc = 0.9990
Family 4 :
-----------------------------
Precison = 0.9991      Recall = 1.0000
F-Score = 0.9996       Acc = 0.9999
Family 5 :
-----------------------------
Precison = nan      Recall = 0.0000
F-Score = nan       Acc = 0.9998
Family 6 :
-----------------------------
Precison = 0.9938      Recall = 0.9993
F-Score = 0.9965       Acc = 0.9995
Family 7 :
-----------------------------
Precison = 1.0000      Recall = 0.0345
F-Score = 0.0667       Acc = 0.9969
Family 8 :
-----------------------------
Precison = 0.9752      Recall = 0.9979
F-Score = 0.9864       Acc = 0.9964
Family 9 :
-----------------------------
Precison = 0.8660      Recall = 0.9050
F-Score = 0.8850       Acc = 0.9692
Family 10 :
-----------------------------
Precison = 0.8387      Recall = 0.8624
F-Score = 0.8504       Acc = 0.9602
Family 11 :
-----------------------------
Precison = 0.9979      Recall = 1.0000
F-Score = 0.9990       Acc = 0.9997
Family 12 :
-----------------------------
Precison = 0.9955      Recall = 0.9296
F-Score = 0.9614       Acc = 0.9902
-------- over test Epoch [001] ---------
-------- start train Epoch [002] ---------
Training:Epoch[002/010] Iteration[100/764] Loss: 0.1322 Acc:95.56%
Training:Epoch[002/010] Iteration[200/764] Loss: 0.1449 Acc:95.19%
Training:Epoch[002/010] Iteration[300/764] Loss: 0.1501 Acc:95.00%
Training:Epoch[002/010] Iteration[400/764] Loss: 0.1199 Acc:95.06%
Training:Epoch[002/010] Iteration[500/764] Loss: 0.1164 Acc:95.29%
Training:Epoch[002/010] Iteration[600/764] Loss: 0.1497 Acc:95.14%
Training:Epoch[002/010] Iteration[700/764] Loss: 0.0942 Acc:95.37%
[[ 478    1    0    0    0    0    0    0    0    0    0   11]
 [   0  408    1    0    0    1    0    1    2   21    0    7]
 [   0    1  712    0    0    0    0    0    0    0    0    1]
 [   0    0    0 1564    0    0    0    0    0    0    0    1]
 [   1    0    0    0    0    0    0    0    0    0    0    1]
 [   0    0    0    0    0  962    0    0    0    0    0    0]
 [   1    0    0    0    0    0   15    0    0   22    0    1]
 [   0    0    0    0    0    0    0 1589    1    2    1    7]
 [   0    3    1    0    0    0    0    0 1442  152    1    1]
 [   0   15    1    2    0    1    1    0  226 1347    0    7]
 [   0    0    0    0    0    0    0    0    0    0 1600    0]
 [  11    6    2    2    0    0    2   17    1   11    5 1543]]
-------- over train Epoch [002] ---------
-------- starts test Epoch [002] ---------
TestSet:	 Epoch[002/010] Iteration[1145/1145] Loss: 112.1028 Acc:96.85%
[[ 731    0    0    0    0    0    0    3    0    0    0    2]
 [   0  640    2    0    0    0    1    0   10    9    0    0]
 [   0    0 1069    0    0    0    0    0    1    0    0    0]
 [   0    0    0 2347    0    0    0    0    0    0    0    0]
 [   0    0    0    1    0    0    0    0    0    0    0    3]
 [   0    0    0    0    0 1441    0    0    0    0    0    1]
 [   1    0    0    0    0    0   36    0    0   19    0    2]
 [   0    0    0    0    0    0    0 2395    0    3    0    1]
 [   0    4    3    0    0    0    0    0 2274  114    1    3]
 [   0   16    7    0    0    0    1    0  289 2077    0    9]
 [   0    0    0    0    0    0    0    0    0    0 2399    0]
 [  16   22    1    0    0    0    0   22    1    6    2 2329]]
Family 1 :
-----------------------------
Precison = 0.9773      Recall = 0.9932
F-Score = 0.9852       Acc = 0.9988
Family 2 :
-----------------------------
Precison = 0.9384      Recall = 0.9668
F-Score = 0.9524       Acc = 0.9965
Family 3 :
-----------------------------
Precison = 0.9880      Recall = 0.9991
F-Score = 0.9935       Acc = 0.9992
Family 4 :
-----------------------------
Precison = 0.9996      Recall = 1.0000
F-Score = 0.9998       Acc = 0.9999
Family 5 :
-----------------------------
Precison = nan      Recall = 0.0000
F-Score = nan       Acc = 0.9998
Family 6 :
-----------------------------
Precison = 1.0000      Recall = 0.9993
F-Score = 0.9997       Acc = 0.9999
Family 7 :
-----------------------------
Precison = 0.9474      Recall = 0.6207
F-Score = 0.7500       Acc = 0.9987
Family 8 :
-----------------------------
Precison = 0.9897      Recall = 0.9983
F-Score = 0.9940       Acc = 0.9984
Family 9 :
-----------------------------
Precison = 0.8831      Recall = 0.9479
F-Score = 0.9144       Acc = 0.9767
Family 10 :
-----------------------------
Precison = 0.9322      Recall = 0.8658
F-Score = 0.8978       Acc = 0.9742
Family 11 :
-----------------------------
Precison = 0.9988      Recall = 1.0000
F-Score = 0.9994       Acc = 0.9998
Family 12 :
-----------------------------
Precison = 0.9911      Recall = 0.9708
F-Score = 0.9808       Acc = 0.9950
-------- over test Epoch [002] ---------
-------- start train Epoch [003] ---------
Training:Epoch[003/010] Iteration[100/764] Loss: 0.1079 Acc:96.06%
Training:Epoch[003/010] Iteration[200/764] Loss: 0.0834 Acc:96.66%
Training:Epoch[003/010] Iteration[300/764] Loss: 0.0871 Acc:96.88%
Training:Epoch[003/010] Iteration[400/764] Loss: 0.0539 Acc:97.20%
Training:Epoch[003/010] Iteration[500/764] Loss: 0.0625 Acc:97.30%
Training:Epoch[003/010] Iteration[600/764] Loss: 0.0731 Acc:97.30%
Training:Epoch[003/010] Iteration[700/764] Loss: 0.0670 Acc:97.31%
[[ 484    0    0    0    0    0    0    1    0    0    0    5]
 [   0  431    0    0    0    0    0    0    1    9    0    0]
 [   0    0  714    0    0    0    0    0    0    0    0    0]
 [   0    0    0 1564    0    0    0    0    0    0    0    1]
 [   1    0    0    0    0    0    0    0    0    0    0    1]
 [   0    0    0    0    0  962    0    0    0    0    0    0]
 [   0    0    0    0    0    0   28    0    0   11    0    0]
 [   0    0    0    0    0    0    0 1592    0    2    0    6]
 [   0    1    1    0    0    0    0    0 1510   88    0    0]
 [   0    9    1    0    0    1    4    0  146 1437    0    2]
 [   0    0    0    0    0    0    0    0    0    0 1600    0]
 [   2    2    0    1    0    0    0   10    0    6    1 1578]]
-------- over train Epoch [003] ---------
-------- starts test Epoch [003] ---------
TestSet:	 Epoch[003/010] Iteration[1145/1145] Loss: 120.2629 Acc:96.40%
[[ 725    0    0    0    0    0    0    0    0    0    0   11]
 [   0  634    4    0    0    0    2    0    7   13    0    2]
 [   0    0 1069    0    0    0    0    0    0    1    0    0]
 [   0    0    0 2347    0    0    0    0    0    0    0    0]
 [   0    0    0    0    0    0    0    0    0    0    0    4]
 [   0    0    0    0    0 1441    0    0    0    0    0    1]
 [   0    0    0    0    0    0   29    0    0   29    0    0]
 [   0    0    0    0    0    0    0 2385    0    3    0   11]
 [   0    8    0    0    0    0    2    0 1979  409    0    1]
 [   0   12    2    0    0    0    0    0  112 2265    0    8]
 [   0    0    0    0    0    0    0    0    0    0 2399    0]
 [   4    1    0    0    0    0    0    1    1   10    1 2381]]
Family 1 :
-----------------------------
Precison = 0.9945      Recall = 0.9851
F-Score = 0.9898       Acc = 0.9992
Family 2 :
-----------------------------
Precison = 0.9679      Recall = 0.9577
F-Score = 0.9628       Acc = 0.9973
Family 3 :
-----------------------------
Precison = 0.9944      Recall = 0.9991
F-Score = 0.9967       Acc = 0.9996
Family 4 :
-----------------------------
Precison = 1.0000      Recall = 1.0000
F-Score = 1.0000       Acc = 1.0000
Family 5 :
-----------------------------
Precison = nan      Recall = 0.0000
F-Score = nan       Acc = 0.9998
Family 6 :
-----------------------------
Precison = 1.0000      Recall = 0.9993
F-Score = 0.9997       Acc = 0.9999
Family 7 :
-----------------------------
Precison = 0.8788      Recall = 0.5000
F-Score = 0.6374       Acc = 0.9982
Family 8 :
-----------------------------
Precison = 0.9996      Recall = 0.9942
F-Score = 0.9969       Acc = 0.9992
Family 9 :
-----------------------------
Precison = 0.9428      Recall = 0.8249
F-Score = 0.8799       Acc = 0.9705
Family 10 :
-----------------------------
Precison = 0.8297      Recall = 0.9441
F-Score = 0.8832       Acc = 0.9673
Family 11 :
-----------------------------
Precison = 0.9996      Recall = 1.0000
F-Score = 0.9998       Acc = 0.9999
Family 12 :
-----------------------------
Precison = 0.9843      Recall = 0.9925
F-Score = 0.9884       Acc = 0.9969
-------- over test Epoch [003] ---------
-------- start train Epoch [004] ---------
Training:Epoch[004/010] Iteration[100/764] Loss: 0.0407 Acc:98.94%
Training:Epoch[004/010] Iteration[200/764] Loss: 0.0554 Acc:98.56%
Training:Epoch[004/010] Iteration[300/764] Loss: 0.0540 Acc:98.46%
Training:Epoch[004/010] Iteration[400/764] Loss: 0.0473 Acc:98.45%
Training:Epoch[004/010] Iteration[500/764] Loss: 0.0591 Acc:98.28%
Training:Epoch[004/010] Iteration[600/764] Loss: 0.0412 Acc:98.35%
Training:Epoch[004/010] Iteration[700/764] Loss: 0.0395 Acc:98.41%
[[ 486    0    0    0    0    0    0    0    0    0    0    4]
 [   0  434    0    1    0    0    0    0    1    5    0    0]
 [   0    0  714    0    0    0    0    0    0    0    0    0]
 [   0    0    0 1564    0    0    0    0    0    0    0    1]
 [   0    0    0    0    0    0    0    0    0    1    0    1]
 [   0    0    0    0    0  962    0    0    0    0    0    0]
 [   0    0    0    0    0    0   28    0    0   11    0    0]
 [   0    0    0    0    0    0    0 1594    0    1    0    5]
 [   0    0    0    0    0    0    0    0 1550   50    0    0]
 [   0    3    1    0    0    0    2    0   83 1509    0    2]
 [   0    0    0    0    0    0    0    0    0    0 1600    0]
 [   2    0    0    1    0    0    0    7    0    1    0 1589]]
-------- over train Epoch [004] ---------
-------- starts test Epoch [004] ---------
TestSet:	 Epoch[004/010] Iteration[1145/1145] Loss: 107.2059 Acc:97.18%
[[ 733    0    0    0    0    0    0    0    0    0    0    3]
 [   0  640    4    0    0    0    0    0   10    3    0    5]
 [   0    0 1070    0    0    0    0    0    0    0    0    0]
 [   0    0    0 2347    0    0    0    0    0    0    0    0]
 [   0    0    0    0    0    0    0    0    0    0    0    4]
 [   0    0    0    0    0 1441    0    0    0    0    0    1]
 [   0    0    0    0    0    0   47    0    0   11    0    0]
 [   0    0    0    0    0    0    0 2396    0    0    0    3]
 [   0    2    4    0    0    0    0    0 2386    6    0    1]
 [   0   22    7    1    0    0   32    0  361 1960    1   15]
 [   0    0    0    0    0    0    0    0    0    0 2399    0]
 [   8    2    0    0    0    0    0    8    2    1    0 2378]]
Family 1 :
-----------------------------
Precison = 0.9892      Recall = 0.9959
F-Score = 0.9926       Acc = 0.9994
Family 2 :
-----------------------------
Precison = 0.9610      Recall = 0.9668
F-Score = 0.9639       Acc = 0.9974
Family 3 :
-----------------------------
Precison = 0.9862      Recall = 1.0000
F-Score = 0.9930       Acc = 0.9992
Family 4 :
-----------------------------
Precison = 0.9996      Recall = 1.0000
F-Score = 0.9998       Acc = 0.9999
Family 5 :
-----------------------------
Precison = nan      Recall = 0.0000
F-Score = nan       Acc = 0.9998
Family 6 :
-----------------------------
Precison = 1.0000      Recall = 0.9993
F-Score = 0.9997       Acc = 0.9999
Family 7 :
-----------------------------
Precison = 0.5949      Recall = 0.8103
F-Score = 0.6861       Acc = 0.9977
Family 8 :
-----------------------------
Precison = 0.9967      Recall = 0.9987
F-Score = 0.9977       Acc = 0.9994
Family 9 :
-----------------------------
Precison = 0.8648      Recall = 0.9946
F-Score = 0.9252       Acc = 0.9789
Family 10 :
-----------------------------
Precison = 0.9894      Recall = 0.8170
F-Score = 0.8950       Acc = 0.9749
Family 11 :
-----------------------------
Precison = 0.9996      Recall = 1.0000
F-Score = 0.9998       Acc = 0.9999
Family 12 :
-----------------------------
Precison = 0.9867      Recall = 0.9912
F-Score = 0.9890       Acc = 0.9971
-------- over test Epoch [004] ---------
-------- start train Epoch [005] ---------
Training:Epoch[005/010] Iteration[100/764] Loss: 0.0415 Acc:98.62%
Training:Epoch[005/010] Iteration[200/764] Loss: 0.0469 Acc:98.62%
Training:Epoch[005/010] Iteration[300/764] Loss: 0.0365 Acc:98.65%
Training:Epoch[005/010] Iteration[400/764] Loss: 0.0400 Acc:98.61%
Training:Epoch[005/010] Iteration[500/764] Loss: 0.0412 Acc:98.58%
Training:Epoch[005/010] Iteration[600/764] Loss: 0.0296 Acc:98.62%
Training:Epoch[005/010] Iteration[700/764] Loss: 0.0411 Acc:98.63%
[[ 489    0    0    0    0    0    0    0    0    0    0    1]
 [   0  433    0    0    0    0    0    0    1    5    0    2]
 [   0    0  714    0    0    0    0    0    0    0    0    0]
 [   0    0    0 1564    0    0    0    0    0    0    0    1]
 [   0    1    0    0    0    0    1    0    0    0    0    0]
 [   0    0    0    0    0  962    0    0    0    0    0    0]
 [   0    0    0    0    0    0   30    0    0    8    0    1]
 [   0    0    0    0    0    0    0 1595    0    0    0    5]
 [   0    0    0    0    0    0    0    0 1549   51    0    0]
 [   0    6    1    0    0    0    4    0   68 1521    0    0]
 [   0    0    0    0    0    0    0    0    0    0 1600    0]
 [   3    1    0    2    0    0    0    8    1    0    0 1585]]
-------- over train Epoch [005] ---------
-------- starts test Epoch [005] ---------
TestSet:	 Epoch[005/010] Iteration[1145/1145] Loss: 80.4158 Acc:97.91%
[[ 728    0    0    0    0    0    0    1    0    0    4    3]
 [   0  645    2    0    0    1    0    0    7    3    0    4]
 [   0    1 1069    0    0    0    0    0    0    0    0    0]
 [   0    0    0 2345    0    0    0    0    0    0    0    2]
 [   0    0    0    0    0    0    0    0    0    0    0    4]
 [   0    0    0    0    0 1441    0    0    0    0    0    1]
 [   0    0    0    0    0    0   49    0    0    9    0    0]
 [   0    0    0    0    0    0    0 2399    0    0    0    0]
 [   0   23   10    0    0    0    0    0 2322   42    1    1]
 [   0   73    9    0    1    0    1    0  100 2204    0   11]
 [   0    0    0    0    0    0    0    0    0    0 2399    0]
 [  18    7    0    0    0    3    0   33    0    4    4 2330]]
Family 1 :
-----------------------------
Precison = 0.9759      Recall = 0.9891
F-Score = 0.9825       Acc = 0.9986
Family 2 :
-----------------------------
Precison = 0.8611      Recall = 0.9743
F-Score = 0.9142       Acc = 0.9934
Family 3 :
-----------------------------
Precison = 0.9807      Recall = 0.9991
F-Score = 0.9898       Acc = 0.9988
Family 4 :
-----------------------------
Precison = 1.0000      Recall = 0.9991
F-Score = 0.9996       Acc = 0.9999
Family 5 :
-----------------------------
Precison = 0.0000      Recall = 0.0000
F-Score = nan       Acc = 0.9997
Family 6 :
-----------------------------
Precison = 0.9972      Recall = 0.9993
F-Score = 0.9983       Acc = 0.9997
Family 7 :
-----------------------------
Precison = 0.9800      Recall = 0.8448
F-Score = 0.9074       Acc = 0.9995
Family 8 :
-----------------------------
Precison = 0.9860      Recall = 1.0000
F-Score = 0.9930       Acc = 0.9981
Family 9 :
-----------------------------
Precison = 0.9559      Recall = 0.9679
F-Score = 0.9619       Acc = 0.9900
Family 10 :
-----------------------------
Precison = 0.9744      Recall = 0.9187
F-Score = 0.9457       Acc = 0.9862
Family 11 :
-----------------------------
Precison = 0.9963      Recall = 1.0000
F-Score = 0.9981       Acc = 0.9995
Family 12 :
-----------------------------
Precison = 0.9890      Recall = 0.9712
F-Score = 0.9800       Acc = 0.9948
-------- over test Epoch [005] ---------
-------- start train Epoch [006] ---------
Training:Epoch[006/010] Iteration[100/764] Loss: 0.0315 Acc:99.00%
Training:Epoch[006/010] Iteration[200/764] Loss: 0.0250 Acc:99.00%
Training:Epoch[006/010] Iteration[300/764] Loss: 0.0265 Acc:99.06%
Training:Epoch[006/010] Iteration[400/764] Loss: 0.0267 Acc:98.97%
Training:Epoch[006/010] Iteration[500/764] Loss: 0.0253 Acc:98.96%
Training:Epoch[006/010] Iteration[600/764] Loss: 0.0308 Acc:98.99%
Training:Epoch[006/010] Iteration[700/764] Loss: 0.0322 Acc:98.96%
[[ 487    0    0    0    0    0    0    0    0    0    0    3]
 [   0  436    0    0    0    0    0    0    1    2    0    2]
 [   0    0  714    0    0    0    0    0    0    0    0    0]
 [   0    0    0 1565    0    0    0    0    0    0    0    0]
 [   0    0    0    0    1    0    0    0    0    0    0    1]
 [   0    0    0    0    0  962    0    0    0    0    0    0]
 [   0    0    0    0    0    0   32    0    1    6    0    0]
 [   0    0    0    0    0    0    0 1592    0    2    0    6]
 [   0    1    0    0    0    0    1    0 1565   33    0    0]
 [   0    6    0    0    0    0    2    0   42 1550    0    0]
 [   0    0    0    0    0    0    0    0    0    0 1600    0]
 [   4    3    0    0    0    0    0    7    0    1    0 1585]]
-------- over train Epoch [006] ---------
-------- starts test Epoch [006] ---------
TestSet:	 Epoch[006/010] Iteration[1145/1145] Loss: 52.8584 Acc:98.65%
[[ 734    0    0    0    0    0    0    0    0    0    0    2]
 [   0  638    0    0    0    0    1    0    9   14    0    0]
 [   0    0 1069    0    0    0    0    0    0    1    0    0]
 [   0    0    0 2347    0    0    0    0    0    0    0    0]
 [   0    0    0    0    0    0    0    0    0    0    0    4]
 [   0    0    0    0    0 1441    0    0    0    0    0    1]
 [   0    0    0    0    0    0   44    0    0   14    0    0]
 [   0    0    0    0    0    0    0 2399    0    0    0    0]
 [   0    2    0    0    0    0    1    0 2332   63    1    0]
 [   0    8    2    0    0    0    0    0   73 2314    0    2]
 [   0    0    0    0    0    0    0    0    0    0 2399    0]
 [  12    5    0    0    0    0    0   24    0    8    1 2349]]
Family 1 :
-----------------------------
Precison = 0.9839      Recall = 0.9973
F-Score = 0.9906       Acc = 0.9992
Family 2 :
-----------------------------
Precison = 0.9770      Recall = 0.9637
F-Score = 0.9703       Acc = 0.9979
Family 3 :
-----------------------------
Precison = 0.9981      Recall = 0.9991
F-Score = 0.9986       Acc = 0.9998
Family 4 :
-----------------------------
Precison = 1.0000      Recall = 1.0000
F-Score = 1.0000       Acc = 1.0000
Family 5 :
-----------------------------
Precison = nan      Recall = 0.0000
F-Score = nan       Acc = 0.9998
Family 6 :
-----------------------------
Precison = 1.0000      Recall = 0.9993
F-Score = 0.9997       Acc = 0.9999
Family 7 :
-----------------------------
Precison = 0.9565      Recall = 0.7586
F-Score = 0.8462       Acc = 0.9991
Family 8 :
-----------------------------
Precison = 0.9901      Recall = 1.0000
F-Score = 0.9950       Acc = 0.9987
Family 9 :
-----------------------------
Precison = 0.9660      Recall = 0.9721
F-Score = 0.9690       Acc = 0.9919
Family 10 :
-----------------------------
Precison = 0.9586      Recall = 0.9646
F-Score = 0.9616       Acc = 0.9899
Family 11 :
-----------------------------
Precison = 0.9992      Recall = 1.0000
F-Score = 0.9996       Acc = 0.9999
Family 12 :
-----------------------------
Precison = 0.9962      Recall = 0.9792
F-Score = 0.9876       Acc = 0.9968
-------- over test Epoch [006] ---------
-------- start train Epoch [007] ---------
Training:Epoch[007/010] Iteration[100/764] Loss: 0.0196 Acc:99.12%
Training:Epoch[007/010] Iteration[200/764] Loss: 0.0214 Acc:99.19%
Training:Epoch[007/010] Iteration[300/764] Loss: 0.0142 Acc:99.29%
Training:Epoch[007/010] Iteration[400/764] Loss: 0.0134 Acc:99.34%
Training:Epoch[007/010] Iteration[500/764] Loss: 0.0218 Acc:99.36%
Training:Epoch[007/010] Iteration[600/764] Loss: 0.0171 Acc:99.38%
Training:Epoch[007/010] Iteration[700/764] Loss: 0.0073 Acc:99.44%
[[ 489    0    0    0    0    0    0    0    0    0    0    1]
 [   0  438    0    0    0    0    0    0    0    3    0    0]
 [   0    0  714    0    0    0    0    0    0    0    0    0]
 [   0    0    0 1565    0    0    0    0    0    0    0    0]
 [   0    0    0    0    2    0    0    0    0    0    0    0]
 [   0    0    0    0    0  962    0    0    0    0    0    0]
 [   0    0    0    0    0    0   35    0    0    4    0    0]
 [   0    0    0    0    0    0    0 1596    0    0    0    4]
 [   0    0    0    0    0    0    0    0 1584   16    0    0]
 [   0    1    0    0    0    0    3    0   29 1566    0    1]
 [   0    0    0    0    0    0    0    0    0    0 1600    0]
 [   1    0    0    1    0    0    0    5    0    0    0 1593]]
-------- over train Epoch [007] ---------
-------- starts test Epoch [007] ---------
TestSet:	 Epoch[007/010] Iteration[1145/1145] Loss: 62.3629 Acc:98.59%
[[ 734    0    0    0    0    0    0    0    0    0    0    2]
 [   0  643    0    0    0    0    1    0    5   13    0    0]
 [   0    2 1066    0    0    0    0    0    0    2    0    0]
 [   0    0    0 2347    0    0    0    0    0    0    0    0]
 [   0    0    0    0    0    0    0    0    0    0    0    4]
 [   0    0    0    0    0 1441    0    0    0    0    0    1]
 [   0    0    0    0    0    0   44    0    0   14    0    0]
 [   0    0    0    0    0    0    0 2398    0    0    0    1]
 [   0    5    0    0    0    0    1    0 2255  137    1    0]
 [   0   13    0    0    0    0    1    0   30 2353    0    2]
 [   0    0    0    0    0    0    0    0    0    0 2399    0]
 [   7    6    0    0    0    1    0    3    1    5    0 2376]]
Family 1 :
-----------------------------
Precison = 0.9906      Recall = 0.9973
F-Score = 0.9939       Acc = 0.9995
Family 2 :
-----------------------------
Precison = 0.9611      Recall = 0.9713
F-Score = 0.9662       Acc = 0.9975
Family 3 :
-----------------------------
Precison = 1.0000      Recall = 0.9963
F-Score = 0.9981       Acc = 0.9998
Family 4 :
-----------------------------
Precison = 1.0000      Recall = 1.0000
F-Score = 1.0000       Acc = 1.0000
Family 5 :
-----------------------------
Precison = nan      Recall = 0.0000
F-Score = nan       Acc = 0.9998
Family 6 :
-----------------------------
Precison = 0.9993      Recall = 0.9993
F-Score = 0.9993       Acc = 0.9999
Family 7 :
-----------------------------
Precison = 0.9362      Recall = 0.7586
F-Score = 0.8381       Acc = 0.9991
Family 8 :
-----------------------------
Precison = 0.9988      Recall = 0.9996
F-Score = 0.9992       Acc = 0.9998
Family 9 :
-----------------------------
Precison = 0.9843      Recall = 0.9400
F-Score = 0.9616       Acc = 0.9902
Family 10 :
-----------------------------
Precison = 0.9323      Recall = 0.9808
F-Score = 0.9559       Acc = 0.9882
Family 11 :
-----------------------------
Precison = 0.9996      Recall = 1.0000
F-Score = 0.9998       Acc = 0.9999
Family 12 :
-----------------------------
Precison = 0.9958      Recall = 0.9904
F-Score = 0.9931       Acc = 0.9982
-------- over test Epoch [007] ---------
-------- start train Epoch [008] ---------
Training:Epoch[008/010] Iteration[100/764] Loss: 0.0125 Acc:99.62%
Training:Epoch[008/010] Iteration[200/764] Loss: 0.0147 Acc:99.56%
Training:Epoch[008/010] Iteration[300/764] Loss: 0.0224 Acc:99.42%
Training:Epoch[008/010] Iteration[400/764] Loss: 0.0157 Acc:99.48%
Training:Epoch[008/010] Iteration[500/764] Loss: 0.0183 Acc:99.48%
Training:Epoch[008/010] Iteration[600/764] Loss: 0.0167 Acc:99.49%
Training:Epoch[008/010] Iteration[700/764] Loss: 0.0217 Acc:99.46%
[[ 489    0    0    0    0    0    0    0    0    0    0    1]
 [   0  439    0    0    0    0    0    0    1    1    0    0]
 [   0    0  714    0    0    0    0    0    0    0    0    0]
 [   0    0    0 1565    0    0    0    0    0    0    0    0]
 [   0    0    0    0    1    0    0    0    0    0    0    1]
 [   0    0    0    0    0  962    0    0    0    0    0    0]
 [   0    0    0    0    0    0   37    0    0    2    0    0]
 [   0    0    0    0    0    0    0 1598    0    0    0    2]
 [   0    0    0    0    0    0    0    0 1576   24    0    0]
 [   0    2    0    0    0    0    1    0   30 1566    1    0]
 [   0    0    0    0    0    0    0    0    0    0 1600    0]
 [   0    0    0    0    0    0    0    4    0    0    0 1596]]
-------- over train Epoch [008] ---------
-------- starts test Epoch [008] ---------
TestSet:	 Epoch[008/010] Iteration[1145/1145] Loss: 61.4492 Acc:98.42%
[[ 736    0    0    0    0    0    0    0    0    0    0    0]
 [   0  642    1    0    0    0    1    0   10    8    0    0]
 [   0    0 1069    0    0    0    0    0    1    0    0    0]
 [   0    0    0 2347    0    0    0    0    0    0    0    0]
 [   0    0    0    0    0    0    0    0    0    0    0    4]
 [   0    0    0    0    0 1441    0    0    0    0    0    1]
 [   0    0    0    0    0    0   50    0    0    8    0    0]
 [   0    0    0    0    0    0    0 2399    0    0    0    0]
 [   0    4    0    0    0    0    0    0 2375   20    0    0]
 [   0   17    0    0    0    0    0    0  143 2239    0    0]
 [   0    0    0    0    0    0    0    0    0    0 2399    0]
 [   9    9    1    0    0    1    0   27   12   13    0 2327]]
Family 1 :
-----------------------------
Precison = 0.9879      Recall = 1.0000
F-Score = 0.9939       Acc = 0.9995
Family 2 :
-----------------------------
Precison = 0.9554      Recall = 0.9698
F-Score = 0.9625       Acc = 0.9973
Family 3 :
-----------------------------
Precison = 0.9981      Recall = 0.9991
F-Score = 0.9986       Acc = 0.9998
Family 4 :
-----------------------------
Precison = 1.0000      Recall = 1.0000
F-Score = 1.0000       Acc = 1.0000
Family 5 :
-----------------------------
Precison = nan      Recall = 0.0000
F-Score = nan       Acc = 0.9998
Family 6 :
-----------------------------
Precison = 0.9993      Recall = 0.9993
F-Score = 0.9993       Acc = 0.9999
Family 7 :
-----------------------------
Precison = 0.9804      Recall = 0.8621
F-Score = 0.9174       Acc = 0.9995
Family 8 :
-----------------------------
Precison = 0.9889      Recall = 1.0000
F-Score = 0.9944       Acc = 0.9985
Family 9 :
-----------------------------
Precison = 0.9347      Recall = 0.9900
F-Score = 0.9615       Acc = 0.9896
Family 10 :
-----------------------------
Precison = 0.9786      Recall = 0.9333
F-Score = 0.9554       Acc = 0.9886
Family 11 :
-----------------------------
Precison = 1.0000      Recall = 1.0000
F-Score = 1.0000       Acc = 1.0000
Family 12 :
-----------------------------
Precison = 0.9979      Recall = 0.9700
F-Score = 0.9837       Acc = 0.9958
-------- over test Epoch [008] ---------
-------- start train Epoch [009] ---------
Training:Epoch[009/010] Iteration[100/764] Loss: 0.0145 Acc:99.38%
Training:Epoch[009/010] Iteration[200/764] Loss: 0.0045 Acc:99.59%
Training:Epoch[009/010] Iteration[300/764] Loss: 0.0059 Acc:99.67%
Training:Epoch[009/010] Iteration[400/764] Loss: 0.0051 Acc:99.70%
Training:Epoch[009/010] Iteration[500/764] Loss: 0.0180 Acc:99.70%
Training:Epoch[009/010] Iteration[600/764] Loss: 0.0034 Acc:99.75%
Training:Epoch[009/010] Iteration[700/764] Loss: 0.0045 Acc:99.78%
[[ 490    0    0    0    0    0    0    0    0    0    0    0]
 [   0  438    0    0    0    0    0    0    1    2    0    0]
 [   0    0  714    0    0    0    0    0    0    0    0    0]
 [   0    0    0 1565    0    0    0    0    0    0    0    0]
 [   0    0    0    0    1    0    0    0    0    0    0    1]
 [   0    0    0    0    0  962    0    0    0    0    0    0]
 [   0    0    0    0    0    0   39    0    0    0    0    0]
 [   0    0    0    0    0    0    0 1598    0    0    0    2]
 [   0    1    0    0    0    0    0    0 1593    6    0    0]
 [   0    1    0    0    0    0    0    0    9 1590    0    0]
 [   0    0    0    0    0    0    0    0    0    0 1600    0]
 [   0    0    0    0    0    0    0    4    0    0    0 1596]]
-------- over train Epoch [009] ---------
-------- starts test Epoch [009] ---------
TestSet:	 Epoch[009/010] Iteration[1145/1145] Loss: 42.6347 Acc:99.16%
[[ 734    0    0    0    0    0    0    0    0    0    0    2]
 [   0  638   10    0    0    0    2    0    5    7    0    0]
 [   0    0 1069    0    0    0    0    0    1    0    0    0]
 [   0    0    0 2347    0    0    0    0    0    0    0    0]
 [   0    0    0    0    1    0    0    0    0    0    0    3]
 [   0    0    0    0    0 1441    0    0    0    0    0    1]
 [   0    0    0    0    0    0   47    0    0   11    0    0]
 [   0    0    0    0    0    0    0 2399    0    0    0    0]
 [   0    2    2    0    0    0    2    0 2375   17    0    1]
 [   0    8    1    0    0    0    0    0   54 2330    0    6]
 [   0    0    0    0    0    0    0    0    0    0 2399    0]
 [   7    1    1    2    0    0    0    1    3    3    1 2380]]
Family 1 :
-----------------------------
Precison = 0.9906      Recall = 0.9973
F-Score = 0.9939       Acc = 0.9995
Family 2 :
-----------------------------
Precison = 0.9831      Recall = 0.9637
F-Score = 0.9733       Acc = 0.9981
Family 3 :
-----------------------------
Precison = 0.9871      Recall = 0.9991
F-Score = 0.9930       Acc = 0.9992
Family 4 :
-----------------------------
Precison = 0.9991      Recall = 1.0000
F-Score = 0.9996       Acc = 0.9999
Family 5 :
-----------------------------
Precison = 1.0000      Recall = 0.2500
F-Score = 0.4000       Acc = 0.9998
Family 6 :
-----------------------------
Precison = 1.0000      Recall = 0.9993
F-Score = 0.9997       Acc = 0.9999
Family 7 :
-----------------------------
Precison = 0.9216      Recall = 0.8103
F-Score = 0.8624       Acc = 0.9992
Family 8 :
-----------------------------
Precison = 0.9996      Recall = 1.0000
F-Score = 0.9998       Acc = 0.9999
Family 9 :
-----------------------------
Precison = 0.9742      Recall = 0.9900
F-Score = 0.9820       Acc = 0.9952
Family 10 :
-----------------------------
Precison = 0.9840      Recall = 0.9712
F-Score = 0.9776       Acc = 0.9942
Family 11 :
-----------------------------
Precison = 0.9996      Recall = 1.0000
F-Score = 0.9998       Acc = 0.9999
Family 12 :
-----------------------------
Precison = 0.9946      Recall = 0.9921
F-Score = 0.9933       Acc = 0.9983
-------- over test Epoch [009] ---------
-------- start train Epoch [010] ---------
Training:Epoch[010/010] Iteration[100/764] Loss: 0.0022 Acc:100.00%
Training:Epoch[010/010] Iteration[200/764] Loss: 0.0090 Acc:99.84%
Training:Epoch[010/010] Iteration[300/764] Loss: 0.0110 Acc:99.79%
Training:Epoch[010/010] Iteration[400/764] Loss: 0.0030 Acc:99.84%
Training:Epoch[010/010] Iteration[500/764] Loss: 0.0014 Acc:99.88%
Training:Epoch[010/010] Iteration[600/764] Loss: 0.0032 Acc:99.89%
Training:Epoch[010/010] Iteration[700/764] Loss: 0.0043 Acc:99.88%
[[ 489    0    0    0    0    0    0    0    0    0    0    1]
 [   0  441    0    0    0    0    0    0    0    0    0    0]
 [   0    0  714    0    0    0    0    0    0    0    0    0]
 [   0    0    0 1565    0    0    0    0    0    0    0    0]
 [   0    0    0    0    2    0    0    0    0    0    0    0]
 [   0    0    0    0    0  962    0    0    0    0    0    0]
 [   0    0    0    0    0    0   39    0    0    0    0    0]
 [   0    0    0    0    0    0    0 1599    0    0    0    1]
 [   0    0    0    0    0    0    0    0 1595    5    0    0]
 [   0    0    0    0    0    0    0    0    5 1595    0    0]
 [   0    0    0    0    0    0    0    0    0    0 1600    0]
 [   1    0    0    0    0    0    0    3    0    0    0 1596]]
-------- over train Epoch [010] ---------
-------- starts test Epoch [010] ---------
TestSet:	 Epoch[010/010] Iteration[1145/1145] Loss: 113.1302 Acc:97.91%
[[ 736    0    0    0    0    0    0    0    0    0    0    0]
 [   0  648    1    0    0    0    1    0    9    2    0    1]
 [   0    0 1069    0    0    0    0    0    1    0    0    0]
 [   0    0    0 2347    0    0    0    0    0    0    0    0]
 [   0    0    0    0    0    0    0    0    0    0    0    4]
 [   0    0    0    0    0 1441    0    0    0    0    0    1]
 [   0    0    0    0    0    0   50    0    0    8    0    0]
 [   0    0    0    0    0    0    0 2399    0    0    0    0]
 [   0    1    1    0    0    0    0    0 2390    6    0    1]
 [   0   25    3    0    1    0    0    0  286 2071    1   12]
 [   0    0    0    0    0    0    0    0    0    0 2399    0]
 [   6    0    1    1    0    0    0    2    4    1    2 2382]]
Family 1 :
-----------------------------
Precison = 0.9919      Recall = 1.0000
F-Score = 0.9959       Acc = 0.9997
Family 2 :
-----------------------------
Precison = 0.9614      Recall = 0.9789
F-Score = 0.9701       Acc = 0.9978
Family 3 :
-----------------------------
Precison = 0.9944      Recall = 0.9991
F-Score = 0.9967       Acc = 0.9996
Family 4 :
-----------------------------
Precison = 0.9996      Recall = 1.0000
F-Score = 0.9998       Acc = 0.9999
Family 5 :
-----------------------------
Precison = 0.0000      Recall = 0.0000
F-Score = nan       Acc = 0.9997
Family 6 :
-----------------------------
Precison = 1.0000      Recall = 0.9993
F-Score = 0.9997       Acc = 0.9999
Family 7 :
-----------------------------
Precison = 0.9804      Recall = 0.8621
F-Score = 0.9174       Acc = 0.9995
Family 8 :
-----------------------------
Precison = 0.9992      Recall = 1.0000
F-Score = 0.9996       Acc = 0.9999
Family 9 :
-----------------------------
Precison = 0.8885      Recall = 0.9962
F-Score = 0.9393       Acc = 0.9831
Family 10 :
-----------------------------
Precison = 0.9919      Recall = 0.8633
F-Score = 0.9231       Acc = 0.9812
Family 11 :
-----------------------------
Precison = 0.9988      Recall = 1.0000
F-Score = 0.9994       Acc = 0.9998
Family 12 :
-----------------------------
Precison = 0.9921      Recall = 0.9929
F-Score = 0.9925       Acc = 0.9980
-------- over test Epoch [010] ---------
