============= TrainDate ===============
<class 'pandas.core.frame.DataFrame'>
Int64Index: 12213 entries, 984 to 9514
Columns: 325 entries, label to 323
dtypes: float64(324), int64(1)
memory usage: 30.4 MB
==================================
============= TestDate ===============
<class 'pandas.core.frame.DataFrame'>
Int64Index: 18314 entries, 5187 to 7
Columns: 325 entries, label to 323
dtypes: float64(324), int64(1)
memory usage: 45.6 MB
==================================
-------- start train Epoch [001] ---------
Training:Epoch[001/010] Iteration[100/764] Loss: 2.2582 Acc:17.00%
Training:Epoch[001/010] Iteration[200/764] Loss: 1.6571 Acc:27.75%
Training:Epoch[001/010] Iteration[300/764] Loss: 1.1939 Acc:37.17%
Training:Epoch[001/010] Iteration[400/764] Loss: 0.8215 Acc:44.89%
Training:Epoch[001/010] Iteration[500/764] Loss: 0.7330 Acc:49.99%
Training:Epoch[001/010] Iteration[600/764] Loss: 0.7018 Acc:53.80%
Training:Epoch[001/010] Iteration[700/764] Loss: 0.5909 Acc:57.19%
[[ 240    0    0   14    0    2    0    0   21   22   73  118]
 [   0   11   71   42    0   37    0    0  127  105    3   45]
 [   4    6  160   48    0   42    0    0  192  173   13   76]
 [  16    0    0 1172    0   15    0    0  135  140   23   64]
 [   0    0    0    0    0    0    0    0    0    0    0    2]
 [   5    1    9  113    0  176    0    0  329  276   14   39]
 [   1    0    0    6    0    4    0    0   22    4    1    1]
 [   1    0    0   19    0    3    0 1441   54    2    2   78]
 [   8    2   54  151    0   94    0    0  793  363   28  107]
 [   9    4   45  136    0   80    0    0  515  663   28  120]
 [   8    0    0   30    0    6    0    0   73   36 1363   84]
 [  55    0   10   67    0   19    0    5   70   86   85 1203]]
-------- over train Epoch [001] ---------
-------- starts test Epoch [001] ---------
TestSet:	 Epoch[001/010] Iteration[1145/1145] Loss: 493.0048 Acc:86.38%
[[ 683    0    0    0    0    0    0    0    0    0    1   52]
 [   0  211  293    1    0   24    0    0   16  113    0    4]
 [   0   59  883    0    0    3    0    0    9  110    0    6]
 [   0    0    0 2347    0    0    0    0    0    0    0    0]
 [   2    0    0    0    0    0    0    0    0    0    0    2]
 [   0    1    0   33    0 1404    0    0    0    4    0    0]
 [   0    0    2    0    0    5    0    0   22   29    0    0]
 [   0    4    3    2    0    2    0 2372    0    0    0   16]
 [   0   18  111   51    0   12    0    0 1951  255    0    1]
 [   0   44  120   10    0   25    0    0  976 1202    0   22]
 [   0    0    0    0    0    0    0    0    0    0 2396    3]
 [  14    1    3    0    0    0    0    0    0    7    3 2371]]
Family 1 :
-----------------------------
Precison = 0.9771      Recall = 0.9280
F-Score = 0.9519       Acc = 0.9962
Family 2 :
-----------------------------
Precison = 0.6243      Recall = 0.3187
F-Score = 0.4220       Acc = 0.9684
Family 3 :
-----------------------------
Precison = 0.6240      Recall = 0.8252
F-Score = 0.7107       Acc = 0.9607
Family 4 :
-----------------------------
Precison = 0.9603      Recall = 1.0000
F-Score = 0.9798       Acc = 0.9947
Family 5 :
-----------------------------
Precison = nan      Recall = 0.0000
F-Score = nan       Acc = 0.9998
Family 6 :
-----------------------------
Precison = 0.9519      Recall = 0.9736
F-Score = 0.9626       Acc = 0.9940
Family 7 :
-----------------------------
Precison = nan      Recall = 0.0000
F-Score = nan       Acc = 0.9968
Family 8 :
-----------------------------
Precison = 1.0000      Recall = 0.9887
F-Score = 0.9943       Acc = 0.9985
Family 9 :
-----------------------------
Precison = 0.6560      Recall = 0.8133
F-Score = 0.7262       Acc = 0.9197
Family 10 :
-----------------------------
Precison = 0.6988      Recall = 0.5010
F-Score = 0.5836       Acc = 0.9064
Family 11 :
-----------------------------
Precison = 0.9983      Recall = 0.9987
F-Score = 0.9985       Acc = 0.9996
Family 12 :
-----------------------------
Precison = 0.9572      Recall = 0.9883
F-Score = 0.9725       Acc = 0.9927
-------- over test Epoch [001] ---------
-------- start train Epoch [002] ---------
Training:Epoch[002/010] Iteration[100/764] Loss: 0.4493 Acc:82.81%
Training:Epoch[002/010] Iteration[200/764] Loss: 0.3166 Acc:84.94%
Training:Epoch[002/010] Iteration[300/764] Loss: 0.3130 Acc:85.77%
Training:Epoch[002/010] Iteration[400/764] Loss: 0.2685 Acc:86.64%
Training:Epoch[002/010] Iteration[500/764] Loss: 0.2740 Acc:87.15%
Training:Epoch[002/010] Iteration[600/764] Loss: 0.2490 Acc:87.66%
Training:Epoch[002/010] Iteration[700/764] Loss: 0.2229 Acc:88.14%
[[ 476    0    0    0    0    0    0    0    0    0    1   13]
 [   0  173  180    1    0   19    0    1   22   40    0    5]
 [   0   65  571    0    0    1    0    0   32   38    0    7]
 [   0    0    0 1562    0    1    0    0    1    1    0    0]
 [   0    0    0    0    0    0    0    0    0    0    0    2]
 [   0    3    0   12    0  938    0    0    4    5    0    0]
 [   0    5    1    0    0    3    0    0    9   21    0    0]
 [   0    5    0    2    0    0    0 1588    0    1    0    4]
 [   0    3   23   18    0    4    0    0 1324  228    0    0]
 [   0   17   42    3    0   11    0    1  492 1029    0    5]
 [   1    0    0    0    0    0    0    0    0    0 1595    4]
 [  25    5    5    0    0    0    0    4    2   11    8 1540]]
-------- over train Epoch [002] ---------
-------- starts test Epoch [002] ---------
TestSet:	 Epoch[002/010] Iteration[1145/1145] Loss: 228.8262 Acc:93.14%
[[ 735    0    0    0    0    0    0    0    0    0    0    1]
 [   0  404  172    0    0   61    0    1    0   12    0   12]
 [   0   27 1028    0    0    0    0    0    2    0    0   13]
 [   0    0    0 2347    0    0    0    0    0    0    0    0]
 [   3    0    0    0    0    0    0    0    0    0    0    1]
 [   0    1    0   18    0 1422    0    0    0    1    0    0]
 [   0    1    0    0    0    1    1    0    1   54    0    0]
 [   0   11    0    0    0    3    0 2374    0    0    0   11]
 [   0    0    5   49    0    0    0    0 2142  203    0    0]
 [   0    9   60    9    0    3    0    0  441 1876    0    1]
 [   1    0    0    0    0    0    0    0    0    0 2396    2]
 [  44    0    2    0    0    0    0    1    1    7   11 2333]]
Family 1 :
-----------------------------
Precison = 0.9387      Recall = 0.9986
F-Score = 0.9677       Acc = 0.9973
Family 2 :
-----------------------------
Precison = 0.8918      Recall = 0.6103
F-Score = 0.7247       Acc = 0.9832
Family 3 :
-----------------------------
Precison = 0.8114      Recall = 0.9607
F-Score = 0.8798       Acc = 0.9847
Family 4 :
-----------------------------
Precison = 0.9686      Recall = 1.0000
F-Score = 0.9841       Acc = 0.9959
Family 5 :
-----------------------------
Precison = nan      Recall = 0.0000
F-Score = nan       Acc = 0.9998
Family 6 :
-----------------------------
Precison = 0.9544      Recall = 0.9861
F-Score = 0.9700       Acc = 0.9952
Family 7 :
-----------------------------
Precison = 1.0000      Recall = 0.0172
F-Score = 0.0339       Acc = 0.9969
Family 8 :
-----------------------------
Precison = 0.9992      Recall = 0.9896
F-Score = 0.9943       Acc = 0.9985
Family 9 :
-----------------------------
Precison = 0.8280      Recall = 0.8929
F-Score = 0.8592       Acc = 0.9617
Family 10 :
-----------------------------
Precison = 0.8713      Recall = 0.7820
F-Score = 0.8243       Acc = 0.9563
Family 11 :
-----------------------------
Precison = 0.9954      Recall = 0.9987
F-Score = 0.9971       Acc = 0.9992
Family 12 :
-----------------------------
Precison = 0.9827      Recall = 0.9725
F-Score = 0.9776       Acc = 0.9942
-------- over test Epoch [002] ---------
-------- start train Epoch [003] ---------
Training:Epoch[003/010] Iteration[100/764] Loss: 0.2041 Acc:92.56%
Training:Epoch[003/010] Iteration[200/764] Loss: 0.1833 Acc:92.59%
Training:Epoch[003/010] Iteration[300/764] Loss: 0.1727 Acc:92.81%
Training:Epoch[003/010] Iteration[400/764] Loss: 0.1775 Acc:92.88%
Training:Epoch[003/010] Iteration[500/764] Loss: 0.1573 Acc:93.09%
Training:Epoch[003/010] Iteration[600/764] Loss: 0.1427 Acc:93.28%
Training:Epoch[003/010] Iteration[700/764] Loss: 0.1587 Acc:93.35%
[[ 483    0    0    0    0    0    0    0    0    0    0    7]
 [   0  308  102    0    0    9    2    0    0   17    0    3]
 [   0   45  655    0    0    0    0    1    3    8    0    2]
 [   0    0    0 1563    0    1    0    0    1    0    0    0]
 [   2    0    0    0    0    0    0    0    0    0    0    0]
 [   0    0    0    5    0  957    0    0    0    0    0    0]
 [   0    9    0    0    0    2    1    0    0   27    0    0]
 [   0    3    2    1    0    1    0 1592    0    0    0    1]
 [   0    0    7   10    0    0    0    0 1413  170    0    0]
 [   0   15    9    0    0    2    1    0  285 1285    0    3]
 [   0    0    0    0    0    0    0    0    0    0 1599    1]
 [   5    0    4    0    0    0    0    1    2    8    4 1576]]
-------- over train Epoch [003] ---------
-------- starts test Epoch [003] ---------
TestSet:	 Epoch[003/010] Iteration[1145/1145] Loss: 138.8237 Acc:95.66%
[[ 734    0    0    0    0    0    0    0    0    0    0    2]
 [   0  471  180    0    0    0    0    0    0   11    0    0]
 [   0    1 1069    0    0    0    0    0    0    0    0    0]
 [   0    0    0 2347    0    0    0    0    0    0    0    0]
 [   2    0    0    0    0    0    0    0    0    0    0    2]
 [   0    9    1    0    0 1432    0    0    0    0    0    0]
 [   0   29    0    0    0    0    0    0    0   29    0    0]
 [   0   10    4    0    0    1    0 2375    0    0    0    9]
 [   0    0    0    2    0    0    0    0 2278  119    0    0]
 [   0    6    0    1    0    0    0    0  354 2037    0    1]
 [   0    0    0    0    0    0    0    0    0    0 2395    4]
 [   6    1    0    0    0    0    0    0    2    6    2 2382]]
Family 1 :
-----------------------------
Precison = 0.9892      Recall = 0.9973
F-Score = 0.9932       Acc = 0.9995
Family 2 :
-----------------------------
Precison = 0.8937      Recall = 0.7115
F-Score = 0.7923       Acc = 0.9865
Family 3 :
-----------------------------
Precison = 0.8525      Recall = 0.9991
F-Score = 0.9200       Acc = 0.9898
Family 4 :
-----------------------------
Precison = 0.9987      Recall = 1.0000
F-Score = 0.9994       Acc = 0.9998
Family 5 :
-----------------------------
Precison = nan      Recall = 0.0000
F-Score = nan       Acc = 0.9998
Family 6 :
-----------------------------
Precison = 0.9993      Recall = 0.9931
F-Score = 0.9962       Acc = 0.9994
Family 7 :
-----------------------------
Precison = nan      Recall = 0.0000
F-Score = nan       Acc = 0.9968
Family 8 :
-----------------------------
Precison = 1.0000      Recall = 0.9900
F-Score = 0.9950       Acc = 0.9987
Family 9 :
-----------------------------
Precison = 0.8648      Recall = 0.9496
F-Score = 0.9052       Acc = 0.9740
Family 10 :
-----------------------------
Precison = 0.9251      Recall = 0.8491
F-Score = 0.8855       Acc = 0.9712
Family 11 :
-----------------------------
Precison = 0.9992      Recall = 0.9983
F-Score = 0.9987       Acc = 0.9997
Family 12 :
-----------------------------
Precison = 0.9925      Recall = 0.9929
F-Score = 0.9927       Acc = 0.9981
-------- over test Epoch [003] ---------
-------- start train Epoch [004] ---------
Training:Epoch[004/010] Iteration[100/764] Loss: 0.1509 Acc:93.62%
Training:Epoch[004/010] Iteration[200/764] Loss: 0.1516 Acc:94.00%
Training:Epoch[004/010] Iteration[300/764] Loss: 0.1259 Acc:94.38%
Training:Epoch[004/010] Iteration[400/764] Loss: 0.1285 Acc:94.64%
Training:Epoch[004/010] Iteration[500/764] Loss: 0.1230 Acc:94.81%
Training:Epoch[004/010] Iteration[600/764] Loss: 0.1088 Acc:95.01%
Training:Epoch[004/010] Iteration[700/764] Loss: 0.1067 Acc:95.10%
[[ 488    0    0    0    0    0    0    0    0    0    0    2]
 [   0  345   68    0    0    7    1    1    0   18    0    1]
 [   0   33  675    0    0    0    0    0    0    5    0    1]
 [   0    0    0 1564    0    0    0    0    1    0    0    0]
 [   2    0    0    0    0    0    0    0    0    0    0    0]
 [   0    4    0    0    0  957    0    0    0    0    0    1]
 [   0    8    0    0    0    3   12    0    0   16    0    0]
 [   0    3    1    0    0    1    0 1594    0    0    0    1]
 [   0    0    3    3    0    0    0    0 1452  142    0    0]
 [   0   14    4    1    0    2    1    0  225 1352    0    1]
 [   0    0    0    0    0    0    0    0    0    0 1598    2]
 [   4    0    0    0    0    1    0    1    3    5    5 1581]]
-------- over train Epoch [004] ---------
-------- starts test Epoch [004] ---------
TestSet:	 Epoch[004/010] Iteration[1145/1145] Loss: 256.9298 Acc:91.36%
[[ 736    0    0    0    0    0    0    0    0    0    0    0]
 [   0  621   13    0    0    3   14    0    0   10    0    1]
 [   0  295  767    0    0    0    0    0    0    0    0    8]
 [   0    0    0 2313    0   34    0    0    0    0    0    0]
 [   2    0    0    0    0    0    0    0    0    0    0    2]
 [   0    2    0    0    0 1440    0    0    0    0    0    0]
 [   0    0    0    0    0    1   57    0    0    0    0    0]
 [   0   10    0    0    0    2    0 2379    0    0    0    8]
 [   0   15   12   14    0    0    1    0 1519  821    0   17]
 [   0   93   18    2    0    0  101    0   54 2111    0   20]
 [   2    0    0    0    0    0    0    0    0    0 2397    0]
 [   6    0    0    0    0    0    0    0    0    2    0 2391]]
Family 1 :
-----------------------------
Precison = 0.9866      Recall = 1.0000
F-Score = 0.9933       Acc = 0.9995
Family 2 :
-----------------------------
Precison = 0.5994      Recall = 0.9381
F-Score = 0.7314       Acc = 0.9751
Family 3 :
-----------------------------
Precison = 0.9469      Recall = 0.7168
F-Score = 0.8160       Acc = 0.9811
Family 4 :
-----------------------------
Precison = 0.9931      Recall = 0.9855
F-Score = 0.9893       Acc = 0.9973
Family 5 :
-----------------------------
Precison = nan      Recall = 0.0000
F-Score = nan       Acc = 0.9998
Family 6 :
-----------------------------
Precison = 0.9730      Recall = 0.9986
F-Score = 0.9856       Acc = 0.9977
Family 7 :
-----------------------------
Precison = 0.3295      Recall = 0.9828
F-Score = 0.4935       Acc = 0.9936
Family 8 :
-----------------------------
Precison = 1.0000      Recall = 0.9917
F-Score = 0.9958       Acc = 0.9989
Family 9 :
-----------------------------
Precison = 0.9657      Recall = 0.6332
F-Score = 0.7649       Acc = 0.9490
Family 10 :
-----------------------------
Precison = 0.7171      Recall = 0.8799
F-Score = 0.7902       Acc = 0.9388
Family 11 :
-----------------------------
Precison = 1.0000      Recall = 0.9992
F-Score = 0.9996       Acc = 0.9999
Family 12 :
-----------------------------
Precison = 0.9771      Recall = 0.9967
F-Score = 0.9868       Acc = 0.9965
-------- over test Epoch [004] ---------
-------- start train Epoch [005] ---------
Training:Epoch[005/010] Iteration[100/764] Loss: 0.0896 Acc:96.50%
Training:Epoch[005/010] Iteration[200/764] Loss: 0.0973 Acc:96.41%
Training:Epoch[005/010] Iteration[300/764] Loss: 0.1202 Acc:96.19%
Training:Epoch[005/010] Iteration[400/764] Loss: 0.1193 Acc:96.16%
Training:Epoch[005/010] Iteration[500/764] Loss: 0.1080 Acc:96.14%
Training:Epoch[005/010] Iteration[600/764] Loss: 0.0940 Acc:96.18%
Training:Epoch[005/010] Iteration[700/764] Loss: 0.0878 Acc:96.29%
[[ 488    0    0    0    0    0    0    0    0    0    0    2]
 [   0  374   48    0    0    4    2    0    0   13    0    0]
 [   0   25  686    0    0    0    0    0    1    2    0    0]
 [   0    0    0 1565    0    0    0    0    0    0    0    0]
 [   1    0    0    0    0    0    0    0    0    0    0    1]
 [   0    3    0    1    0  955    3    0    0    0    0    0]
 [   0    6    0    0    0    6   14    0    0   13    0    0]
 [   0    3    1    0    0    0    0 1595    0    0    0    1]
 [   0    0    0    0    0    0    0    0 1496  104    0    0]
 [   0    7    3    0    0    0    1    0  191 1394    1    3]
 [   0    0    0    0    0    0    0    1    0    0 1599    0]
 [   3    0    0    0    0    2    0    3    1    2    2 1587]]
-------- over train Epoch [005] ---------
-------- starts test Epoch [005] ---------
TestSet:	 Epoch[005/010] Iteration[1145/1145] Loss: 170.6758 Acc:95.04%
[[ 714    0    0    0    0    0    0   10    0    0    0   12]
 [   0  593   56    0    0    0    0    1    0   12    0    0]
 [   0   69  997    0    0    0    0    0    1    3    0    0]
 [   0    0    0 2343    0    0    0    0    1    3    0    0]
 [   3    0    0    0    0    0    0    0    0    0    0    1]
 [   0    9    0   19    0 1403    0    0    0   11    0    0]
 [   0    0    0    0    0    0    2    0    1   55    0    0]
 [   0    5    3    0    0    0    0 2391    0    0    0    0]
 [   0    0    0    0    0    0    0    0 2242  157    0    0]
 [   0    3    0    1    0    0    0    0  274 2121    0    0]
 [   1    0    0    0    0    0    0    2    0    0 2396    0]
 [  21   14   22    3    0    0    0   35    3   96    2 2203]]
Family 1 :
-----------------------------
Precison = 0.9662      Recall = 0.9701
F-Score = 0.9681       Acc = 0.9974
Family 2 :
-----------------------------
Precison = 0.8557      Recall = 0.8958
F-Score = 0.8753       Acc = 0.9908
Family 3 :
-----------------------------
Precison = 0.9249      Recall = 0.9318
F-Score = 0.9283       Acc = 0.9916
Family 4 :
-----------------------------
Precison = 0.9903      Recall = 0.9983
F-Score = 0.9943       Acc = 0.9985
Family 5 :
-----------------------------
Precison = nan      Recall = 0.0000
F-Score = nan       Acc = 0.9998
Family 6 :
-----------------------------
Precison = 1.0000      Recall = 0.9730
F-Score = 0.9863       Acc = 0.9979
Family 7 :
-----------------------------
Precison = 1.0000      Recall = 0.0345
F-Score = 0.0667       Acc = 0.9969
Family 8 :
-----------------------------
Precison = 0.9803      Recall = 0.9967
F-Score = 0.9884       Acc = 0.9969
Family 9 :
-----------------------------
Precison = 0.8890      Recall = 0.9346
F-Score = 0.9112       Acc = 0.9761
Family 10 :
-----------------------------
Precison = 0.8629      Recall = 0.8841
F-Score = 0.8734       Acc = 0.9664
Family 11 :
-----------------------------
Precison = 0.9992      Recall = 0.9987
F-Score = 0.9990       Acc = 0.9997
Family 12 :
-----------------------------
Precison = 0.9941      Recall = 0.9183
F-Score = 0.9547       Acc = 0.9886
-------- over test Epoch [005] ---------
-------- start train Epoch [006] ---------
Training:Epoch[006/010] Iteration[100/764] Loss: 0.1057 Acc:96.00%
Training:Epoch[006/010] Iteration[200/764] Loss: 0.0758 Acc:96.56%
Training:Epoch[006/010] Iteration[300/764] Loss: 0.0870 Acc:96.50%
Training:Epoch[006/010] Iteration[400/764] Loss: 0.0900 Acc:96.45%
Training:Epoch[006/010] Iteration[500/764] Loss: 0.1043 Acc:96.34%
Training:Epoch[006/010] Iteration[600/764] Loss: 0.0936 Acc:96.38%
Training:Epoch[006/010] Iteration[700/764] Loss: 0.1235 Acc:96.20%
[[ 483    0    0    0    0    0    0    1    0    0    0    6]
 [   0  383   43    0    0    1    1    1    0   11    0    1]
 [   0   29  682    0    0    0    0    0    0    2    0    1]
 [   0    0    0 1562    0    1    0    0    1    1    0    0]
 [   1    0    0    0    0    0    0    0    0    0    0    1]
 [   0    0    0    2    0  960    0    0    0    0    0    0]
 [   0    5    0    0    0    3   19    0    0   12    0    0]
 [   0    2    0    1    0    0    0 1595    0    0    0    2]
 [   0    0    3    0    0    0    0    0 1489  108    0    0]
 [   0    8    0    0    0    0    5    0  174 1412    0    1]
 [   0    0    0    0    0    0    0    0    0    0 1599    1]
 [   8    1    3    1    0    0    0    0    1    4    4 1578]]
-------- over train Epoch [006] ---------
-------- starts test Epoch [006] ---------
TestSet:	 Epoch[006/010] Iteration[1145/1145] Loss: 96.8613 Acc:96.79%
[[ 732    0    0    0    0    0    0    0    0    0    0    4]
 [   0  600   50    0    0    0    0    0    0   12    0    0]
 [   0   42 1028    0    0    0    0    0    0    0    0    0]
 [   0    0    0 2347    0    0    0    0    0    0    0    0]
 [   3    0    0    0    0    0    0    0    0    0    0    1]
 [   0   11    0    0    0 1430    0    1    0    0    0    0]
 [   0   40    0    0    0    8    6    0    0    4    0    0]
 [   0    4    1    0    0    0    0 2388    0    0    0    6]
 [   0    0    0    6    0    0    0    0 2317   75    0    1]
 [   0    1    1    2    0    0    1    0  294 2096    0    4]
 [   0    0    0    0    0    0    0    0    0    0 2399    0]
 [   5    2    1    0    0    0    0    2    0    3    2 2384]]
Family 1 :
-----------------------------
Precison = 0.9892      Recall = 0.9946
F-Score = 0.9919       Acc = 0.9993
Family 2 :
-----------------------------
Precison = 0.8571      Recall = 0.9063
F-Score = 0.8811       Acc = 0.9912
Family 3 :
-----------------------------
Precison = 0.9510      Recall = 0.9607
F-Score = 0.9558       Acc = 0.9948
Family 4 :
-----------------------------
Precison = 0.9966      Recall = 1.0000
F-Score = 0.9983       Acc = 0.9996
Family 5 :
-----------------------------
Precison = nan      Recall = 0.0000
F-Score = nan       Acc = 0.9998
Family 6 :
-----------------------------
Precison = 0.9944      Recall = 0.9917
F-Score = 0.9931       Acc = 0.9989
Family 7 :
-----------------------------
Precison = 0.8571      Recall = 0.1034
F-Score = 0.1846       Acc = 0.9971
Family 8 :
-----------------------------
Precison = 0.9987      Recall = 0.9954
F-Score = 0.9971       Acc = 0.9992
Family 9 :
-----------------------------
Precison = 0.8874      Recall = 0.9658
F-Score = 0.9250       Acc = 0.9795
Family 10 :
-----------------------------
Precison = 0.9571      Recall = 0.8737
F-Score = 0.9135       Acc = 0.9783
Family 11 :
-----------------------------
Precison = 0.9992      Recall = 1.0000
F-Score = 0.9996       Acc = 0.9999
Family 12 :
-----------------------------
Precison = 0.9933      Recall = 0.9937
F-Score = 0.9935       Acc = 0.9983
-------- over test Epoch [006] ---------
-------- start train Epoch [007] ---------
Training:Epoch[007/010] Iteration[100/764] Loss: 0.0545 Acc:98.38%
Training:Epoch[007/010] Iteration[200/764] Loss: 0.0763 Acc:97.62%
Training:Epoch[007/010] Iteration[300/764] Loss: 0.0700 Acc:97.56%
Training:Epoch[007/010] Iteration[400/764] Loss: 0.0725 Acc:97.45%
Training:Epoch[007/010] Iteration[500/764] Loss: 0.0880 Acc:97.28%
Training:Epoch[007/010] Iteration[600/764] Loss: 0.0976 Acc:97.25%
Training:Epoch[007/010] Iteration[700/764] Loss: 0.1001 Acc:97.14%
[[ 487    0    0    0    0    0    0    0    0    0    0    3]
 [   0  392   35    0    0    1    1    0    0   12    0    0]
 [   0   22  691    0    0    0    0    0    0    0    0    1]
 [   0    0    0 1565    0    0    0    0    0    0    0    0]
 [   2    0    0    0    0    0    0    0    0    0    0    0]
 [   0    1    0    0    0  959    1    1    0    0    0    0]
 [   0    4    0    0    0    1   28    0    0    6    0    0]
 [   0    0    1    0    0    1    0 1597    0    0    0    1]
 [   0    0    0    3    0    0    0    0 1506   91    0    0]
 [   0    6    0    0    0    0    2    0  140 1448    0    4]
 [   0    0    0    0    0    0    0    0    0    0 1599    1]
 [   6    0    0    0    0    0    0    2    1    4    0 1587]]
-------- over train Epoch [007] ---------
-------- starts test Epoch [007] ---------
TestSet:	 Epoch[007/010] Iteration[1145/1145] Loss: 87.3690 Acc:97.15%
[[ 733    0    0    0    0    0    0    0    0    0    0    3]
 [   0  562   82    0    0    1    0    0    0   17    0    0]
 [   0   16 1053    0    0    0    0    0    0    0    0    1]
 [   0    0    0 2347    0    0    0    0    0    0    0    0]
 [   3    0    0    0    0    0    0    0    0    0    0    1]
 [   0    2    0    4    0 1435    0    0    0    0    0    1]
 [   0    0    0    0    0    0   46    0    0   11    0    1]
 [   0    0    2    0    0    0    0 2393    0    0    0    4]
 [   0    0    0    0    0    0    0    0 2364   35    0    0]
 [   0    4    0    0    0    0    0    0  325 2070    0    0]
 [   0    0    0    0    0    0    0    0    0    0 2399    0]
 [   5    0    0    0    0    0    0    0    2    1    1 2390]]
Family 1 :
-----------------------------
Precison = 0.9892      Recall = 0.9959
F-Score = 0.9926       Acc = 0.9994
Family 2 :
-----------------------------
Precison = 0.9623      Recall = 0.8489
F-Score = 0.9021       Acc = 0.9933
Family 3 :
-----------------------------
Precison = 0.9261      Recall = 0.9841
F-Score = 0.9542       Acc = 0.9945
Family 4 :
-----------------------------
Precison = 0.9983      Recall = 1.0000
F-Score = 0.9991       Acc = 0.9998
Family 5 :
-----------------------------
Precison = nan      Recall = 0.0000
F-Score = nan       Acc = 0.9998
Family 6 :
-----------------------------
Precison = 0.9993      Recall = 0.9951
F-Score = 0.9972       Acc = 0.9996
Family 7 :
-----------------------------
Precison = 1.0000      Recall = 0.7931
F-Score = 0.8846       Acc = 0.9993
Family 8 :
-----------------------------
Precison = 1.0000      Recall = 0.9975
F-Score = 0.9987       Acc = 0.9997
Family 9 :
-----------------------------
Precison = 0.8785      Recall = 0.9854
F-Score = 0.9289       Acc = 0.9802
Family 10 :
-----------------------------
Precison = 0.9700      Recall = 0.8629
F-Score = 0.9133       Acc = 0.9785
Family 11 :
-----------------------------
Precison = 0.9996      Recall = 1.0000
F-Score = 0.9998       Acc = 0.9999
Family 12 :
-----------------------------
Precison = 0.9954      Recall = 0.9962
F-Score = 0.9958       Acc = 0.9989
-------- over test Epoch [007] ---------
-------- start train Epoch [008] ---------
Training:Epoch[008/010] Iteration[100/764] Loss: 0.0751 Acc:97.31%
Training:Epoch[008/010] Iteration[200/764] Loss: 0.0585 Acc:97.38%
Training:Epoch[008/010] Iteration[300/764] Loss: 0.0633 Acc:97.48%
Training:Epoch[008/010] Iteration[400/764] Loss: 0.0663 Acc:97.41%
Training:Epoch[008/010] Iteration[500/764] Loss: 0.0409 Acc:97.61%
Training:Epoch[008/010] Iteration[600/764] Loss: 0.0632 Acc:97.65%
Training:Epoch[008/010] Iteration[700/764] Loss: 0.0576 Acc:97.68%
[[ 490    0    0    0    0    0    0    0    0    0    0    0]
 [   0  401   25    0    0    0    2    0    0   13    0    0]
 [   0   18  696    0    0    0    0    0    0    0    0    0]
 [   0    0    0 1565    0    0    0    0    0    0    0    0]
 [   1    0    0    0    0    0    0    0    0    0    0    1]
 [   0    0    0    0    0  962    0    0    0    0    0    0]
 [   0    3    0    0    0    2   29    0    0    5    0    0]
 [   0    0    0    0    0    0    0 1599    0    0    0    1]
 [   0    0    0    0    0    0    0    0 1522   78    0    0]
 [   0    4    0    0    0    0    3    0  125 1467    0    1]
 [   0    0    0    0    0    0    0    0    0    0 1600    0]
 [   0    1    1    0    0    0    0    0    0    0    0 1598]]
-------- over train Epoch [008] ---------
-------- starts test Epoch [008] ---------
TestSet:	 Epoch[008/010] Iteration[1145/1145] Loss: 89.4663 Acc:97.24%
[[ 733    0    0    0    0    0    0    0    0    0    0    3]
 [   0  643    6    0    0    1    0    0    0   11    0    1]
 [   0  116  953    0    0    0    0    1    0    0    0    0]
 [   0    0    0 2347    0    0    0    0    0    0    0    0]
 [   3    0    0    0    0    0    0    0    0    0    0    1]
 [   0    1    0    2    0 1439    0    0    0    0    0    0]
 [   0    1    0    0    0    1   53    0    0    3    0    0]
 [   0    2    0    0    0    1    0 2394    0    0    0    2]
 [   0    0    0   13    0    0    0    0 2277  109    0    0]
 [   0   11    5    7    0    0    0    1  188 2184    0    3]
 [   0    0    0    0    0    0    0    0    0    0 2399    0]
 [   3    2    0    0    0    0    0    0    2    3    2 2387]]
Family 1 :
-----------------------------
Precison = 0.9919      Recall = 0.9959
F-Score = 0.9939       Acc = 0.9995
Family 2 :
-----------------------------
Precison = 0.8286      Recall = 0.9713
F-Score = 0.8943       Acc = 0.9917
Family 3 :
-----------------------------
Precison = 0.9886      Recall = 0.8907
F-Score = 0.9371       Acc = 0.9930
Family 4 :
-----------------------------
Precison = 0.9907      Recall = 1.0000
F-Score = 0.9953       Acc = 0.9988
Family 5 :
-----------------------------
Precison = nan      Recall = 0.0000
F-Score = nan       Acc = 0.9998
Family 6 :
-----------------------------
Precison = 0.9979      Recall = 0.9979
F-Score = 0.9979       Acc = 0.9997
Family 7 :
-----------------------------
Precison = 1.0000      Recall = 0.9138
F-Score = 0.9550       Acc = 0.9997
Family 8 :
-----------------------------
Precison = 0.9992      Recall = 0.9979
F-Score = 0.9985       Acc = 0.9996
Family 9 :
-----------------------------
Precison = 0.9230      Recall = 0.9491
F-Score = 0.9359       Acc = 0.9830
Family 10 :
-----------------------------
Precison = 0.9455      Recall = 0.9104
F-Score = 0.9276       Acc = 0.9814
Family 11 :
-----------------------------
Precison = 0.9992      Recall = 1.0000
F-Score = 0.9996       Acc = 0.9999
Family 12 :
-----------------------------
Precison = 0.9958      Recall = 0.9950
F-Score = 0.9954       Acc = 0.9988
-------- over test Epoch [008] ---------
-------- start train Epoch [009] ---------
Training:Epoch[009/010] Iteration[100/764] Loss: 0.0345 Acc:98.69%
Training:Epoch[009/010] Iteration[200/764] Loss: 0.0488 Acc:98.47%
Training:Epoch[009/010] Iteration[300/764] Loss: 0.0581 Acc:98.29%
Training:Epoch[009/010] Iteration[400/764] Loss: 0.0508 Acc:98.23%
Training:Epoch[009/010] Iteration[500/764] Loss: 0.0648 Acc:98.16%
Training:Epoch[009/010] Iteration[600/764] Loss: 0.0548 Acc:98.14%
Training:Epoch[009/010] Iteration[700/764] Loss: 0.0732 Acc:98.02%
[[ 489    0    0    0    0    0    0    0    0    0    0    1]
 [   0  411   13    0    0    2    1    0    0   14    0    0]
 [   0   13  701    0    0    0    0    0    0    0    0    0]
 [   0    0    0 1564    0    0    0    0    1    0    0    0]
 [   2    0    0    0    0    0    0    0    0    0    0    0]
 [   0    1    0    0    0  960    1    0    0    0    0    0]
 [   0    3    0    1    0    2   32    0    0    1    0    0]
 [   0    0    0    0    0    1    0 1598    0    0    0    1]
 [   0    0    1    1    0    0    0    0 1536   62    0    0]
 [   0    7    2    1    0    0    0    0  108 1482    0    0]
 [   1    0    0    0    0    0    0    0    0    0 1599    0]
 [   0    0    0    0    0    0    0    1    0    2    1 1596]]
-------- over train Epoch [009] ---------
-------- starts test Epoch [009] ---------
TestSet:	 Epoch[009/010] Iteration[1145/1145] Loss: 68.5718 Acc:97.92%
[[ 733    0    0    0    1    0    0    0    0    0    0    2]
 [   0  611   39    0    0    1    0    0    0   11    0    0]
 [   0   21 1049    0    0    0    0    0    0    0    0    0]
 [   0    0    0 2346    0    0    0    0    1    0    0    0]
 [   2    0    0    0    0    0    0    0    0    0    0    2]
 [   0    3    1    0    0 1436    0    2    0    0    0    0]
 [   0    0    0    0    0    0   57    0    0    1    0    0]
 [   0    2    2    0    0    0    0 2394    0    0    0    1]
 [   0    0    0    0    0    0    0    0 2307   92    0    0]
 [   0   13    1    0    0    0    0    0  170 2213    0    2]
 [   0    0    0    0    0    0    0    0    0    0 2399    0]
 [   4    1    0    0    1    0    1    0    2    1    1 2388]]
Family 1 :
-----------------------------
Precison = 0.9919      Recall = 0.9959
F-Score = 0.9939       Acc = 0.9995
Family 2 :
-----------------------------
Precison = 0.9386      Recall = 0.9230
F-Score = 0.9307       Acc = 0.9950
Family 3 :
-----------------------------
Precison = 0.9606      Recall = 0.9804
F-Score = 0.9704       Acc = 0.9965
Family 4 :
-----------------------------
Precison = 1.0000      Recall = 0.9996
F-Score = 0.9998       Acc = 0.9999
Family 5 :
-----------------------------
Precison = 0.0000      Recall = 0.0000
F-Score = nan       Acc = 0.9997
Family 6 :
-----------------------------
Precison = 0.9993      Recall = 0.9958
F-Score = 0.9976       Acc = 0.9996
Family 7 :
-----------------------------
Precison = 0.9828      Recall = 0.9828
F-Score = 0.9828       Acc = 0.9999
Family 8 :
-----------------------------
Precison = 0.9992      Recall = 0.9979
F-Score = 0.9985       Acc = 0.9996
Family 9 :
-----------------------------
Precison = 0.9302      Recall = 0.9617
F-Score = 0.9457       Acc = 0.9855
Family 10 :
-----------------------------
Precison = 0.9547      Recall = 0.9225
F-Score = 0.9383       Acc = 0.9841
Family 11 :
-----------------------------
Precison = 0.9996      Recall = 1.0000
F-Score = 0.9998       Acc = 0.9999
Family 12 :
-----------------------------
Precison = 0.9971      Recall = 0.9954
F-Score = 0.9962       Acc = 0.9990
-------- over test Epoch [009] ---------
-------- start train Epoch [010] ---------
Training:Epoch[010/010] Iteration[100/764] Loss: 0.0576 Acc:97.50%
Training:Epoch[010/010] Iteration[200/764] Loss: 0.0455 Acc:97.84%
Training:Epoch[010/010] Iteration[300/764] Loss: 0.0647 Acc:97.83%
Training:Epoch[010/010] Iteration[400/764] Loss: 0.0424 Acc:98.03%
Training:Epoch[010/010] Iteration[500/764] Loss: 0.0477 Acc:98.06%
Training:Epoch[010/010] Iteration[600/764] Loss: 0.0665 Acc:98.05%
Training:Epoch[010/010] Iteration[700/764] Loss: 0.0475 Acc:98.04%
[[ 486    0    0    0    1    0    0    0    0    0    1    2]
 [   0  411   18    0    0    0    1    0    0   10    0    1]
 [   0   14  700    0    0    0    0    0    0    0    0    0]
 [   0    0    0 1565    0    0    0    0    0    0    0    0]
 [   2    0    0    0    0    0    0    0    0    0    0    0]
 [   0    0    0    0    0  962    0    0    0    0    0    0]
 [   0    0    0    0    0    1   37    0    0    1    0    0]
 [   0    1    0    0    0    0    0 1599    0    0    0    0]
 [   0    0    0    0    0    0    0    0 1541   59    0    0]
 [   0    7    0    0    0    0    2    0  103 1488    0    0]
 [   0    0    0    0    0    0    0    0    0    0 1599    1]
 [   4    0    2    0    0    0    0    1    0    3    2 1588]]
-------- over train Epoch [010] ---------
-------- starts test Epoch [010] ---------
TestSet:	 Epoch[010/010] Iteration[1145/1145] Loss: 87.6672 Acc:97.22%
[[ 736    0    0    0    0    0    0    0    0    0    0    0]
 [   0  620   29    0    0    0    0    0    0   13    0    0]
 [   0   30 1038    0    0    0    0    1    0    1    0    0]
 [   0    0    0 2346    0    0    0    0    1    0    0    0]
 [   3    0    0    0    0    0    0    0    0    0    0    1]
 [   0    3    0    7    0 1432    0    0    0    0    0    0]
 [   0    2    0    0    0    2   43    0    0   11    0    0]
 [   0    2    0    0    0    1    0 2396    0    0    0    0]
 [   0    0    0    1    0    0    0    0 2384   14    0    0]
 [   0    5    0    2    0    0    0    0  351 2041    0    0]
 [   0    0    0    0    0    0    0    0    0    0 2399    0]
 [   9    1    2    0    0    0    0    5    2    2    8 2370]]
Family 1 :
-----------------------------
Precison = 0.9840      Recall = 1.0000
F-Score = 0.9919       Acc = 0.9993
Family 2 :
-----------------------------
Precison = 0.9351      Recall = 0.9366
F-Score = 0.9358       Acc = 0.9954
Family 3 :
-----------------------------
Precison = 0.9710      Recall = 0.9701
F-Score = 0.9705       Acc = 0.9966
Family 4 :
-----------------------------
Precison = 0.9958      Recall = 0.9996
F-Score = 0.9977       Acc = 0.9994
Family 5 :
-----------------------------
Precison = nan      Recall = 0.0000
F-Score = nan       Acc = 0.9998
Family 6 :
-----------------------------
Precison = 0.9979      Recall = 0.9931
F-Score = 0.9955       Acc = 0.9993
Family 7 :
-----------------------------
Precison = 1.0000      Recall = 0.7414
F-Score = 0.8515       Acc = 0.9992
Family 8 :
-----------------------------
Precison = 0.9975      Recall = 0.9987
F-Score = 0.9981       Acc = 0.9995
Family 9 :
-----------------------------
Precison = 0.8707      Recall = 0.9937
F-Score = 0.9282       Acc = 0.9799
Family 10 :
-----------------------------
Precison = 0.9803      Recall = 0.8508
F-Score = 0.9110       Acc = 0.9782
Family 11 :
-----------------------------
Precison = 0.9967      Recall = 1.0000
F-Score = 0.9983       Acc = 0.9996
Family 12 :
-----------------------------
Precison = 0.9996      Recall = 0.9879
F-Score = 0.9937       Acc = 0.9984
-------- over test Epoch [010] ---------
