============= TrainDate ===============
<class 'pandas.core.frame.DataFrame'>
RangeIndex: 12213 entries, 0 to 12212
Columns: 530 entries, Label to 529
dtypes: float64(529), int32(1)
memory usage: 49.3 MB
==================================
============= TestDate ===============
<class 'pandas.core.frame.DataFrame'>
RangeIndex: 18314 entries, 0 to 18313
Columns: 530 entries, Label to 529
dtypes: float64(529), int32(1)
memory usage: 74.0 MB
==================================
-------- start train Epoch [001] ---------
Training:Epoch[001/010] Iteration[100/764] Loss: 1.8178 Acc:36.00%
Training:Epoch[001/010] Iteration[200/764] Loss: 0.7487 Acc:53.91%
Training:Epoch[001/010] Iteration[300/764] Loss: 0.5438 Acc:61.67%
Training:Epoch[001/010] Iteration[400/764] Loss: 0.4216 Acc:66.94%
Training:Epoch[001/010] Iteration[500/764] Loss: 0.4191 Acc:70.23%
Training:Epoch[001/010] Iteration[600/764] Loss: 0.3347 Acc:73.25%
Training:Epoch[001/010] Iteration[700/764] Loss: 0.2860 Acc:75.71%
[[ 349    0    2    5    0    0    0    0    8    4   18  104]
 [   0  134   58   14    0    3    0    0   84  101   24   23]
 [   0   26  331    9    0    2    0    0  169  114   32   31]
 [   0    0    0 1487    0    3    0    0    0    0   62   13]
 [   0    0    0    0    0    0    0    0    0    0    0    2]
 [   0    0    0   47    0  829    0    0    8    2   59   17]
 [   0    1    2    0    0    0    0    0   20   14    2    0]
 [   1    0    0   21    0    1    0 1513    5    0   49   10]
 [   0    9   64   22    0    7    0    0  997  397   65   39]
 [   0   23   57   18    0    4    0    0  480  922   55   41]
 [   1    0    0   35    0    0    0    0    4    0 1525   35]
 [  45    7    3   39    0    8    0    5   43   35   85 1330]]
-------- over train Epoch [001] ---------
-------- starts test Epoch [001] ---------
TestSet:	 Epoch[001/010] Iteration[1145/1145] Loss: 282.3900 Acc:90.60%
[[ 735    0    0    0    0    0    0    0    0    0    0    1]
 [   0  518    3    0    0    0    0    0   93   47    0    1]
 [   0  183  679    0    0    0    0    0  199    9    0    0]
 [   0    0    0 2347    0    0    0    0    0    0    0    0]
 [   2    0    0    0    0    0    0    0    0    0    0    2]
 [   0    1    0    4    0 1436    0    0    0    0    0    1]
 [   0    0    0    0    0    0    0    0   51    7    0    0]
 [   0    0    5    0    0    3    0 2375   10    1    0    5]
 [   0   39    2    0    0    1    0    0 2350    7    0    0]
 [   0   67    2    0    0    0    0    0  903 1426    0    1]
 [   0    0    0    0    0    0    0    0    0    0 2395    4]
 [  36   10    0    5    0    0    0    9    5    1    1 2332]]
Family 1 :
-----------------------------
Precison = 0.9508      Recall = 0.9986
F-Score = 0.9742       Acc = 0.9979
Family 2 :
-----------------------------
Precison = 0.6333      Recall = 0.7825
F-Score = 0.7000       Acc = 0.9758
Family 3 :
-----------------------------
Precison = 0.9826      Recall = 0.6346
F-Score = 0.7712       Acc = 0.9780
Family 4 :
-----------------------------
Precison = 0.9962      Recall = 1.0000
F-Score = 0.9981       Acc = 0.9995
Family 5 :
-----------------------------
Precison = nan      Recall = 0.0000
F-Score = nan       Acc = 0.9998
Family 6 :
-----------------------------
Precison = 0.9972      Recall = 0.9958
F-Score = 0.9965       Acc = 0.9995
Family 7 :
-----------------------------
Precison = nan      Recall = 0.0000
F-Score = nan       Acc = 0.9968
Family 8 :
-----------------------------
Precison = 0.9962      Recall = 0.9900
F-Score = 0.9931       Acc = 0.9982
Family 9 :
-----------------------------
Precison = 0.6508      Recall = 0.9796
F-Score = 0.7820       Acc = 0.9285
Family 10 :
-----------------------------
Precison = 0.9519      Recall = 0.5944
F-Score = 0.7318       Acc = 0.9429
Family 11 :
-----------------------------
Precison = 0.9996      Recall = 0.9983
F-Score = 0.9990       Acc = 0.9997
Family 12 :
-----------------------------
Precison = 0.9936      Recall = 0.9721
F-Score = 0.9827       Acc = 0.9955
-------- over test Epoch [001] ---------
-------- start train Epoch [002] ---------
Training:Epoch[002/010] Iteration[100/764] Loss: 0.2546 Acc:91.88%
Training:Epoch[002/010] Iteration[200/764] Loss: 0.1946 Acc:92.72%
Training:Epoch[002/010] Iteration[300/764] Loss: 0.1446 Acc:93.71%
Training:Epoch[002/010] Iteration[400/764] Loss: 0.1895 Acc:93.72%
Training:Epoch[002/010] Iteration[500/764] Loss: 0.1649 Acc:93.91%
Training:Epoch[002/010] Iteration[600/764] Loss: 0.1204 Acc:94.30%
Training:Epoch[002/010] Iteration[700/764] Loss: 0.1202 Acc:94.52%
[[ 480    0    0    0    0    0    0    0    0    0    0   10]
 [   0  368   22    0    0    0    0    0   13   36    0    2]
 [   0   14  682    0    0    0    0    0    7   11    0    0]
 [   0    0    0 1563    0    1    0    0    0    0    0    1]
 [   0    0    0    0    0    0    0    0    0    0    0    2]
 [   0    0    0    4    0  956    0    0    0    2    0    0]
 [   0    9    0    0    0    0    1    0   13   15    0    1]
 [   0    0    3    2    0    1    0 1588    2    1    0    3]
 [   0   10   21    0    0    1    0    0 1417  146    0    5]
 [   0   31   24    0    0    1    0    0  202 1339    0    3]
 [   0    0    0    0    0    0    0    0    0    0 1599    1]
 [  16    4    0    0    0    1    0    2    3    2    0 1572]]
-------- over train Epoch [002] ---------
-------- starts test Epoch [002] ---------
TestSet:	 Epoch[002/010] Iteration[1145/1145] Loss: 114.8382 Acc:96.61%
[[ 728    0    0    0    0    0    0    0    0    0    0    8]
 [   0  486    0    0    0    0    0    0    6  168    0    2]
 [   0    8 1044    0    0    0    0    1    0   17    0    0]
 [   0    0    0 2347    0    0    0    0    0    0    0    0]
 [   1    0    0    0    0    0    0    0    0    0    0    3]
 [   0    1    0    1    0 1440    0    0    0    0    0    0]
 [   0    1    0    0    0    0    0    0   15   42    0    0]
 [   0    3    7    0    0    3    0 2382    0    4    0    0]
 [   0   16    5    0    0    1    0    0 2321   56    0    0]
 [   0   27    4    0    0    0    0    1  193 2174    0    0]
 [   0    0    0    0    0    0    0    0    0    0 2399    0]
 [   0    2    0    0    0    0    0   11    6    7    0 2373]]
Family 1 :
-----------------------------
Precison = 0.9986      Recall = 0.9891
F-Score = 0.9939       Acc = 0.9995
Family 2 :
-----------------------------
Precison = 0.8934      Recall = 0.7341
F-Score = 0.8060       Acc = 0.9872
Family 3 :
-----------------------------
Precison = 0.9849      Recall = 0.9757
F-Score = 0.9803       Acc = 0.9977
Family 4 :
-----------------------------
Precison = 0.9996      Recall = 1.0000
F-Score = 0.9998       Acc = 0.9999
Family 5 :
-----------------------------
Precison = nan      Recall = 0.0000
F-Score = nan       Acc = 0.9998
Family 6 :
-----------------------------
Precison = 0.9972      Recall = 0.9986
F-Score = 0.9979       Acc = 0.9997
Family 7 :
-----------------------------
Precison = nan      Recall = 0.0000
F-Score = nan       Acc = 0.9968
Family 8 :
-----------------------------
Precison = 0.9946      Recall = 0.9929
F-Score = 0.9937       Acc = 0.9984
Family 9 :
-----------------------------
Precison = 0.9134      Recall = 0.9675
F-Score = 0.9397       Acc = 0.9837
Family 10 :
-----------------------------
Precison = 0.8809      Recall = 0.9062
F-Score = 0.8934       Acc = 0.9717
Family 11 :
-----------------------------
Precison = 1.0000      Recall = 1.0000
F-Score = 1.0000       Acc = 1.0000
Family 12 :
-----------------------------
Precison = 0.9946      Recall = 0.9892
F-Score = 0.9918       Acc = 0.9979
-------- over test Epoch [002] ---------
-------- start train Epoch [003] ---------
Training:Epoch[003/010] Iteration[100/764] Loss: 0.0888 Acc:97.12%
Training:Epoch[003/010] Iteration[200/764] Loss: 0.1032 Acc:96.66%
Training:Epoch[003/010] Iteration[300/764] Loss: 0.1014 Acc:96.77%
Training:Epoch[003/010] Iteration[400/764] Loss: 0.0770 Acc:96.97%
Training:Epoch[003/010] Iteration[500/764] Loss: 0.0750 Acc:97.11%
Training:Epoch[003/010] Iteration[600/764] Loss: 0.0736 Acc:97.23%
Training:Epoch[003/010] Iteration[700/764] Loss: 0.0638 Acc:97.30%
[[ 489    0    0    0    0    0    0    0    0    0    0    1]
 [   0  393    4    0    0    0    1    0    2   37    0    4]
 [   0    3  708    0    0    0    0    0    3    0    0    0]
 [   0    0    0 1565    0    0    0    0    0    0    0    0]
 [   0    0    0    0    0    0    0    0    0    0    0    2]
 [   0    0    0    2    0  959    0    0    1    0    0    0]
 [   0    6    0    0    0    0   11    0    3   17    0    2]
 [   0    1    0    1    0    1    0 1591    2    2    0    2]
 [   0   12    4    0    0    1    0    1 1521   58    0    3]
 [   0   34   14    0    0    0    0    0   89 1462    0    1]
 [   0    0    0    0    0    0    0    0    0    0 1599    1]
 [   5    4    0    0    0    0    0    1    3    4    0 1583]]
-------- over train Epoch [003] ---------
-------- starts test Epoch [003] ---------
TestSet:	 Epoch[003/010] Iteration[1145/1145] Loss: 94.0164 Acc:97.36%
[[ 713    0    0    0    0    0    0    0    0    0    0   23]
 [   0  658    0    0    0    0    0    0    0    3    0    1]
 [   0    1 1068    0    0    0    0    0    0    1    0    0]
 [   0    0    0 2343    0    0    0    1    0    0    0    3]
 [   0    0    0    0    0    0    0    0    0    0    0    4]
 [   0    0    0    0    0 1439    0    0    0    0    0    3]
 [   0   28    0    0    0    0   13    0    0   13    0    4]
 [   0    1    2    0    0    2    0 2385    0    0    0    9]
 [   0   33   12    0    0    3    0    6 2281   45    0   19]
 [   0  133    4    0    0    0    2    2  119 2135    0    4]
 [   0    0    0    0    0    0    0    0    0    0 2398    1]
 [   0    0    0    0    0    0    0    1    0    0    0 2398]]
Family 1 :
-----------------------------
Precison = 1.0000      Recall = 0.9688
F-Score = 0.9841       Acc = 0.9987
Family 2 :
-----------------------------
Precison = 0.7705      Recall = 0.9940
F-Score = 0.8681       Acc = 0.9891
Family 3 :
-----------------------------
Precison = 0.9834      Recall = 0.9981
F-Score = 0.9907       Acc = 0.9989
Family 4 :
-----------------------------
Precison = 1.0000      Recall = 0.9983
F-Score = 0.9991       Acc = 0.9998
Family 5 :
-----------------------------
Precison = nan      Recall = 0.0000
F-Score = nan       Acc = 0.9998
Family 6 :
-----------------------------
Precison = 0.9965      Recall = 0.9979
F-Score = 0.9972       Acc = 0.9996
Family 7 :
-----------------------------
Precison = 0.8667      Recall = 0.2241
F-Score = 0.3562       Acc = 0.9974
Family 8 :
-----------------------------
Precison = 0.9958      Recall = 0.9942
F-Score = 0.9950       Acc = 0.9987
Family 9 :
-----------------------------
Precison = 0.9504      Recall = 0.9508
F-Score = 0.9506       Acc = 0.9871
Family 10 :
-----------------------------
Precison = 0.9718      Recall = 0.8900
F-Score = 0.9291       Acc = 0.9822
Family 11 :
-----------------------------
Precison = 1.0000      Recall = 0.9996
F-Score = 0.9998       Acc = 0.9999
Family 12 :
-----------------------------
Precison = 0.9712      Recall = 0.9996
F-Score = 0.9852       Acc = 0.9961
-------- over test Epoch [003] ---------
-------- start train Epoch [004] ---------
Training:Epoch[004/010] Iteration[100/764] Loss: 0.0467 Acc:98.31%
Training:Epoch[004/010] Iteration[200/764] Loss: 0.0502 Acc:98.47%
Training:Epoch[004/010] Iteration[300/764] Loss: 0.0653 Acc:98.38%
Training:Epoch[004/010] Iteration[400/764] Loss: 0.0644 Acc:98.28%
Training:Epoch[004/010] Iteration[500/764] Loss: 0.0394 Acc:98.42%
Training:Epoch[004/010] Iteration[600/764] Loss: 0.1109 Acc:98.18%
Training:Epoch[004/010] Iteration[700/764] Loss: 0.0578 Acc:98.13%
[[ 488    0    0    0    0    0    0    0    0    0    0    2]
 [   0  419    1    0    0    0    0    0    4   17    0    0]
 [   0    0  709    0    0    0    0    0    3    2    0    0]
 [   0    0    0 1564    0    0    0    1    0    0    0    0]
 [   1    0    0    1    0    0    0    0    0    0    0    0]
 [   0    0    0    1    0  960    0    1    0    0    0    0]
 [   0    5    0    0    0    0   20    0    1   12    0    1]
 [   0    0    3    2    0    1    0 1592    0    1    0    1]
 [   0    5    4    0    0    0    0    0 1545   45    1    0]
 [   0   25    4    0    0    1    1    0   73 1496    0    0]
 [   0    0    0    0    0    0    0    0    0    0 1600    0]
 [   4    0    0    0    0    0    0    0    1    2    0 1593]]
-------- over train Epoch [004] ---------
-------- starts test Epoch [004] ---------
TestSet:	 Epoch[004/010] Iteration[1145/1145] Loss: 56.7845 Acc:98.33%
[[ 736    0    0    0    0    0    0    0    0    0    0    0]
 [   0  613    0    0    0    0   25    0    1   23    0    0]
 [   0    0 1068    0    0    0    0    0    0    2    0    0]
 [   0    0    0 2347    0    0    0    0    0    0    0    0]
 [   2    0    0    0    0    0    0    0    0    0    0    2]
 [   0    1    0    0    0 1441    0    0    0    0    0    0]
 [   0    0    0    0    0    0   44    0    0   14    0    0]
 [   0    0    0    0    0    3    2 2393    0    1    0    0]
 [   0    3    1    0    0    0    0    0 2299   96    0    0]
 [   0   37    3    0    0    0    3    0   75 2281    0    0]
 [   0    0    0    0    0    0    0    0    0    0 2399    0]
 [   3    3    1    0    0    0    0    1    0    3    1 2387]]
Family 1 :
-----------------------------
Precison = 0.9933      Recall = 1.0000
F-Score = 0.9966       Acc = 0.9997
Family 2 :
-----------------------------
Precison = 0.9330      Recall = 0.9260
F-Score = 0.9295       Acc = 0.9949
Family 3 :
-----------------------------
Precison = 0.9953      Recall = 0.9981
F-Score = 0.9967       Acc = 0.9996
Family 4 :
-----------------------------
Precison = 1.0000      Recall = 1.0000
F-Score = 1.0000       Acc = 1.0000
Family 5 :
-----------------------------
Precison = nan      Recall = 0.0000
F-Score = nan       Acc = 0.9998
Family 6 :
-----------------------------
Precison = 0.9979      Recall = 0.9993
F-Score = 0.9986       Acc = 0.9998
Family 7 :
-----------------------------
Precison = 0.5946      Recall = 0.7586
F-Score = 0.6667       Acc = 0.9976
Family 8 :
-----------------------------
Precison = 0.9996      Recall = 0.9975
F-Score = 0.9985       Acc = 0.9996
Family 9 :
-----------------------------
Precison = 0.9680      Recall = 0.9583
F-Score = 0.9631       Acc = 0.9904
Family 10 :
-----------------------------
Precison = 0.9426      Recall = 0.9508
F-Score = 0.9467       Acc = 0.9860
Family 11 :
-----------------------------
Precison = 0.9996      Recall = 1.0000
F-Score = 0.9998       Acc = 0.9999
Family 12 :
-----------------------------
Precison = 0.9992      Recall = 0.9950
F-Score = 0.9971       Acc = 0.9992
-------- over test Epoch [004] ---------
-------- start train Epoch [005] ---------
Training:Epoch[005/010] Iteration[100/764] Loss: 0.0412 Acc:98.69%
Training:Epoch[005/010] Iteration[200/764] Loss: 0.0584 Acc:98.47%
Training:Epoch[005/010] Iteration[300/764] Loss: 0.0403 Acc:98.54%
Training:Epoch[005/010] Iteration[400/764] Loss: 0.0410 Acc:98.58%
Training:Epoch[005/010] Iteration[500/764] Loss: 0.0497 Acc:98.52%
Training:Epoch[005/010] Iteration[600/764] Loss: 0.0510 Acc:98.50%
Training:Epoch[005/010] Iteration[700/764] Loss: 0.0378 Acc:98.56%
[[ 489    0    0    0    0    0    0    0    0    0    0    1]
 [   0  424    2    0    0    0    1    0    3   11    0    0]
 [   0    1  710    0    0    0    0    0    1    2    0    0]
 [   0    0    0 1565    0    0    0    0    0    0    0    0]
 [   1    0    0    0    0    0    0    0    0    0    0    1]
 [   0    0    0    0    0  962    0    0    0    0    0    0]
 [   0    2    0    0    0    0   24    0    1   12    0    0]
 [   0    1    0    0    0    1    0 1596    0    1    0    1]
 [   1    4    3    0    0    0    0    0 1555   36    0    1]
 [   0   21    1    0    0    0    3    1   55 1518    0    1]
 [   0    0    0    0    0    0    0    0    0    0 1600    0]
 [   4    0    1    0    0    0    0    0    1    2    0 1592]]
-------- over train Epoch [005] ---------
-------- starts test Epoch [005] ---------
TestSet:	 Epoch[005/010] Iteration[1145/1145] Loss: 45.5291 Acc:98.86%
[[ 736    0    0    0    0    0    0    0    0    0    0    0]
 [   0  609    0    0    0    0   16    0    0   37    0    0]
 [   0    0 1066    0    0    0    0    0    2    2    0    0]
 [   0    0    0 2347    0    0    0    0    0    0    0    0]
 [   3    0    0    0    0    0    0    0    0    0    0    1]
 [   0    0    0    0    0 1441    0    0    0    1    0    0]
 [   0    0    0    0    0    0   43    0    0   15    0    0]
 [   0    0    3    0    0    3    2 2390    0    1    0    0]
 [   0    8    6    0    0    1    0    0 2363   21    0    0]
 [   0   22    5    0    0    0    0    0   53 2319    0    0]
 [   0    0    0    0    0    0    0    0    0    0 2399    0]
 [   4    0    1    0    0    0    0    1    0    0    1 2392]]
Family 1 :
-----------------------------
Precison = 0.9906      Recall = 1.0000
F-Score = 0.9953       Acc = 0.9996
Family 2 :
-----------------------------
Precison = 0.9531      Recall = 0.9199
F-Score = 0.9362       Acc = 0.9955
Family 3 :
-----------------------------
Precison = 0.9861      Recall = 0.9963
F-Score = 0.9912       Acc = 0.9990
Family 4 :
-----------------------------
Precison = 1.0000      Recall = 1.0000
F-Score = 1.0000       Acc = 1.0000
Family 5 :
-----------------------------
Precison = nan      Recall = 0.0000
F-Score = nan       Acc = 0.9998
Family 6 :
-----------------------------
Precison = 0.9972      Recall = 0.9993
F-Score = 0.9983       Acc = 0.9997
Family 7 :
-----------------------------
Precison = 0.7049      Recall = 0.7414
F-Score = 0.7227       Acc = 0.9982
Family 8 :
-----------------------------
Precison = 0.9996      Recall = 0.9962
F-Score = 0.9979       Acc = 0.9995
Family 9 :
-----------------------------
Precison = 0.9773      Recall = 0.9850
F-Score = 0.9811       Acc = 0.9950
Family 10 :
-----------------------------
Precison = 0.9679      Recall = 0.9667
F-Score = 0.9673       Acc = 0.9914
Family 11 :
-----------------------------
Precison = 0.9996      Recall = 1.0000
F-Score = 0.9998       Acc = 0.9999
Family 12 :
-----------------------------
Precison = 0.9996      Recall = 0.9971
F-Score = 0.9983       Acc = 0.9996
-------- over test Epoch [005] ---------
-------- start train Epoch [006] ---------
Training:Epoch[006/010] Iteration[100/764] Loss: 0.0229 Acc:99.31%
Training:Epoch[006/010] Iteration[200/764] Loss: 0.0581 Acc:98.66%
Training:Epoch[006/010] Iteration[300/764] Loss: 0.0416 Acc:98.60%
Training:Epoch[006/010] Iteration[400/764] Loss: 0.0388 Acc:98.66%
Training:Epoch[006/010] Iteration[500/764] Loss: 0.0276 Acc:98.72%
Training:Epoch[006/010] Iteration[600/764] Loss: 0.0260 Acc:98.80%
Training:Epoch[006/010] Iteration[700/764] Loss: 0.0362 Acc:98.82%
[[ 487    0    0    0    0    0    0    0    0    0    0    3]
 [   0  425    1    0    0    0    1    1    1   11    0    1]
 [   0    1  712    0    0    0    0    0    1    0    0    0]
 [   0    0    0 1565    0    0    0    0    0    0    0    0]
 [   0    0    0    0    2    0    0    0    0    0    0    0]
 [   0    0    0    0    0  962    0    0    0    0    0    0]
 [   0    0    0    0    0    0   28    0    0   11    0    0]
 [   1    0    1    0    0    0    0 1598    0    0    0    0]
 [   0    2    1    0    0    0    0    1 1563   33    0    0]
 [   0   10    3    0    0    0    4    0   45 1538    0    0]
 [   0    0    0    0    0    0    0    0    0    0 1599    1]
 [   2    1    0    0    0    0    0    0    1    0    1 1595]]
-------- over train Epoch [006] ---------
-------- starts test Epoch [006] ---------
TestSet:	 Epoch[006/010] Iteration[1145/1145] Loss: 51.4728 Acc:98.63%
[[ 734    0    0    0    0    0    0    0    0    0    0    2]
 [   0  641    1    0    0    0    1    0    3   15    0    1]
 [   0    0 1067    0    0    0    0    0    2    1    0    0]
 [   0    0    0 2347    0    0    0    0    0    0    0    0]
 [   0    0    0    0    0    0    0    0    0    0    0    4]
 [   0    0    0    0    0 1439    0    0    2    0    0    1]
 [   0    0    0    0    0    0   45    0    0   13    0    0]
 [   0    0    1    0    0    3    2 2392    1    0    0    0]
 [   0    4    2    0    0    1    0    0 2391    0    0    1]
 [   0   23    4    0    0    0    0    0  158 2213    0    1]
 [   0    0    0    0    0    0    0    0    0    0 2399    0]
 [   1    0    1    0    0    0    0    1    0    0    0 2396]]
Family 1 :
-----------------------------
Precison = 0.9986      Recall = 0.9973
F-Score = 0.9980       Acc = 0.9998
Family 2 :
-----------------------------
Precison = 0.9596      Recall = 0.9683
F-Score = 0.9639       Acc = 0.9974
Family 3 :
-----------------------------
Precison = 0.9916      Recall = 0.9972
F-Score = 0.9944       Acc = 0.9993
Family 4 :
-----------------------------
Precison = 1.0000      Recall = 1.0000
F-Score = 1.0000       Acc = 1.0000
Family 5 :
-----------------------------
Precison = nan      Recall = 0.0000
F-Score = nan       Acc = 0.9998
Family 6 :
-----------------------------
Precison = 0.9972      Recall = 0.9979
F-Score = 0.9976       Acc = 0.9996
Family 7 :
-----------------------------
Precison = 0.9375      Recall = 0.7759
F-Score = 0.8491       Acc = 0.9991
Family 8 :
-----------------------------
Precison = 0.9996      Recall = 0.9971
F-Score = 0.9983       Acc = 0.9996
Family 9 :
-----------------------------
Precison = 0.9351      Recall = 0.9967
F-Score = 0.9649       Acc = 0.9905
Family 10 :
-----------------------------
Precison = 0.9871      Recall = 0.9225
F-Score = 0.9537       Acc = 0.9883
Family 11 :
-----------------------------
Precison = 1.0000      Recall = 1.0000
F-Score = 1.0000       Acc = 1.0000
Family 12 :
-----------------------------
Precison = 0.9958      Recall = 0.9987
F-Score = 0.9973       Acc = 0.9993
-------- over test Epoch [006] ---------
-------- start train Epoch [007] ---------
Training:Epoch[007/010] Iteration[100/764] Loss: 0.0251 Acc:99.12%
Training:Epoch[007/010] Iteration[200/764] Loss: 0.0289 Acc:99.09%
Training:Epoch[007/010] Iteration[300/764] Loss: 0.0215 Acc:99.23%
Training:Epoch[007/010] Iteration[400/764] Loss: 0.0391 Acc:99.06%
Training:Epoch[007/010] Iteration[500/764] Loss: 0.0321 Acc:99.05%
Training:Epoch[007/010] Iteration[600/764] Loss: 0.0361 Acc:98.97%
Training:Epoch[007/010] Iteration[700/764] Loss: 0.0438 Acc:98.89%
[[ 489    0    0    0    0    0    0    0    0    0    0    1]
 [   0  422    1    0    0    0    1    0    3   14    0    0]
 [   0    0  709    0    0    0    0    0    2    3    0    0]
 [   0    0    0 1565    0    0    0    0    0    0    0    0]
 [   0    0    0    0    1    0    0    0    0    0    0    1]
 [   0    0    0    0    0  962    0    0    0    0    0    0]
 [   0    2    0    0    0    0   28    0    1    8    0    0]
 [   0    0    0    0    0    1    0 1598    1    0    0    0]
 [   0    3    4    0    0    0    0    0 1570   22    0    1]
 [   0   18    4    0    0    0    3    0   34 1541    0    0]
 [   0    0    0    0    0    0    0    0    0    0 1600    0]
 [   3    1    0    0    0    0    0    0    1    2    0 1593]]
-------- over train Epoch [007] ---------
-------- starts test Epoch [007] ---------
TestSet:	 Epoch[007/010] Iteration[1145/1145] Loss: 54.1633 Acc:98.57%
[[ 736    0    0    0    0    0    0    0    0    0    0    0]
 [   0  649    0    0    0    0    1    0    0    8    0    4]
 [   0    3 1061    0    0    0    0    2    4    0    0    0]
 [   0    0    0 2347    0    0    0    0    0    0    0    0]
 [   1    0    0    0    0    0    0    0    0    0    0    3]
 [   0    1    0   13    0 1417    0   10    0    0    0    1]
 [   0   11    0    0    0    0   39    0    0    8    0    0]
 [   0    2    0    1    0    0    0 2396    0    0    0    0]
 [   0    6    1    1    0    1    0    5 2319   57    0    9]
 [   0   60    1    0    0    0    1    4   36 2291    0    6]
 [   0    0    0    0    0    0    0    0    0    0 2399    0]
 [   0    0    0    0    0    0    0    1    0    0    0 2398]]
Family 1 :
-----------------------------
Precison = 0.9986      Recall = 1.0000
F-Score = 0.9993       Acc = 0.9999
Family 2 :
-----------------------------
Precison = 0.8866      Recall = 0.9804
F-Score = 0.9311       Acc = 0.9948
Family 3 :
-----------------------------
Precison = 0.9981      Recall = 0.9916
F-Score = 0.9948       Acc = 0.9994
Family 4 :
-----------------------------
Precison = 0.9936      Recall = 1.0000
F-Score = 0.9968       Acc = 0.9992
Family 5 :
-----------------------------
Precison = nan      Recall = 0.0000
F-Score = nan       Acc = 0.9998
Family 6 :
-----------------------------
Precison = 0.9993      Recall = 0.9827
F-Score = 0.9909       Acc = 0.9986
Family 7 :
-----------------------------
Precison = 0.9512      Recall = 0.6724
F-Score = 0.7879       Acc = 0.9989
Family 8 :
-----------------------------
Precison = 0.9909      Recall = 0.9987
F-Score = 0.9948       Acc = 0.9986
Family 9 :
-----------------------------
Precison = 0.9830      Recall = 0.9667
F-Score = 0.9748       Acc = 0.9934
Family 10 :
-----------------------------
Precison = 0.9691      Recall = 0.9550
F-Score = 0.9620       Acc = 0.9901
Family 11 :
-----------------------------
Precison = 1.0000      Recall = 1.0000
F-Score = 1.0000       Acc = 1.0000
Family 12 :
-----------------------------
Precison = 0.9905      Recall = 0.9996
F-Score = 0.9950       Acc = 0.9987
-------- over test Epoch [007] ---------
-------- start train Epoch [008] ---------
Training:Epoch[008/010] Iteration[100/764] Loss: 0.0279 Acc:99.19%
Training:Epoch[008/010] Iteration[200/764] Loss: 0.0120 Acc:99.47%
Training:Epoch[008/010] Iteration[300/764] Loss: 0.0229 Acc:99.44%
Training:Epoch[008/010] Iteration[400/764] Loss: 0.0084 Acc:99.55%
Training:Epoch[008/010] Iteration[500/764] Loss: 0.0254 Acc:99.50%
Training:Epoch[008/010] Iteration[600/764] Loss: 0.0215 Acc:99.47%
Training:Epoch[008/010] Iteration[700/764] Loss: 0.0174 Acc:99.44%
[[ 489    0    0    0    0    0    0    0    0    0    0    1]
 [   0  436    1    0    0    0    0    0    2    1    0    1]
 [   0    0  713    0    0    0    0    0    1    0    0    0]
 [   0    0    0 1564    0    0    0    0    0    0    0    1]
 [   0    0    0    0    1    0    0    0    0    0    0    1]
 [   0    0    0    0    0  961    0    1    0    0    0    0]
 [   0    0    0    0    0    0   32    0    0    7    0    0]
 [   0    0    0    1    0    0    0 1599    0    0    0    0]
 [   0    0    2    0    0    0    0    0 1574   24    0    0]
 [   0    2    3    0    0    0    0    0   33 1562    0    0]
 [   0    0    0    0    0    0    0    0    0    0 1599    1]
 [   1    0    1    0    0    0    1    0    0    1    0 1596]]
-------- over train Epoch [008] ---------
-------- starts test Epoch [008] ---------
TestSet:	 Epoch[008/010] Iteration[1145/1145] Loss: 56.6851 Acc:98.45%
[[ 736    0    0    0    0    0    0    0    0    0    0    0]
 [   0  632    0    0    0    0    1    0    0   29    0    0]
 [   0    3 1064    0    0    0    0    0    0    3    0    0]
 [   0    0    0 2347    0    0    0    0    0    0    0    0]
 [   0    0    0    0    1    0    0    0    0    0    0    3]
 [   0    0    0    1    0 1440    0    0    0    1    0    0]
 [   0    0    0    0    0    0   44    0    0   14    0    0]
 [   0    0    0    0    0    2    0 2394    0    3    0    0]
 [   0    4    1    0    0    3    0    0 2224  167    0    0]
 [   0   15    5    0    0    0    0    0   13 2366    0    0]
 [   0    0    0    0    0    0    0    0    0    0 2399    0]
 [   2    3    0    0    0    1    0    5    1    1    3 2383]]
Family 1 :
-----------------------------
Precison = 0.9973      Recall = 1.0000
F-Score = 0.9986       Acc = 0.9999
Family 2 :
-----------------------------
Precison = 0.9619      Recall = 0.9547
F-Score = 0.9583       Acc = 0.9970
Family 3 :
-----------------------------
Precison = 0.9944      Recall = 0.9944
F-Score = 0.9944       Acc = 0.9993
Family 4 :
-----------------------------
Precison = 0.9996      Recall = 1.0000
F-Score = 0.9998       Acc = 0.9999
Family 5 :
-----------------------------
Precison = 1.0000      Recall = 0.2500
F-Score = 0.4000       Acc = 0.9998
Family 6 :
-----------------------------
Precison = 0.9959      Recall = 0.9986
F-Score = 0.9972       Acc = 0.9996
Family 7 :
-----------------------------
Precison = 0.9778      Recall = 0.7586
F-Score = 0.8544       Acc = 0.9992
Family 8 :
-----------------------------
Precison = 0.9979      Recall = 0.9979
F-Score = 0.9979       Acc = 0.9995
Family 9 :
-----------------------------
Precison = 0.9937      Recall = 0.9271
F-Score = 0.9592       Acc = 0.9897
Family 10 :
-----------------------------
Precison = 0.9156      Recall = 0.9862
F-Score = 0.9496       Acc = 0.9863
Family 11 :
-----------------------------
Precison = 0.9988      Recall = 1.0000
F-Score = 0.9994       Acc = 0.9998
Family 12 :
-----------------------------
Precison = 0.9987      Recall = 0.9933
F-Score = 0.9960       Acc = 0.9990
-------- over test Epoch [008] ---------
-------- start train Epoch [009] ---------
Training:Epoch[009/010] Iteration[100/764] Loss: 0.0324 Acc:98.94%
Training:Epoch[009/010] Iteration[200/764] Loss: 0.0108 Acc:99.31%
Training:Epoch[009/010] Iteration[300/764] Loss: 0.0247 Acc:99.29%
Training:Epoch[009/010] Iteration[400/764] Loss: 0.0305 Acc:99.12%
Training:Epoch[009/010] Iteration[500/764] Loss: 0.0117 Acc:99.21%
Training:Epoch[009/010] Iteration[600/764] Loss: 0.0232 Acc:99.21%
Training:Epoch[009/010] Iteration[700/764] Loss: 0.0208 Acc:99.21%
[[ 490    0    0    0    0    0    0    0    0    0    0    0]
 [   0  433    1    0    0    0    0    0    1    6    0    0]
 [   0    0  713    0    0    0    0    0    0    1    0    0]
 [   0    0    0 1565    0    0    0    0    0    0    0    0]
 [   0    0    0    0    2    0    0    0    0    0    0    0]
 [   0    0    0    0    0  961    0    1    0    0    0    0]
 [   0    0    0    0    0    0   29    0    1    9    0    0]
 [   0    0    0    0    0    2    0 1597    0    0    0    1]
 [   0    3    1    0    0    1    0    0 1573   21    0    1]
 [   0    8    0    0    0    0    5    1   27 1558    0    1]
 [   0    0    0    0    0    0    0    0    0    0 1600    0]
 [   0    0    0    0    0    0    0    0    2    1    0 1597]]
-------- over train Epoch [009] ---------
-------- starts test Epoch [009] ---------
TestSet:	 Epoch[009/010] Iteration[1145/1145] Loss: 41.6153 Acc:98.94%
[[ 734    0    0    0    0    0    0    0    0    0    0    2]
 [   0  638    0    0    0    0    0    0    0   24    0    0]
 [   0    5 1050    0    0    0    0    0   13    2    0    0]
 [   0    0    0 2347    0    0    0    0    0    0    0    0]
 [   1    0    0    0    1    0    0    0    0    0    0    2]
 [   0    0    0    1    0 1430    0    6    4    1    0    0]
 [   0    4    0    0    0    0   44    0    0   10    0    0]
 [   0    1    1    0    0    1    0 2394    0    1    0    1]
 [   0    7    1    0    0    0    0    0 2373   18    0    0]
 [   0   27    2    0    0    0    0    0   53 2316    0    1]
 [   0    0    0    0    0    0    0    0    0    0 2399    0]
 [   2    1    0    0    0    0    0    2    0    1    0 2393]]
Family 1 :
-----------------------------
Precison = 0.9959      Recall = 0.9973
F-Score = 0.9966       Acc = 0.9997
Family 2 :
-----------------------------
Precison = 0.9341      Recall = 0.9637
F-Score = 0.9487       Acc = 0.9962
Family 3 :
-----------------------------
Precison = 0.9962      Recall = 0.9813
F-Score = 0.9887       Acc = 0.9987
Family 4 :
-----------------------------
Precison = 0.9996      Recall = 1.0000
F-Score = 0.9998       Acc = 0.9999
Family 5 :
-----------------------------
Precison = 1.0000      Recall = 0.2500
F-Score = 0.4000       Acc = 0.9998
Family 6 :
-----------------------------
Precison = 0.9993      Recall = 0.9917
F-Score = 0.9955       Acc = 0.9993
Family 7 :
-----------------------------
Precison = 1.0000      Recall = 0.7586
F-Score = 0.8627       Acc = 0.9992
Family 8 :
-----------------------------
Precison = 0.9967      Recall = 0.9979
F-Score = 0.9973       Acc = 0.9993
Family 9 :
-----------------------------
Precison = 0.9713      Recall = 0.9892
F-Score = 0.9802       Acc = 0.9948
Family 10 :
-----------------------------
Precison = 0.9760      Recall = 0.9654
F-Score = 0.9707       Acc = 0.9924
Family 11 :
-----------------------------
Precison = 1.0000      Recall = 1.0000
F-Score = 1.0000       Acc = 1.0000
Family 12 :
-----------------------------
Precison = 0.9975      Recall = 0.9975
F-Score = 0.9975       Acc = 0.9993
-------- over test Epoch [009] ---------
-------- start train Epoch [010] ---------
Training:Epoch[010/010] Iteration[100/764] Loss: 0.0102 Acc:99.75%
Training:Epoch[010/010] Iteration[200/764] Loss: 0.0235 Acc:99.38%
Training:Epoch[010/010] Iteration[300/764] Loss: 0.0129 Acc:99.50%
Training:Epoch[010/010] Iteration[400/764] Loss: 0.0223 Acc:99.39%
Training:Epoch[010/010] Iteration[500/764] Loss: 0.0227 Acc:99.33%
Training:Epoch[010/010] Iteration[600/764] Loss: 0.0126 Acc:99.40%
Training:Epoch[010/010] Iteration[700/764] Loss: 0.0137 Acc:99.40%
[[ 490    0    0    0    0    0    0    0    0    0    0    0]
 [   0  435    1    0    0    0    0    0    0    5    0    0]
 [   0    1  712    0    0    0    0    0    1    0    0    0]
 [   0    0    0 1565    0    0    0    0    0    0    0    0]
 [   0    0    0    0    2    0    0    0    0    0    0    0]
 [   0    0    0    0    0  962    0    0    0    0    0    0]
 [   0    0    0    0    0    0   34    0    1    4    0    0]
 [   0    0    0    0    0    0    0 1599    0    0    0    1]
 [   0    1    0    0    0    0    1    0 1575   22    0    1]
 [   0    4    1    0    0    0    3    0   21 1571    0    0]
 [   0    0    0    0    0    0    0    0    0    0 1600    0]
 [   0    0    0    0    0    0    0    2    1    0    0 1597]]
-------- over train Epoch [010] ---------
-------- starts test Epoch [010] ---------
TestSet:	 Epoch[010/010] Iteration[1145/1145] Loss: 71.4261 Acc:98.30%
[[ 735    0    0    0    0    0    0    0    0    0    0    1]
 [   0  650    0    0    0    0    0    0    0   12    0    0]
 [   0    8 1050    0    0    0    0    0    0   12    0    0]
 [   0    0    0 2347    0    0    0    0    0    0    0    0]
 [   1    0    0    0    0    0    0    0    0    0    0    3]
 [   0    0    0    0    0 1441    0    0    0    1    0    0]
 [   0    7    0    0    0    0   43    0    0    8    0    0]
 [   0    2    0    0    0    2    0 2394    0    1    0    0]
 [   0   12    1    0    0    0    1    0 2195  190    0    0]
 [   0   34    0    0    0    0    2    0    7 2356    0    0]
 [   0    0    0    0    0    0    0    0    0    0 2399    0]
 [   2    1    0    0    0    0    0    1    0    3    0 2392]]
Family 1 :
-----------------------------
Precison = 0.9959      Recall = 0.9986
F-Score = 0.9973       Acc = 0.9998
Family 2 :
-----------------------------
Precison = 0.9104      Recall = 0.9819
F-Score = 0.9448       Acc = 0.9959
Family 3 :
-----------------------------
Precison = 0.9990      Recall = 0.9813
F-Score = 0.9901       Acc = 0.9989
Family 4 :
-----------------------------
Precison = 1.0000      Recall = 1.0000
F-Score = 1.0000       Acc = 1.0000
Family 5 :
-----------------------------
Precison = nan      Recall = 0.0000
F-Score = nan       Acc = 0.9998
Family 6 :
-----------------------------
Precison = 0.9986      Recall = 0.9993
F-Score = 0.9990       Acc = 0.9998
Family 7 :
-----------------------------
Precison = 0.9348      Recall = 0.7414
F-Score = 0.8269       Acc = 0.9990
Family 8 :
-----------------------------
Precison = 0.9996      Recall = 0.9979
F-Score = 0.9987       Acc = 0.9997
Family 9 :
-----------------------------
Precison = 0.9968      Recall = 0.9150
F-Score = 0.9541       Acc = 0.9885
Family 10 :
-----------------------------
Precison = 0.9121      Recall = 0.9821
F-Score = 0.9458       Acc = 0.9853
Family 11 :
-----------------------------
Precison = 1.0000      Recall = 1.0000
F-Score = 1.0000       Acc = 1.0000
Family 12 :
-----------------------------
Precison = 0.9983      Recall = 0.9971
F-Score = 0.9977       Acc = 0.9994
-------- over test Epoch [010] ---------
