============= TrainDate ===============
<class 'pandas.core.frame.DataFrame'>
Int64Index: 12213 entries, 255 to 3675
Columns: 730 entries, label to 728
dtypes: float64(729), int64(1)
memory usage: 68.1 MB
==================================
============= TestDate ===============
<class 'pandas.core.frame.DataFrame'>
Int64Index: 18314 entries, 433 to 5
Columns: 730 entries, label to 728
dtypes: float64(729), int64(1)
memory usage: 102.1 MB
==================================
-------- start train Epoch [001] ---------
Training:Epoch[001/010] Iteration[100/764] Loss: 1.5795 Acc:49.31%
Training:Epoch[001/010] Iteration[200/764] Loss: 0.5084 Acc:65.25%
Training:Epoch[001/010] Iteration[300/764] Loss: 0.3453 Acc:72.29%
Training:Epoch[001/010] Iteration[400/764] Loss: 0.3124 Acc:76.31%
Training:Epoch[001/010] Iteration[500/764] Loss: 0.2273 Acc:79.61%
Training:Epoch[001/010] Iteration[600/764] Loss: 0.2275 Acc:81.67%
Training:Epoch[001/010] Iteration[700/764] Loss: 0.1302 Acc:83.57%
[[ 389    0    5    5    0    3    0    8    5   18    0   57]
 [   0  146   21   13    0    7    0    2   85  152    0   15]
 [   1   12  582   12    0    3    0    2   49   34    4   15]
 [   0    2    0 1513    0   11    0    5   20    0    0   14]
 [   0    0    0    0    0    0    0    0    0    1    0    1]
 [   0    1    4   47    0  877    0    1   17    3    0   12]
 [   0    1    0    1    0    0    0    0   18   19    0    0]
 [   1    0   23    0    0    1    0 1565    0    7    0    3]
 [   2   10   27   16    0    3    0    8 1239  274    6   15]
 [   1   39   37   20    0    2    0    4  426 1050    2   19]
 [   1    0    0   30    0    0    0   14   13    4 1512   26]
 [  36    2    8   41    0    5    0   15   27   18   13 1435]]
-------- over train Epoch [001] ---------
-------- starts test Epoch [001] ---------
TestSet:	 Epoch[001/010] Iteration[1145/1145] Loss: 157.8180 Acc:95.20%
[[ 735    0    0    0    0    0    0    0    0    0    0    1]
 [   1  580    0    1    0    0    0    0   58   12    0   10]
 [   0    0 1069    0    0    0    0    0    0    1    0    0]
 [   0    0    0 2347    0    0    0    0    0    0    0    0]
 [   0    0    0    0    0    0    0    0    0    0    0    4]
 [   0    0    0    2    0 1440    0    0    0    0    0    0]
 [   0    2    0    0    0    0    0    0   30   26    0    0]
 [   0    3    0    1    0    0    0 2385    0    9    0    1]
 [   0    4    0    1    0    0    0    0 2355   37    2    0]
 [   0   73    6    0    0    0    0    0  565 1752    1    2]
 [   0    0    0    0    0    0    0    0    0    0 2399    0]
 [  16    2    0    3    0    1    0    1    1    0    2 2373]]
Family 1 :
-----------------------------
Precison = 0.9774      Recall = 0.9986
F-Score = 0.9879       Acc = 0.9990
Family 2 :
-----------------------------
Precison = 0.8735      Recall = 0.8761
F-Score = 0.8748       Acc = 0.9909
Family 3 :
-----------------------------
Precison = 0.9944      Recall = 0.9991
F-Score = 0.9967       Acc = 0.9996
Family 4 :
-----------------------------
Precison = 0.9966      Recall = 1.0000
F-Score = 0.9983       Acc = 0.9996
Family 5 :
-----------------------------
Precison = nan      Recall = 0.0000
F-Score = nan       Acc = 0.9998
Family 6 :
-----------------------------
Precison = 0.9993      Recall = 0.9986
F-Score = 0.9990       Acc = 0.9998
Family 7 :
-----------------------------
Precison = nan      Recall = 0.0000
F-Score = nan       Acc = 0.9968
Family 8 :
-----------------------------
Precison = 0.9996      Recall = 0.9942
F-Score = 0.9969       Acc = 0.9992
Family 9 :
-----------------------------
Precison = 0.7827      Recall = 0.9817
F-Score = 0.8709       Acc = 0.9619
Family 10 :
-----------------------------
Precison = 0.9537      Recall = 0.7303
F-Score = 0.8272       Acc = 0.9600
Family 11 :
-----------------------------
Precison = 0.9979      Recall = 1.0000
F-Score = 0.9990       Acc = 0.9997
Family 12 :
-----------------------------
Precison = 0.9925      Recall = 0.9892
F-Score = 0.9908       Acc = 0.9976
-------- over test Epoch [001] ---------
-------- start train Epoch [002] ---------
Training:Epoch[002/010] Iteration[100/764] Loss: 0.1012 Acc:97.12%
Training:Epoch[002/010] Iteration[200/764] Loss: 0.1230 Acc:96.44%
Training:Epoch[002/010] Iteration[300/764] Loss: 0.1146 Acc:96.46%
Training:Epoch[002/010] Iteration[400/764] Loss: 0.1055 Acc:96.36%
Training:Epoch[002/010] Iteration[500/764] Loss: 0.1228 Acc:96.23%
Training:Epoch[002/010] Iteration[600/764] Loss: 0.0667 Acc:96.51%
Training:Epoch[002/010] Iteration[700/764] Loss: 0.0810 Acc:96.59%
[[ 488    0    0    0    0    0    0    0    0    0    0    2]
 [   0  396    1    0    0    0    0    0   11   32    0    1]
 [   0    0  714    0    0    0    0    0    0    0    0    0]
 [   0    0    0 1565    0    0    0    0    0    0    0    0]
 [   1    0    0    0    0    0    0    0    0    0    0    1]
 [   0    0    0    0    0  961    0    0    0    0    0    1]
 [   0    1    0    0    0    0    6    0    7   25    0    0]
 [   0    2    0    0    0    1    0 1593    0    3    0    1]
 [   0    6    1    0    0    0    0    0 1488  104    0    1]
 [   0   30    2    0    0    0    0    0  149 1417    0    2]
 [   0    0    0    0    0    0    0    0    0    0 1600    0]
 [   5    0    2    0    0    0    0    2    1    3    2 1585]]
-------- over train Epoch [002] ---------
-------- starts test Epoch [002] ---------
TestSet:	 Epoch[002/010] Iteration[1145/1145] Loss: 142.5367 Acc:95.76%
[[ 733    0    0    0    0    0    0    0    0    0    0    3]
 [   0  651    0    0    0    0    0    0    0   11    0    0]
 [   0    0 1069    0    0    0    0    0    0    1    0    0]
 [   0    0    0 2347    0    0    0    0    0    0    0    0]
 [   0    0    0    0    0    0    0    0    0    0    0    4]
 [   0    0    0    0    0 1442    0    0    0    0    0    0]
 [   0    4    0    0    0    0   36    0    0   18    0    0]
 [   0    3    1    1    0    0    1 2390    0    2    0    1]
 [   0   36    1    0    0    1    1    0 1793  566    1    0]
 [   0   92    7    0    0    0    0    0    7 2289    1    3]
 [   0    0    0    0    0    0    0    0    0    0 2399    0]
 [   4    1    0    0    0    4    0    0    0    2    0 2388]]
Family 1 :
-----------------------------
Precison = 0.9946      Recall = 0.9959
F-Score = 0.9952       Acc = 0.9996
Family 2 :
-----------------------------
Precison = 0.8272      Recall = 0.9834
F-Score = 0.8986       Acc = 0.9920
Family 3 :
-----------------------------
Precison = 0.9917      Recall = 0.9991
F-Score = 0.9953       Acc = 0.9995
Family 4 :
-----------------------------
Precison = 0.9996      Recall = 1.0000
F-Score = 0.9998       Acc = 0.9999
Family 5 :
-----------------------------
Precison = nan      Recall = 0.0000
F-Score = nan       Acc = 0.9998
Family 6 :
-----------------------------
Precison = 0.9965      Recall = 1.0000
F-Score = 0.9983       Acc = 0.9997
Family 7 :
-----------------------------
Precison = 0.9474      Recall = 0.6207
F-Score = 0.7500       Acc = 0.9987
Family 8 :
-----------------------------
Precison = 1.0000      Recall = 0.9962
F-Score = 0.9981       Acc = 0.9995
Family 9 :
-----------------------------
Precison = 0.9961      Recall = 0.7474
F-Score = 0.8540       Acc = 0.9665
Family 10 :
-----------------------------
Precison = 0.7923      Recall = 0.9541
F-Score = 0.8657       Acc = 0.9612
Family 11 :
-----------------------------
Precison = 0.9992      Recall = 1.0000
F-Score = 0.9996       Acc = 0.9999
Family 12 :
-----------------------------
Precison = 0.9954      Recall = 0.9954
F-Score = 0.9954       Acc = 0.9988
-------- over test Epoch [002] ---------
-------- start train Epoch [003] ---------
Training:Epoch[003/010] Iteration[100/764] Loss: 0.0441 Acc:98.25%
Training:Epoch[003/010] Iteration[200/764] Loss: 0.0552 Acc:98.25%
Training:Epoch[003/010] Iteration[300/764] Loss: 0.0453 Acc:98.35%
Training:Epoch[003/010] Iteration[400/764] Loss: 0.0606 Acc:98.33%
Training:Epoch[003/010] Iteration[500/764] Loss: 0.0359 Acc:98.36%
Training:Epoch[003/010] Iteration[600/764] Loss: 0.0645 Acc:98.30%
Training:Epoch[003/010] Iteration[700/764] Loss: 0.0513 Acc:98.32%
[[ 488    0    0    0    0    0    0    0    0    0    0    2]
 [   0  421    0    1    0    0    0    0    4   15    0    0]
 [   0    0  713    0    0    0    0    0    1    0    0    0]
 [   0    0    0 1565    0    0    0    0    0    0    0    0]
 [   1    0    0    0    0    0    0    0    0    0    0    1]
 [   0    0    0    0    0  962    0    0    0    0    0    0]
 [   0    1    0    0    0    0   19    0    1   18    0    0]
 [   0    1    0    1    0    1    0 1595    0    2    0    0]
 [   0    6    1    0    0    0    0    0 1544   49    0    0]
 [   0   20    2    0    0    0    0    0   69 1508    0    1]
 [   0    0    0    0    0    0    0    0    0    0 1600    0]
 [   4    0    0    0    0    0    0    1    0    2    0 1593]]
-------- over train Epoch [003] ---------
-------- starts test Epoch [003] ---------
TestSet:	 Epoch[003/010] Iteration[1145/1145] Loss: 73.7120 Acc:98.05%
[[ 736    0    0    0    0    0    0    0    0    0    0    0]
 [   0  654    0    0    0    0    1    1    1    5    0    0]
 [   0    0 1069    0    0    0    0    0    0    1    0    0]
 [   0    0    0 2347    0    0    0    0    0    0    0    0]
 [   0    0    0    0    0    0    0    0    0    0    0    4]
 [   0    0    0    0    0 1441    0    1    0    0    0    0]
 [   0    0    0    0    0    0   44    0    0   14    0    0]
 [   0    1    0    2    0    0    0 2394    0    2    0    0]
 [   0    5    0    0    0    1    0    0 2344   49    0    0]
 [   0   55    2    1    0    0    2    0  156 2183    0    0]
 [   0    0    0    0    0    0    0    0    0    0 2399    0]
 [  29    3    4    2    0    5    0    4    2    3    1 2346]]
Family 1 :
-----------------------------
Precison = 0.9621      Recall = 1.0000
F-Score = 0.9807       Acc = 0.9984
Family 2 :
-----------------------------
Precison = 0.9109      Recall = 0.9879
F-Score = 0.9478       Acc = 0.9961
Family 3 :
-----------------------------
Precison = 0.9944      Recall = 0.9991
F-Score = 0.9967       Acc = 0.9996
Family 4 :
-----------------------------
Precison = 0.9979      Recall = 1.0000
F-Score = 0.9989       Acc = 0.9997
Family 5 :
-----------------------------
Precison = nan      Recall = 0.0000
F-Score = nan       Acc = 0.9998
Family 6 :
-----------------------------
Precison = 0.9959      Recall = 0.9993
F-Score = 0.9976       Acc = 0.9996
Family 7 :
-----------------------------
Precison = 0.9362      Recall = 0.7586
F-Score = 0.8381       Acc = 0.9991
Family 8 :
-----------------------------
Precison = 0.9975      Recall = 0.9979
F-Score = 0.9977       Acc = 0.9994
Family 9 :
-----------------------------
Precison = 0.9365      Recall = 0.9771
F-Score = 0.9563       Acc = 0.9883
Family 10 :
-----------------------------
Precison = 0.9672      Recall = 0.9100
F-Score = 0.9377       Acc = 0.9842
Family 11 :
-----------------------------
Precison = 0.9996      Recall = 1.0000
F-Score = 0.9998       Acc = 0.9999
Family 12 :
-----------------------------
Precison = 0.9983      Recall = 0.9779
F-Score = 0.9880       Acc = 0.9969
-------- over test Epoch [003] ---------
-------- start train Epoch [004] ---------
Training:Epoch[004/010] Iteration[100/764] Loss: 0.0309 Acc:98.88%
Training:Epoch[004/010] Iteration[200/764] Loss: 0.0367 Acc:98.88%
Training:Epoch[004/010] Iteration[300/764] Loss: 0.0390 Acc:98.77%
Training:Epoch[004/010] Iteration[400/764] Loss: 0.0416 Acc:98.69%
Training:Epoch[004/010] Iteration[500/764] Loss: 0.0358 Acc:98.69%
Training:Epoch[004/010] Iteration[600/764] Loss: 0.0305 Acc:98.75%
Training:Epoch[004/010] Iteration[700/764] Loss: 0.0322 Acc:98.81%
[[ 489    0    0    0    0    0    0    0    0    0    0    1]
 [   0  431    0    0    0    0    0    1    2    7    0    0]
 [   0    0  714    0    0    0    0    0    0    0    0    0]
 [   0    0    0 1565    0    0    0    0    0    0    0    0]
 [   0    0    0    0    0    0    0    0    0    0    0    2]
 [   0    0    0    0    0  961    0    1    0    0    0    0]
 [   0    1    0    0    0    0   29    0    1    8    0    0]
 [   0    1    0    1    0    1    0 1596    1    0    0    0]
 [   0    2    0    0    0    0    0    0 1553   45    0    0]
 [   0   11    1    0    0    0    0    1   57 1530    0    0]
 [   0    0    0    0    0    0    0    0    0    0 1600    0]
 [   2    1    0    0    0    0    0    0    0    2    0 1595]]
-------- over train Epoch [004] ---------
-------- starts test Epoch [004] ---------
TestSet:	 Epoch[004/010] Iteration[1145/1145] Loss: 59.6986 Acc:98.32%
[[ 736    0    0    0    0    0    0    0    0    0    0    0]
 [   0  614    0    0    0    0    3    0    2   41    0    2]
 [   0    0 1069    0    0    0    0    0    0    1    0    0]
 [   0    0    0 2347    0    0    0    0    0    0    0    0]
 [   0    0    0    0    0    0    0    0    0    0    0    4]
 [   0    0    0    0    0 1442    0    0    0    0    0    0]
 [   0    0    0    0    0    0   45    0    0   13    0    0]
 [   0    0    0    1    0    0    0 2390    0    6    0    2]
 [   0    0    0    0    0    1    0    0 2383   15    0    0]
 [   0   19    2    0    0    0    0    0  186 2192    0    0]
 [   0    0    0    0    0    0    0    0    0    0 2399    0]
 [   6    0    1    0    0    0    0    0    2    0    0 2390]]
Family 1 :
-----------------------------
Precison = 0.9919      Recall = 1.0000
F-Score = 0.9959       Acc = 0.9997
Family 2 :
-----------------------------
Precison = 0.9700      Recall = 0.9275
F-Score = 0.9483       Acc = 0.9963
Family 3 :
-----------------------------
Precison = 0.9972      Recall = 0.9991
F-Score = 0.9981       Acc = 0.9998
Family 4 :
-----------------------------
Precison = 0.9996      Recall = 1.0000
F-Score = 0.9998       Acc = 0.9999
Family 5 :
-----------------------------
Precison = nan      Recall = 0.0000
F-Score = nan       Acc = 0.9998
Family 6 :
-----------------------------
Precison = 0.9993      Recall = 1.0000
F-Score = 0.9997       Acc = 0.9999
Family 7 :
-----------------------------
Precison = 0.9375      Recall = 0.7759
F-Score = 0.8491       Acc = 0.9991
Family 8 :
-----------------------------
Precison = 1.0000      Recall = 0.9962
F-Score = 0.9981       Acc = 0.9995
Family 9 :
-----------------------------
Precison = 0.9262      Recall = 0.9933
F-Score = 0.9586       Acc = 0.9888
Family 10 :
-----------------------------
Precison = 0.9665      Recall = 0.9137
F-Score = 0.9394       Acc = 0.9845
Family 11 :
-----------------------------
Precison = 1.0000      Recall = 1.0000
F-Score = 1.0000       Acc = 1.0000
Family 12 :
-----------------------------
Precison = 0.9967      Recall = 0.9962
F-Score = 0.9965       Acc = 0.9991
-------- over test Epoch [004] ---------
-------- start train Epoch [005] ---------
Training:Epoch[005/010] Iteration[100/764] Loss: 0.0419 Acc:98.88%
Training:Epoch[005/010] Iteration[200/764] Loss: 0.0265 Acc:99.06%
Training:Epoch[005/010] Iteration[300/764] Loss: 0.0234 Acc:99.10%
Training:Epoch[005/010] Iteration[400/764] Loss: 0.0296 Acc:99.08%
Training:Epoch[005/010] Iteration[500/764] Loss: 0.0223 Acc:99.09%
Training:Epoch[005/010] Iteration[600/764] Loss: 0.0217 Acc:99.14%
Training:Epoch[005/010] Iteration[700/764] Loss: 0.0232 Acc:99.18%
[[ 490    0    0    0    0    0    0    0    0    0    0    0]
 [   0  433    1    0    0    0    0    0    1    6    0    0]
 [   0    0  713    0    0    0    0    0    0    1    0    0]
 [   0    0    0 1565    0    0    0    0    0    0    0    0]
 [   0    0    0    0    0    0    0    0    0    1    0    1]
 [   0    0    0    0    0  962    0    0    0    0    0    0]
 [   0    0    0    0    0    0   31    0    1    7    0    0]
 [   0    0    0    0    0    0    0 1599    0    1    0    0]
 [   0    1    0    0    0    0    0    0 1572   27    0    0]
 [   0    8    1    0    0    0    1    0   42 1548    0    0]
 [   0    0    0    0    0    0    0    0    0    0 1600    0]
 [   1    0    0    0    0    0    0    0    0    0    0 1599]]
-------- over train Epoch [005] ---------
-------- starts test Epoch [005] ---------
TestSet:	 Epoch[005/010] Iteration[1145/1145] Loss: 74.4392 Acc:97.92%
[[ 736    0    0    0    0    0    0    0    0    0    0    0]
 [   0  644    0    0    0    0    0    0    0   15    0    3]
 [   0    0 1066    0    0    0    0    0    0    4    0    0]
 [   0    0    0 2347    0    0    0    0    0    0    0    0]
 [   0    0    0    0    0    0    0    0    0    0    0    4]
 [   0    0    0    0    0 1440    0    1    0    0    0    1]
 [   0    3    0    0    0    0   40    0    0   15    0    0]
 [   0    0    0    0    0    0    0 2394    1    3    0    1]
 [   0    0    0    0    0    0    0    0 2130  269    0    0]
 [   0   19    0    0    0    0    0    0   30 2344    0    6]
 [   0    0    0    0    0    0    0    0    0    0 2399    0]
 [   5    0    1    0    0    0    0    0    0    0    0 2393]]
Family 1 :
-----------------------------
Precison = 0.9933      Recall = 1.0000
F-Score = 0.9966       Acc = 0.9997
Family 2 :
-----------------------------
Precison = 0.9670      Recall = 0.9728
F-Score = 0.9699       Acc = 0.9978
Family 3 :
-----------------------------
Precison = 0.9991      Recall = 0.9963
F-Score = 0.9977       Acc = 0.9997
Family 4 :
-----------------------------
Precison = 1.0000      Recall = 1.0000
F-Score = 1.0000       Acc = 1.0000
Family 5 :
-----------------------------
Precison = nan      Recall = 0.0000
F-Score = nan       Acc = 0.9998
Family 6 :
-----------------------------
Precison = 1.0000      Recall = 0.9986
F-Score = 0.9993       Acc = 0.9999
Family 7 :
-----------------------------
Precison = 1.0000      Recall = 0.6897
F-Score = 0.8163       Acc = 0.9990
Family 8 :
-----------------------------
Precison = 0.9996      Recall = 0.9979
F-Score = 0.9987       Acc = 0.9997
Family 9 :
-----------------------------
Precison = 0.9857      Recall = 0.8879
F-Score = 0.9342       Acc = 0.9836
Family 10 :
-----------------------------
Precison = 0.8845      Recall = 0.9771
F-Score = 0.9285       Acc = 0.9803
Family 11 :
-----------------------------
Precison = 1.0000      Recall = 1.0000
F-Score = 1.0000       Acc = 1.0000
Family 12 :
-----------------------------
Precison = 0.9938      Recall = 0.9975
F-Score = 0.9956       Acc = 0.9989
-------- over test Epoch [005] ---------
-------- start train Epoch [006] ---------
Training:Epoch[006/010] Iteration[100/764] Loss: 0.0187 Acc:99.38%
Training:Epoch[006/010] Iteration[200/764] Loss: 0.0191 Acc:99.34%
Training:Epoch[006/010] Iteration[300/764] Loss: 0.0186 Acc:99.42%
Training:Epoch[006/010] Iteration[400/764] Loss: 0.0229 Acc:99.38%
Training:Epoch[006/010] Iteration[500/764] Loss: 0.0219 Acc:99.31%
Training:Epoch[006/010] Iteration[600/764] Loss: 0.0224 Acc:99.28%
Training:Epoch[006/010] Iteration[700/764] Loss: 0.0215 Acc:99.27%
[[ 489    0    0    0    0    0    0    0    0    0    0    1]
 [   0  437    0    0    0    0    0    0    0    4    0    0]
 [   0    0  713    0    0    0    0    0    0    1    0    0]
 [   0    0    0 1565    0    0    0    0    0    0    0    0]
 [   0    0    0    0    1    0    0    0    0    0    0    1]
 [   0    0    0    0    0  961    0    0    0    0    0    1]
 [   0    0    0    0    0    0   33    0    0    6    0    0]
 [   0    0    0    0    0    0    0 1599    0    0    0    1]
 [   0    1    1    0    0    0    0    0 1569   29    0    0]
 [   0    4    0    0    0    0    1    0   37 1557    0    1]
 [   0    0    0    0    0    0    0    0    0    0 1600    0]
 [   1    0    0    0    0    0    0    0    0    1    0 1598]]
-------- over train Epoch [006] ---------
-------- starts test Epoch [006] ---------
TestSet:	 Epoch[006/010] Iteration[1145/1145] Loss: 40.8225 Acc:98.85%
[[ 736    0    0    0    0    0    0    0    0    0    0    0]
 [   0  651    0    0    0    0    0    2    1    7    0    1]
 [   0    0 1069    0    0    0    0    0    0    1    0    0]
 [   0    0    0 2346    0    0    0    1    0    0    0    0]
 [   0    0    0    0    0    0    0    0    0    0    0    4]
 [   0    0    0    0    0 1442    0    0    0    0    0    0]
 [   0    0    0    0    0    0   48    0    0   10    0    0]
 [   0    0    0    0    0    0    0 2396    0    3    0    0]
 [   0    1    0    0    0    0    0    0 2392    6    0    0]
 [   1   30    3    1    0    0    0    0  124 2238    0    2]
 [   0    0    0    0    0    0    0    0    0    0 2399    0]
 [   9    1    1    0    0    1    0    1    0    0    0 2386]]
Family 1 :
-----------------------------
Precison = 0.9866      Recall = 1.0000
F-Score = 0.9933       Acc = 0.9995
Family 2 :
-----------------------------
Precison = 0.9531      Recall = 0.9834
F-Score = 0.9680       Acc = 0.9977
Family 3 :
-----------------------------
Precison = 0.9963      Recall = 0.9991
F-Score = 0.9977       Acc = 0.9997
Family 4 :
-----------------------------
Precison = 0.9996      Recall = 0.9996
F-Score = 0.9996       Acc = 0.9999
Family 5 :
-----------------------------
Precison = nan      Recall = 0.0000
F-Score = nan       Acc = 0.9998
Family 6 :
-----------------------------
Precison = 0.9993      Recall = 1.0000
F-Score = 0.9997       Acc = 0.9999
Family 7 :
-----------------------------
Precison = 1.0000      Recall = 0.8276
F-Score = 0.9057       Acc = 0.9995
Family 8 :
-----------------------------
Precison = 0.9983      Recall = 0.9987
F-Score = 0.9985       Acc = 0.9996
Family 9 :
-----------------------------
Precison = 0.9503      Recall = 0.9971
F-Score = 0.9731       Acc = 0.9928
Family 10 :
-----------------------------
Precison = 0.9881      Recall = 0.9329
F-Score = 0.9597       Acc = 0.9897
Family 11 :
-----------------------------
Precison = 1.0000      Recall = 1.0000
F-Score = 1.0000       Acc = 1.0000
Family 12 :
-----------------------------
Precison = 0.9971      Recall = 0.9946
F-Score = 0.9958       Acc = 0.9989
-------- over test Epoch [006] ---------
-------- start train Epoch [007] ---------
Training:Epoch[007/010] Iteration[100/764] Loss: 0.0113 Acc:99.56%
Training:Epoch[007/010] Iteration[200/764] Loss: 0.0131 Acc:99.53%
Training:Epoch[007/010] Iteration[300/764] Loss: 0.0067 Acc:99.62%
Training:Epoch[007/010] Iteration[400/764] Loss: 0.0072 Acc:99.66%
Training:Epoch[007/010] Iteration[500/764] Loss: 0.0184 Acc:99.61%
Training:Epoch[007/010] Iteration[600/764] Loss: 0.0244 Acc:99.50%
Training:Epoch[007/010] Iteration[700/764] Loss: 0.0108 Acc:99.51%
[[ 490    0    0    0    0    0    0    0    0    0    0    0]
 [   0  438    0    0    0    0    0    0    0    2    0    1]
 [   0    0  714    0    0    0    0    0    0    0    0    0]
 [   0    0    0 1565    0    0    0    0    0    0    0    0]
 [   0    0    0    0    2    0    0    0    0    0    0    0]
 [   0    0    0    0    0  962    0    0    0    0    0    0]
 [   0    0    0    0    0    0   36    0    0    3    0    0]
 [   0    0    0    0    0    0    0 1600    0    0    0    0]
 [   0    1    0    0    0    0    0    0 1584   15    0    0]
 [   0    6    0    0    0    0    1    0   23 1570    0    0]
 [   0    0    0    0    0    0    0    0    0    0 1600    0]
 [   0    0    0    0    0    0    0    0    0    3    0 1597]]
-------- over train Epoch [007] ---------
-------- starts test Epoch [007] ---------
TestSet:	 Epoch[007/010] Iteration[1145/1145] Loss: 34.4837 Acc:99.15%
[[ 736    0    0    0    0    0    0    0    0    0    0    0]
 [   0  649    0    0    0    0    0    1    1   11    0    0]
 [   0    0 1069    0    0    0    0    0    0    1    0    0]
 [   0    0    0 2347    0    0    0    0    0    0    0    0]
 [   0    0    0    0    0    0    0    0    0    0    0    4]
 [   0    0    0    1    0 1440    0    0    0    1    0    0]
 [   0    0    0    0    0    0   44    0    0   14    0    0]
 [   0    0    0    1    0    0    0 2395    0    3    0    0]
 [   0    0    0    0    0    0    0    0 2381   18    0    0]
 [   0   15    1    0    0    0    0    0   73 2310    0    0]
 [   0    0    0    0    0    0    0    0    0    0 2399    0]
 [   6    2    1    0    0    0    0    0    1    0    0 2389]]
Family 1 :
-----------------------------
Precison = 0.9919      Recall = 1.0000
F-Score = 0.9959       Acc = 0.9997
Family 2 :
-----------------------------
Precison = 0.9745      Recall = 0.9804
F-Score = 0.9774       Acc = 0.9984
Family 3 :
-----------------------------
Precison = 0.9981      Recall = 0.9991
F-Score = 0.9986       Acc = 0.9998
Family 4 :
-----------------------------
Precison = 0.9991      Recall = 1.0000
F-Score = 0.9996       Acc = 0.9999
Family 5 :
-----------------------------
Precison = nan      Recall = 0.0000
F-Score = nan       Acc = 0.9998
Family 6 :
-----------------------------
Precison = 1.0000      Recall = 0.9986
F-Score = 0.9993       Acc = 0.9999
Family 7 :
-----------------------------
Precison = 1.0000      Recall = 0.7586
F-Score = 0.8627       Acc = 0.9992
Family 8 :
-----------------------------
Precison = 0.9996      Recall = 0.9983
F-Score = 0.9990       Acc = 0.9997
Family 9 :
-----------------------------
Precison = 0.9695      Recall = 0.9925
F-Score = 0.9808       Acc = 0.9949
Family 10 :
-----------------------------
Precison = 0.9796      Recall = 0.9629
F-Score = 0.9712       Acc = 0.9925
Family 11 :
-----------------------------
Precison = 1.0000      Recall = 1.0000
F-Score = 1.0000       Acc = 1.0000
Family 12 :
-----------------------------
Precison = 0.9983      Recall = 0.9958
F-Score = 0.9971       Acc = 0.9992
-------- over test Epoch [007] ---------
-------- start train Epoch [008] ---------
Training:Epoch[008/010] Iteration[100/764] Loss: 0.0063 Acc:99.81%
Training:Epoch[008/010] Iteration[200/764] Loss: 0.0096 Acc:99.62%
Training:Epoch[008/010] Iteration[300/764] Loss: 0.0073 Acc:99.67%
Training:Epoch[008/010] Iteration[400/764] Loss: 0.0105 Acc:99.66%
Training:Epoch[008/010] Iteration[500/764] Loss: 0.0066 Acc:99.64%
Training:Epoch[008/010] Iteration[600/764] Loss: 0.0253 Acc:99.56%
Training:Epoch[008/010] Iteration[700/764] Loss: 0.0113 Acc:99.56%
[[ 490    0    0    0    0    0    0    0    0    0    0    0]
 [   0  441    0    0    0    0    0    0    0    0    0    0]
 [   0    0  714    0    0    0    0    0    0    0    0    0]
 [   0    0    0 1565    0    0    0    0    0    0    0    0]
 [   0    0    0    0    2    0    0    0    0    0    0    0]
 [   0    0    0    0    0  962    0    0    0    0    0    0]
 [   0    0    0    0    0    0   36    0    0    3    0    0]
 [   0    0    0    0    0    0    0 1600    0    0    0    0]
 [   0    0    0    0    0    0    0    0 1581   19    0    0]
 [   0    0    0    0    0    0    1    0   25 1574    0    0]
 [   0    0    0    0    0    0    0    0    0    0 1600    0]
 [   0    1    0    0    0    0    0    0    0    0    0 1599]]
-------- over train Epoch [008] ---------
-------- starts test Epoch [008] ---------
TestSet:	 Epoch[008/010] Iteration[1145/1145] Loss: 34.8698 Acc:99.16%
[[ 736    0    0    0    0    0    0    0    0    0    0    0]
 [   0  653    0    0    0    0    1    1    1    6    0    0]
 [   0    0 1068    0    0    0    0    0    0    1    0    1]
 [   0    0    0 2347    0    0    0    0    0    0    0    0]
 [   0    0    0    0    0    0    0    0    0    0    0    4]
 [   0    0    0    0    0 1440    0    1    0    1    0    0]
 [   0    0    0    0    0    0   47    0    0   11    0    0]
 [   0    0    0    0    0    0    0 2396    0    3    0    0]
 [   0    0    0    0    0    0    0    0 2377   22    0    0]
 [   0   18    2    0    0    0    0    0   73 2305    0    1]
 [   0    0    0    0    0    0    0    0    0    0 2399    0]
 [   6    0    0    0    0    1    0    0    0    0    0 2392]]
Family 1 :
-----------------------------
Precison = 0.9919      Recall = 1.0000
F-Score = 0.9959       Acc = 0.9997
Family 2 :
-----------------------------
Precison = 0.9732      Recall = 0.9864
F-Score = 0.9797       Acc = 0.9985
Family 3 :
-----------------------------
Precison = 0.9981      Recall = 0.9981
F-Score = 0.9981       Acc = 0.9998
Family 4 :
-----------------------------
Precison = 1.0000      Recall = 1.0000
F-Score = 1.0000       Acc = 1.0000
Family 5 :
-----------------------------
Precison = nan      Recall = 0.0000
F-Score = nan       Acc = 0.9998
Family 6 :
-----------------------------
Precison = 0.9993      Recall = 0.9986
F-Score = 0.9990       Acc = 0.9998
Family 7 :
-----------------------------
Precison = 0.9792      Recall = 0.8103
F-Score = 0.8868       Acc = 0.9993
Family 8 :
-----------------------------
Precison = 0.9992      Recall = 0.9987
F-Score = 0.9990       Acc = 0.9997
Family 9 :
-----------------------------
Precison = 0.9698      Recall = 0.9908
F-Score = 0.9802       Acc = 0.9948
Family 10 :
-----------------------------
Precison = 0.9813      Recall = 0.9608
F-Score = 0.9709       Acc = 0.9925
Family 11 :
-----------------------------
Precison = 1.0000      Recall = 1.0000
F-Score = 1.0000       Acc = 1.0000
Family 12 :
-----------------------------
Precison = 0.9975      Recall = 0.9971
F-Score = 0.9973       Acc = 0.9993
-------- over test Epoch [008] ---------
-------- start train Epoch [009] ---------
Training:Epoch[009/010] Iteration[100/764] Loss: 0.0079 Acc:99.56%
Training:Epoch[009/010] Iteration[200/764] Loss: 0.0061 Acc:99.69%
Training:Epoch[009/010] Iteration[300/764] Loss: 0.0218 Acc:99.54%
Training:Epoch[009/010] Iteration[400/764] Loss: 0.0121 Acc:99.56%
Training:Epoch[009/010] Iteration[500/764] Loss: 0.0117 Acc:99.54%
Training:Epoch[009/010] Iteration[600/764] Loss: 0.0157 Acc:99.49%
Training:Epoch[009/010] Iteration[700/764] Loss: 0.0114 Acc:99.49%
[[ 490    0    0    0    0    0    0    0    0    0    0    0]
 [   0  436    0    0    0    0    0    0    0    5    0    0]
 [   0    0  714    0    0    0    0    0    0    0    0    0]
 [   0    0    0 1565    0    0    0    0    0    0    0    0]
 [   0    0    0    0    2    0    0    0    0    0    0    0]
 [   0    0    0    0    0  962    0    0    0    0    0    0]
 [   0    0    0    0    0    0   39    0    0    0    0    0]
 [   0    0    0    0    0    0    0 1600    0    0    0    0]
 [   0    0    0    0    0    0    0    0 1583   17    0    0]
 [   0    6    0    0    0    0    1    0   28 1565    0    0]
 [   0    0    0    0    0    0    0    0    0    0 1600    0]
 [   0    0    0    0    0    0    0    0    0    1    0 1599]]
-------- over train Epoch [009] ---------
-------- starts test Epoch [009] ---------
TestSet:	 Epoch[009/010] Iteration[1145/1145] Loss: 35.8707 Acc:99.14%
[[ 736    0    0    0    0    0    0    0    0    0    0    0]
 [   0  628    0    0    0    0    1    0    0   33    0    0]
 [   0    0 1069    0    0    0    0    0    0    1    0    0]
 [   0    0    0 2346    0    0    0    0    0    1    0    0]
 [   0    0    0    0    0    0    0    0    0    0    0    4]
 [   0    0    0    0    0 1442    0    0    0    0    0    0]
 [   0    0    0    0    0    0   48    0    0   10    0    0]
 [   0    0    0    0    0    0    0 2396    0    3    0    0]
 [   0    0    0    0    0    0    0    0 2353   46    0    0]
 [   0    7    1    0    0    0    0    0   44 2347    0    0]
 [   0    0    0    0    0    0    0    0    0    0 2399    0]
 [   4    0    0    0    0    1    0    0    0    2    0 2392]]
Family 1 :
-----------------------------
Precison = 0.9946      Recall = 1.0000
F-Score = 0.9973       Acc = 0.9998
Family 2 :
-----------------------------
Precison = 0.9890      Recall = 0.9486
F-Score = 0.9684       Acc = 0.9978
Family 3 :
-----------------------------
Precison = 0.9991      Recall = 0.9991
F-Score = 0.9991       Acc = 0.9999
Family 4 :
-----------------------------
Precison = 1.0000      Recall = 0.9996
F-Score = 0.9998       Acc = 0.9999
Family 5 :
-----------------------------
Precison = nan      Recall = 0.0000
F-Score = nan       Acc = 0.9998
Family 6 :
-----------------------------
Precison = 0.9993      Recall = 1.0000
F-Score = 0.9997       Acc = 0.9999
Family 7 :
-----------------------------
Precison = 0.9796      Recall = 0.8276
F-Score = 0.8972       Acc = 0.9994
Family 8 :
-----------------------------
Precison = 1.0000      Recall = 0.9987
F-Score = 0.9994       Acc = 0.9998
Family 9 :
-----------------------------
Precison = 0.9816      Recall = 0.9808
F-Score = 0.9812       Acc = 0.9951
Family 10 :
-----------------------------
Precison = 0.9607      Recall = 0.9783
F-Score = 0.9694       Acc = 0.9919
Family 11 :
-----------------------------
Precison = 1.0000      Recall = 1.0000
F-Score = 1.0000       Acc = 1.0000
Family 12 :
-----------------------------
Precison = 0.9983      Recall = 0.9971
F-Score = 0.9977       Acc = 0.9994
-------- over test Epoch [009] ---------
-------- start train Epoch [010] ---------
Training:Epoch[010/010] Iteration[100/764] Loss: 0.0086 Acc:99.75%
Training:Epoch[010/010] Iteration[200/764] Loss: 0.0075 Acc:99.72%
Training:Epoch[010/010] Iteration[300/764] Loss: 0.0043 Acc:99.79%
Training:Epoch[010/010] Iteration[400/764] Loss: 0.0032 Acc:99.83%
Training:Epoch[010/010] Iteration[500/764] Loss: 0.0013 Acc:99.86%
Training:Epoch[010/010] Iteration[600/764] Loss: 0.0012 Acc:99.89%
Training:Epoch[010/010] Iteration[700/764] Loss: 0.0020 Acc:99.89%
[[ 490    0    0    0    0    0    0    0    0    0    0    0]
 [   0  440    0    0    0    0    0    0    0    1    0    0]
 [   0    0  714    0    0    0    0    0    0    0    0    0]
 [   0    0    0 1565    0    0    0    0    0    0    0    0]
 [   0    0    0    0    2    0    0    0    0    0    0    0]
 [   0    0    0    0    0  962    0    0    0    0    0    0]
 [   0    0    0    0    0    0   39    0    0    0    0    0]
 [   0    0    0    0    0    0    0 1600    0    0    0    0]
 [   0    0    0    0    0    0    0    0 1596    4    0    0]
 [   0    3    0    0    0    0    0    0    4 1593    0    0]
 [   0    0    0    0    0    0    0    0    0    0 1600    0]
 [   0    0    0    0    0    0    0    0    0    0    0 1600]]
-------- over train Epoch [010] ---------
-------- starts test Epoch [010] ---------
TestSet:	 Epoch[010/010] Iteration[1145/1145] Loss: 29.6062 Acc:99.34%
[[ 736    0    0    0    0    0    0    0    0    0    0    0]
 [   0  651    0    0    0    0    0    1    0   10    0    0]
 [   0    0 1069    0    0    0    0    0    0    1    0    0]
 [   0    0    0 2347    0    0    0    0    0    0    0    0]
 [   0    0    0    0    0    0    0    0    0    0    0    4]
 [   0    0    0    0    0 1442    0    0    0    0    0    0]
 [   0    0    0    0    0    0   50    0    0    8    0    0]
 [   0    0    0    1    0    0    0 2396    0    2    0    0]
 [   0    0    0    0    0    0    0    0 2386   13    0    0]
 [   0   12    2    0    0    0    0    0   55 2330    0    0]
 [   0    0    0    0    0    0    0    0    0    0 2399    0]
 [   7    0    0    0    0    1    0    0    1    3    0 2387]]
Family 1 :
-----------------------------
Precison = 0.9906      Recall = 1.0000
F-Score = 0.9953       Acc = 0.9996
Family 2 :
-----------------------------
Precison = 0.9819      Recall = 0.9834
F-Score = 0.9826       Acc = 0.9987
Family 3 :
-----------------------------
Precison = 0.9981      Recall = 0.9991
F-Score = 0.9986       Acc = 0.9998
Family 4 :
-----------------------------
Precison = 0.9996      Recall = 1.0000
F-Score = 0.9998       Acc = 0.9999
Family 5 :
-----------------------------
Precison = nan      Recall = 0.0000
F-Score = nan       Acc = 0.9998
Family 6 :
-----------------------------
Precison = 0.9993      Recall = 1.0000
F-Score = 0.9997       Acc = 0.9999
Family 7 :
-----------------------------
Precison = 1.0000      Recall = 0.8621
F-Score = 0.9259       Acc = 0.9996
Family 8 :
-----------------------------
Precison = 0.9996      Recall = 0.9987
F-Score = 0.9992       Acc = 0.9998
Family 9 :
-----------------------------
Precison = 0.9771      Recall = 0.9946
F-Score = 0.9857       Acc = 0.9962
Family 10 :
-----------------------------
Precison = 0.9844      Recall = 0.9712
F-Score = 0.9778       Acc = 0.9942
Family 11 :
-----------------------------
Precison = 1.0000      Recall = 1.0000
F-Score = 1.0000       Acc = 1.0000
Family 12 :
-----------------------------
Precison = 0.9983      Recall = 0.9950
F-Score = 0.9967       Acc = 0.9991
-------- over test Epoch [010] ---------
