============= TrainDate ===============
<class 'pandas.core.frame.DataFrame'>
RangeIndex: 22400 entries, 0 to 22399
Columns: 530 entries, Label to 529
dtypes: float64(529), int32(1)
memory usage: 90.5 MB
==================================
============= TestDate ===============
<class 'pandas.core.frame.DataFrame'>
RangeIndex: 18314 entries, 0 to 18313
Columns: 530 entries, Label to 529
dtypes: float64(529), int32(1)
memory usage: 74.0 MB
==================================
-------- start train Epoch [001] ---------
Training:Epoch[001/010] Iteration[100/1400] Loss: 2.0401 Acc:33.81%
Training:Epoch[001/010] Iteration[200/1400] Loss: 1.1211 Acc:47.78%
Training:Epoch[001/010] Iteration[300/1400] Loss: 0.7541 Acc:55.60%
Training:Epoch[001/010] Iteration[400/1400] Loss: 0.6261 Acc:60.52%
Training:Epoch[001/010] Iteration[500/1400] Loss: 0.5346 Acc:63.91%
Training:Epoch[001/010] Iteration[600/1400] Loss: 0.5121 Acc:66.28%
Training:Epoch[001/010] Iteration[700/1400] Loss: 0.4402 Acc:68.51%
Training:Epoch[001/010] Iteration[800/1400] Loss: 0.4274 Acc:70.14%
Training:Epoch[001/010] Iteration[900/1400] Loss: 0.4029 Acc:71.44%
Training:Epoch[001/010] Iteration[1000/1400] Loss: 0.3789 Acc:72.60%
Training:Epoch[001/010] Iteration[1100/1400] Loss: 0.3493 Acc:73.70%
Training:Epoch[001/010] Iteration[1200/1400] Loss: 0.3296 Acc:74.68%
Training:Epoch[001/010] Iteration[1300/1400] Loss: 0.3473 Acc:75.38%
Training:Epoch[001/010] Iteration[1400/1400] Loss: 0.3496 Acc:75.99%
[[ 748  362  228    6    0   83   51    0    9    6   15   92]
 [ 411  557  312    3    4   88   72    0   56   67    6   24]
 [ 300  328  651    1    1   64   77    0   84   48   16   30]
 [  15   16    8 1449   20    7   63    0    3   11    6    2]
 [   7    8    2    7 1533    3   37    0    2    0    1    0]
 [ 203  227  131    9    4  923   52    0    9    8    9   25]
 [   0   11    3    0    0    0 4739    0   13   34    0    0]
 [   4    8    2    1    0    1   38 1536    2    7    0    1]
 [   4   10   56    0    2    3  154    0 1097  248    5   21]
 [   3   33   50    0    1    4  190    0  288 1012    5   14]
 [   6    2    5    3    5   18   36    0    9    1 1504   11]
 [  69   31   18    8   14   22   79    2   29   23   32 1273]]
-------- over train Epoch [001] ---------
-------- starts test Epoch [001] ---------
TestSet:	 Epoch[001/010] Iteration[1145/1145] Loss: 128.4755 Acc:96.36%
[[ 733    0    0    0    0    0    0    0    0    0    0    3]
 [   0  551   97    0    0    0    0    0    3   11    0    0]
 [   0   22 1048    0    0    0    0    0    0    0    0    0]
 [   0    4    0 2343    0    0    0    0    0    0    0    0]
 [   1    0    0    0    1    0    0    0    0    0    0    2]
 [   0    2    0    0    0 1440    0    0    0    0    0    0]
 [   0    5    0    0    0    0   51    0    0    2    0    0]
 [   0    5    8    2    0    2    0 2371    5    0    0    6]
 [   0    8   40    0    0    1    0    0 2331   18    0    1]
 [   0  137   32    0    0    0   23    0  203 2003    0    1]
 [   0    0    0    0    0    0    0    0    0    0 2396    3]
 [  15    5    0    0    0    0    0    0    0    0    0 2379]]
Family 1 :
-----------------------------
Precison = 0.9786      Recall = 0.9959
F-Score = 0.9872       Acc = 0.9990
Family 2 :
-----------------------------
Precison = 0.7456      Recall = 0.8323
F-Score = 0.7866       Acc = 0.9837
Family 3 :
-----------------------------
Precison = 0.8555      Recall = 0.9794
F-Score = 0.9133       Acc = 0.9891
Family 4 :
-----------------------------
Precison = 0.9991      Recall = 0.9983
F-Score = 0.9987       Acc = 0.9997
Family 5 :
-----------------------------
Precison = 1.0000      Recall = 0.2500
F-Score = 0.4000       Acc = 0.9998
Family 6 :
-----------------------------
Precison = 0.9979      Recall = 0.9986
F-Score = 0.9983       Acc = 0.9997
Family 7 :
-----------------------------
Precison = 0.6892      Recall = 0.8793
F-Score = 0.7727       Acc = 0.9984
Family 8 :
-----------------------------
Precison = 1.0000      Recall = 0.9883
F-Score = 0.9941       Acc = 0.9985
Family 9 :
-----------------------------
Precison = 0.9170      Recall = 0.9717
F-Score = 0.9435       Acc = 0.9848
Family 10 :
-----------------------------
Precison = 0.9848      Recall = 0.8349
F-Score = 0.9037       Acc = 0.9767
Family 11 :
-----------------------------
Precison = 1.0000      Recall = 0.9987
F-Score = 0.9994       Acc = 0.9998
Family 12 :
-----------------------------
Precison = 0.9933      Recall = 0.9917
F-Score = 0.9925       Acc = 0.9980
-------- over test Epoch [001] ---------
-------- start train Epoch [002] ---------
Training:Epoch[002/010] Iteration[100/1400] Loss: 0.3423 Acc:84.88%
Training:Epoch[002/010] Iteration[200/1400] Loss: 0.2966 Acc:85.81%
Training:Epoch[002/010] Iteration[300/1400] Loss: 0.3223 Acc:85.58%
Training:Epoch[002/010] Iteration[400/1400] Loss: 0.3090 Acc:85.56%
Training:Epoch[002/010] Iteration[500/1400] Loss: 0.3040 Acc:85.49%
Training:Epoch[002/010] Iteration[600/1400] Loss: 0.2817 Acc:85.68%
Training:Epoch[002/010] Iteration[700/1400] Loss: 0.2874 Acc:85.82%
Training:Epoch[002/010] Iteration[800/1400] Loss: 0.2874 Acc:85.93%
Training:Epoch[002/010] Iteration[900/1400] Loss: 0.3226 Acc:85.83%
Training:Epoch[002/010] Iteration[1000/1400] Loss: 0.2997 Acc:85.87%
Training:Epoch[002/010] Iteration[1100/1400] Loss: 0.2998 Acc:85.95%
Training:Epoch[002/010] Iteration[1200/1400] Loss: 0.3122 Acc:85.97%
Training:Epoch[002/010] Iteration[1300/1400] Loss: 0.3014 Acc:86.00%
Training:Epoch[002/010] Iteration[1400/1400] Loss: 0.2671 Acc:86.07%
[[ 886  478  203    0    0   26    0    0    0    0    0    7]
 [ 429  866  237    0    0   27    3    0    5   31    0    2]
 [ 305  370  896    0    0   17    0    0    8    4    0    0]
 [  10   18    7 1563    0    2    0    0    0    0    0    0]
 [   0    0    0    0 1600    0    0    0    0    0    0    0]
 [ 246  275  102    2    0  973    0    0    1    1    0    0]
 [   0    2    0    0    0    0 4796    0    0    2    0    0]
 [   0    1    3    1    0    1    0 1588    2    2    0    2]
 [   0    9   25    0    0    1    0    0 1502   62    0    1]
 [   0   39   13    0    0    1   10    0  107 1427    0    3]
 [   0    0    0    0    0    0    0    0    0    0 1598    2]
 [   6    3    0    0    1    0    0    0    2    2    2 1584]]
-------- over train Epoch [002] ---------
-------- starts test Epoch [002] ---------
TestSet:	 Epoch[002/010] Iteration[1145/1145] Loss: 72.8845 Acc:97.90%
[[ 736    0    0    0    0    0    0    0    0    0    0    0]
 [   0  572    6    0    0    0    1    0    2   81    0    0]
 [   0    0 1068    0    0    0    0    0    0    2    0    0]
 [   0    1    0 2346    0    0    0    0    0    0    0    0]
 [   1    0    0    0    2    0    0    0    0    0    0    1]
 [   0    1    0    0    0 1441    0    0    0    0    0    0]
 [   0    1    0    0    0    0   43    0    0   14    0    0]
 [   0    3    6    0    0    3    0 2383    3    1    0    0]
 [   0    7    6    0    0    4    0    0 2265  117    0    0]
 [   0   38    4    0    0    1    1    0   36 2318    0    1]
 [   0    0    0    0    0    0    0    0    0    0 2399    0]
 [  22    5    1    1    7    1    0    0    0    0    6 2356]]
Family 1 :
-----------------------------
Precison = 0.9697      Recall = 1.0000
F-Score = 0.9846       Acc = 0.9987
Family 2 :
-----------------------------
Precison = 0.9108      Recall = 0.8640
F-Score = 0.8868       Acc = 0.9920
Family 3 :
-----------------------------
Precison = 0.9789      Recall = 0.9981
F-Score = 0.9884       Acc = 0.9986
Family 4 :
-----------------------------
Precison = 0.9996      Recall = 0.9996
F-Score = 0.9996       Acc = 0.9999
Family 5 :
-----------------------------
Precison = 0.2222      Recall = 0.5000
F-Score = 0.3077       Acc = 0.9995
Family 6 :
-----------------------------
Precison = 0.9938      Recall = 0.9993
F-Score = 0.9965       Acc = 0.9995
Family 7 :
-----------------------------
Precison = 0.9556      Recall = 0.7414
F-Score = 0.8350       Acc = 0.9991
Family 8 :
-----------------------------
Precison = 1.0000      Recall = 0.9933
F-Score = 0.9967       Acc = 0.9991
Family 9 :
-----------------------------
Precison = 0.9822      Recall = 0.9441
F-Score = 0.9628       Acc = 0.9904
Family 10 :
-----------------------------
Precison = 0.9151      Recall = 0.9662
F-Score = 0.9400       Acc = 0.9838
Family 11 :
-----------------------------
Precison = 0.9975      Recall = 1.0000
F-Score = 0.9988       Acc = 0.9997
Family 12 :
-----------------------------
Precison = 0.9992      Recall = 0.9821
F-Score = 0.9905       Acc = 0.9975
-------- over test Epoch [002] ---------
-------- start train Epoch [003] ---------
Training:Epoch[003/010] Iteration[100/1400] Loss: 0.2575 Acc:88.00%
Training:Epoch[003/010] Iteration[200/1400] Loss: 0.2848 Acc:87.03%
Training:Epoch[003/010] Iteration[300/1400] Loss: 0.2690 Acc:87.12%
Training:Epoch[003/010] Iteration[400/1400] Loss: 0.3123 Acc:86.61%
Training:Epoch[003/010] Iteration[500/1400] Loss: 0.2919 Acc:86.69%
Training:Epoch[003/010] Iteration[600/1400] Loss: 0.3022 Acc:86.35%
Training:Epoch[003/010] Iteration[700/1400] Loss: 0.2728 Acc:86.51%
Training:Epoch[003/010] Iteration[800/1400] Loss: 0.2822 Acc:86.52%
Training:Epoch[003/010] Iteration[900/1400] Loss: 0.2276 Acc:86.83%
Training:Epoch[003/010] Iteration[1000/1400] Loss: 0.2639 Acc:87.03%
Training:Epoch[003/010] Iteration[1100/1400] Loss: 0.2989 Acc:86.86%
Training:Epoch[003/010] Iteration[1200/1400] Loss: 0.2817 Acc:86.88%
Training:Epoch[003/010] Iteration[1300/1400] Loss: 0.2587 Acc:86.90%
Training:Epoch[003/010] Iteration[1400/1400] Loss: 0.2824 Acc:86.94%
[[ 952  491  146    0    0    5    0    0    0    0    0    6]
 [ 467  947  150    0    0    7    1    0    7   21    0    0]
 [ 319  425  849    0    0    4    0    0    1    2    0    0]
 [  11   20    4 1565    0    0    0    0    0    0    0    0]
 [   0    0    0    0 1600    0    0    0    0    0    0    0]
 [ 256  283   96    1    0  963    0    0    0    0    0    1]
 [   0    0    0    0    0    0 4795    0    0    5    0    0]
 [   0    0    0    1    0    2    0 1594    3    0    0    0]
 [   0   14    4    0    0    1    0    0 1542   39    0    0]
 [   0   35    6    0    0    3    4    0   69 1482    0    1]
 [   0    0    0    0    0    0    0    0    0    0 1600    0]
 [   6    2    1    0    2    0    0    1    0    1    1 1586]]
-------- over train Epoch [003] ---------
-------- starts test Epoch [003] ---------
TestSet:	 Epoch[003/010] Iteration[1145/1145] Loss: 55.1194 Acc:98.60%
[[ 736    0    0    0    0    0    0    0    0    0    0    0]
 [   0  645    0    0    0    0    0    0    0   17    0    0]
 [   0    0 1058    0    0    0    0    0    7    5    0    0]
 [   0    0    0 2347    0    0    0    0    0    0    0    0]
 [   1    0    0    0    0    0    0    0    0    0    0    3]
 [   0    1    0    0    0 1438    0    0    1    2    0    0]
 [   0   26    0    0    0    0   18    0    0   14    0    0]
 [   0    3    0    0    0    2    0 2390    3    1    0    0]
 [   0   17    0    0    0    1    0    0 2339   42    0    0]
 [   0   55    1    0    0    0    0    0   46 2297    0    0]
 [   0    0    0    0    0    0    0    0    0    0 2399    0]
 [   2    4    1    0    0    0    0    0    0    1    1 2390]]
Family 1 :
-----------------------------
Precison = 0.9959      Recall = 1.0000
F-Score = 0.9980       Acc = 0.9998
Family 2 :
-----------------------------
Precison = 0.8589      Recall = 0.9743
F-Score = 0.9130       Acc = 0.9933
Family 3 :
-----------------------------
Precison = 0.9981      Recall = 0.9888
F-Score = 0.9934       Acc = 0.9992
Family 4 :
-----------------------------
Precison = 1.0000      Recall = 1.0000
F-Score = 1.0000       Acc = 1.0000
Family 5 :
-----------------------------
Precison = nan      Recall = 0.0000
F-Score = nan       Acc = 0.9998
Family 6 :
-----------------------------
Precison = 0.9979      Recall = 0.9972
F-Score = 0.9976       Acc = 0.9996
Family 7 :
-----------------------------
Precison = 1.0000      Recall = 0.3103
F-Score = 0.4737       Acc = 0.9978
Family 8 :
-----------------------------
Precison = 1.0000      Recall = 0.9962
F-Score = 0.9981       Acc = 0.9995
Family 9 :
-----------------------------
Precison = 0.9762      Recall = 0.9750
F-Score = 0.9756       Acc = 0.9936
Family 10 :
-----------------------------
Precison = 0.9655      Recall = 0.9575
F-Score = 0.9615       Acc = 0.9900
Family 11 :
-----------------------------
Precison = 0.9996      Recall = 1.0000
F-Score = 0.9998       Acc = 0.9999
Family 12 :
-----------------------------
Precison = 0.9987      Recall = 0.9962
F-Score = 0.9975       Acc = 0.9993
-------- over test Epoch [003] ---------
-------- start train Epoch [004] ---------
Training:Epoch[004/010] Iteration[100/1400] Loss: 0.2528 Acc:87.75%
Training:Epoch[004/010] Iteration[200/1400] Loss: 0.2665 Acc:87.53%
Training:Epoch[004/010] Iteration[300/1400] Loss: 0.2626 Acc:87.31%
Training:Epoch[004/010] Iteration[400/1400] Loss: 0.2593 Acc:87.34%
Training:Epoch[004/010] Iteration[500/1400] Loss: 0.2717 Acc:87.50%
Training:Epoch[004/010] Iteration[600/1400] Loss: 0.2849 Acc:87.23%
Training:Epoch[004/010] Iteration[700/1400] Loss: 0.2780 Acc:87.21%
Training:Epoch[004/010] Iteration[800/1400] Loss: 0.2648 Acc:87.21%
Training:Epoch[004/010] Iteration[900/1400] Loss: 0.2605 Acc:87.24%
Training:Epoch[004/010] Iteration[1000/1400] Loss: 0.2734 Acc:87.13%
Training:Epoch[004/010] Iteration[1100/1400] Loss: 0.2632 Acc:87.19%
Training:Epoch[004/010] Iteration[1200/1400] Loss: 0.2490 Acc:87.28%
Training:Epoch[004/010] Iteration[1300/1400] Loss: 0.2316 Acc:87.38%
Training:Epoch[004/010] Iteration[1400/1400] Loss: 0.2955 Acc:87.28%
[[ 919  515  139    0    0   25    0    0    0    0    0    2]
 [ 452  958  158    0    0   12    1    0    5   13    0    1]
 [ 312  407  872    0    0    8    0    0    1    0    0    0]
 [   7   19    9 1565    0    0    0    0    0    0    0    0]
 [   0    0    0    0 1600    0    0    0    0    0    0    0]
 [ 223  310   93    0    0  973    0    1    0    0    0    0]
 [   0    0    0    0    0    0 4799    0    1    0    0    0]
 [   0    0    1    0    0    2    0 1594    3    0    0    0]
 [   0   13    4    0    0    3    0    0 1550   30    0    0]
 [   0   24    4    1    0    0    4    0   43 1524    0    0]
 [   0    0    0    0    0    0    0    0    0    0 1600    0]
 [   2    0    1    0    0    0    0    0    0    0    1 1596]]
-------- over train Epoch [004] ---------
-------- starts test Epoch [004] ---------
TestSet:	 Epoch[004/010] Iteration[1145/1145] Loss: 51.8580 Acc:98.59%
[[ 719    0    0    0    0    0    0    0    0    0    0   17]
 [   0  648    0    0    0    0    0    0    0   14    0    0]
 [   0    0 1069    0    0    0    0    0    0    1    0    0]
 [   0    0    0 2347    0    0    0    0    0    0    0    0]
 [   1    0    0    0    0    0    0    0    0    0    0    3]
 [   0    1    0    0    0 1441    0    0    0    0    0    0]
 [   0    0    0    0    0    0   44    0    0   14    0    0]
 [   0    3    0    0    0    2    0 2387    2    3    0    2]
 [   0   12    0    0    0    4    0    0 2328   55    0    0]
 [   0   58    2    0    0    4    1    0   50 2284    0    0]
 [   0    0    0    0    0    0    0    0    0    0 2399    0]
 [   0    4    0    0    0    3    0    0    0    2    0 2390]]
Family 1 :
-----------------------------
Precison = 0.9986      Recall = 0.9769
F-Score = 0.9876       Acc = 0.9990
Family 2 :
-----------------------------
Precison = 0.8926      Recall = 0.9789
F-Score = 0.9337       Acc = 0.9950
Family 3 :
-----------------------------
Precison = 0.9981      Recall = 0.9991
F-Score = 0.9986       Acc = 0.9998
Family 4 :
-----------------------------
Precison = 1.0000      Recall = 1.0000
F-Score = 1.0000       Acc = 1.0000
Family 5 :
-----------------------------
Precison = nan      Recall = 0.0000
F-Score = nan       Acc = 0.9998
Family 6 :
-----------------------------
Precison = 0.9911      Recall = 0.9993
F-Score = 0.9952       Acc = 0.9992
Family 7 :
-----------------------------
Precison = 0.9778      Recall = 0.7586
F-Score = 0.8544       Acc = 0.9992
Family 8 :
-----------------------------
Precison = 1.0000      Recall = 0.9950
F-Score = 0.9975       Acc = 0.9993
Family 9 :
-----------------------------
Precison = 0.9782      Recall = 0.9704
F-Score = 0.9743       Acc = 0.9933
Family 10 :
-----------------------------
Precison = 0.9625      Recall = 0.9521
F-Score = 0.9573       Acc = 0.9889
Family 11 :
-----------------------------
Precison = 1.0000      Recall = 1.0000
F-Score = 1.0000       Acc = 1.0000
Family 12 :
-----------------------------
Precison = 0.9909      Recall = 0.9962
F-Score = 0.9936       Acc = 0.9983
-------- over test Epoch [004] ---------
-------- start train Epoch [005] ---------
Training:Epoch[005/010] Iteration[100/1400] Loss: 0.2444 Acc:88.56%
Training:Epoch[005/010] Iteration[200/1400] Loss: 0.2421 Acc:88.12%
Training:Epoch[005/010] Iteration[300/1400] Loss: 0.2749 Acc:87.46%
Training:Epoch[005/010] Iteration[400/1400] Loss: 0.2832 Acc:86.86%
Training:Epoch[005/010] Iteration[500/1400] Loss: 0.2583 Acc:87.08%
Training:Epoch[005/010] Iteration[600/1400] Loss: 0.2515 Acc:87.36%
Training:Epoch[005/010] Iteration[700/1400] Loss: 0.2637 Acc:87.29%
Training:Epoch[005/010] Iteration[800/1400] Loss: 0.2409 Acc:87.46%
Training:Epoch[005/010] Iteration[900/1400] Loss: 0.2606 Acc:87.36%
Training:Epoch[005/010] Iteration[1000/1400] Loss: 0.2634 Acc:87.32%
Training:Epoch[005/010] Iteration[1100/1400] Loss: 0.2842 Acc:87.23%
Training:Epoch[005/010] Iteration[1200/1400] Loss: 0.2400 Acc:87.32%
Training:Epoch[005/010] Iteration[1300/1400] Loss: 0.2533 Acc:87.35%
Training:Epoch[005/010] Iteration[1400/1400] Loss: 0.2614 Acc:87.32%
[[ 895  544  148    0    0   11    0    0    0    0    0    2]
 [ 422  960  199    0    0    9    1    1    1    7    0    0]
 [ 314  394  884    0    0    8    0    0    0    0    0    0]
 [  17   15    3 1565    0    0    0    0    0    0    0    0]
 [   0    0    0    0 1600    0    0    0    0    0    0    0]
 [ 252  268  116    0    0  961    0    0    3    0    0    0]
 [   0    0    0    0    0    0 4795    0    0    5    0    0]
 [   0    0    0    0    0    1    0 1597    1    0    0    1]
 [   0    5    1    0    0    1    0    0 1565   28    0    0]
 [   0   16    1    0    0    1    8    0   32 1541    0    1]
 [   0    0    0    0    0    0    0    0    0    0 1600    0]
 [   3    0    0    0    0    0    0    0    0    0    0 1597]]
-------- over train Epoch [005] ---------
-------- starts test Epoch [005] ---------
TestSet:	 Epoch[005/010] Iteration[1145/1145] Loss: 42.9211 Acc:98.86%
[[ 736    0    0    0    0    0    0    0    0    0    0    0]
 [   0  652    2    0    0    0    0    0    4    4    0    0]
 [   0    1 1069    0    0    0    0    0    0    0    0    0]
 [   0    0    0 2347    0    0    0    0    0    0    0    0]
 [   1    0    0    0    0    0    0    0    0    0    0    3]
 [   0    1    0    0    0 1441    0    0    0    0    0    0]
 [   0    4    0    0    0    0   52    0    0    2    0    0]
 [   0    3    0    1    0    3    0 2388    0    0    0    4]
 [   0    5    1    0    0    1    0    0 2378   14    0    0]
 [   0   84    5    0    0    1    3    0   52 2254    0    0]
 [   0    0    0    0    0    0    0    0    0    0 2399    0]
 [   5    4    0    0    0    0    0    0    0    0    1 2389]]
Family 1 :
-----------------------------
Precison = 0.9919      Recall = 1.0000
F-Score = 0.9959       Acc = 0.9997
Family 2 :
-----------------------------
Precison = 0.8647      Recall = 0.9849
F-Score = 0.9209       Acc = 0.9939
Family 3 :
-----------------------------
Precison = 0.9926      Recall = 0.9991
F-Score = 0.9958       Acc = 0.9995
Family 4 :
-----------------------------
Precison = 0.9996      Recall = 1.0000
F-Score = 0.9998       Acc = 0.9999
Family 5 :
-----------------------------
Precison = nan      Recall = 0.0000
F-Score = nan       Acc = 0.9998
Family 6 :
-----------------------------
Precison = 0.9965      Recall = 0.9993
F-Score = 0.9979       Acc = 0.9997
Family 7 :
-----------------------------
Precison = 0.9455      Recall = 0.8966
F-Score = 0.9204       Acc = 0.9995
Family 8 :
-----------------------------
Precison = 1.0000      Recall = 0.9954
F-Score = 0.9977       Acc = 0.9994
Family 9 :
-----------------------------
Precison = 0.9770      Recall = 0.9912
F-Score = 0.9841       Acc = 0.9958
Family 10 :
-----------------------------
Precison = 0.9912      Recall = 0.9396
F-Score = 0.9647       Acc = 0.9910
Family 11 :
-----------------------------
Precison = 0.9996      Recall = 1.0000
F-Score = 0.9998       Acc = 0.9999
Family 12 :
-----------------------------
Precison = 0.9971      Recall = 0.9958
F-Score = 0.9965       Acc = 0.9991
-------- over test Epoch [005] ---------
-------- start train Epoch [006] ---------
Training:Epoch[006/010] Iteration[100/1400] Loss: 0.2469 Acc:88.38%
Training:Epoch[006/010] Iteration[200/1400] Loss: 0.2465 Acc:88.50%
Training:Epoch[006/010] Iteration[300/1400] Loss: 0.2650 Acc:87.81%
Training:Epoch[006/010] Iteration[400/1400] Loss: 0.2445 Acc:87.98%
Training:Epoch[006/010] Iteration[500/1400] Loss: 0.2543 Acc:87.79%
Training:Epoch[006/010] Iteration[600/1400] Loss: 0.2346 Acc:88.00%
Training:Epoch[006/010] Iteration[700/1400] Loss: 0.2452 Acc:87.99%
Training:Epoch[006/010] Iteration[800/1400] Loss: 0.2670 Acc:87.99%
Training:Epoch[006/010] Iteration[900/1400] Loss: 0.2388 Acc:87.99%
Training:Epoch[006/010] Iteration[1000/1400] Loss: 0.2807 Acc:87.91%
Training:Epoch[006/010] Iteration[1100/1400] Loss: 0.2660 Acc:87.80%
Training:Epoch[006/010] Iteration[1200/1400] Loss: 0.2581 Acc:87.76%
Training:Epoch[006/010] Iteration[1300/1400] Loss: 0.2580 Acc:87.80%
Training:Epoch[006/010] Iteration[1400/1400] Loss: 0.2717 Acc:87.71%
[[ 909  536  141    0    0   13    0    0    0    0    0    1]
 [ 425 1031  121    0    0   14    0    0    2    7    0    0]
 [ 273  449  862    0    0   16    0    0    0    0    0    0]
 [   8   19    7 1565    0    1    0    0    0    0    0    0]
 [   0    0    0    0 1600    0    0    0    0    0    0    0]
 [ 231  300   96    0    0  973    0    0    0    0    0    0]
 [   0    0    0    0    0    0 4799    0    0    1    0    0]
 [   0    0    0    0    0    2    0 1597    1    0    0    0]
 [   0    9    1    0    0    1    0    0 1561   28    0    0]
 [   0   13    0    0    0    1    0    0   35 1550    0    1]
 [   0    0    0    0    0    0    0    0    0    0 1600    0]
 [   1    0    0    0    0    0    0    0    0    0    0 1599]]
-------- over train Epoch [006] ---------
-------- starts test Epoch [006] ---------
TestSet:	 Epoch[006/010] Iteration[1145/1145] Loss: 35.0129 Acc:99.09%
[[ 736    0    0    0    0    0    0    0    0    0    0    0]
 [   0  640    1    0    0    0    1    0    9   11    0    0]
 [   0    0 1068    0    0    0    0    0    1    1    0    0]
 [   0    0    0 2347    0    0    0    0    0    0    0    0]
 [   1    0    0    0    0    0    0    0    0    0    0    3]
 [   0    1    0    2    0 1439    0    0    0    0    0    0]
 [   0    0    0    0    0    0   52    0    0    6    0    0]
 [   0    3    0    0    0    1    0 2391    3    1    0    0]
 [   0    0    0    0    0    0    0    0 2396    3    0    0]
 [   0   31    0    0    0    0    3    0   79 2286    0    0]
 [   0    0    0    0    0    0    0    0    0    0 2399    0]
 [   3    0    0    0    0    0    0    1    0    0    1 2394]]
Family 1 :
-----------------------------
Precison = 0.9946      Recall = 1.0000
F-Score = 0.9973       Acc = 0.9998
Family 2 :
-----------------------------
Precison = 0.9481      Recall = 0.9668
F-Score = 0.9574       Acc = 0.9969
Family 3 :
-----------------------------
Precison = 0.9991      Recall = 0.9981
F-Score = 0.9986       Acc = 0.9998
Family 4 :
-----------------------------
Precison = 0.9991      Recall = 1.0000
F-Score = 0.9996       Acc = 0.9999
Family 5 :
-----------------------------
Precison = nan      Recall = 0.0000
F-Score = nan       Acc = 0.9998
Family 6 :
-----------------------------
Precison = 0.9993      Recall = 0.9979
F-Score = 0.9986       Acc = 0.9998
Family 7 :
-----------------------------
Precison = 0.9286      Recall = 0.8966
F-Score = 0.9123       Acc = 0.9995
Family 8 :
-----------------------------
Precison = 0.9996      Recall = 0.9967
F-Score = 0.9981       Acc = 0.9995
Family 9 :
-----------------------------
Precison = 0.9630      Recall = 0.9987
F-Score = 0.9806       Acc = 0.9948
Family 10 :
-----------------------------
Precison = 0.9905      Recall = 0.9529
F-Score = 0.9713       Acc = 0.9926
Family 11 :
-----------------------------
Precison = 0.9996      Recall = 1.0000
F-Score = 0.9998       Acc = 0.9999
Family 12 :
-----------------------------
Precison = 0.9987      Recall = 0.9979
F-Score = 0.9983       Acc = 0.9996
-------- over test Epoch [006] ---------
-------- start train Epoch [007] ---------
Training:Epoch[007/010] Iteration[100/1400] Loss: 0.2473 Acc:88.12%
Training:Epoch[007/010] Iteration[200/1400] Loss: 0.2299 Acc:88.75%
Training:Epoch[007/010] Iteration[300/1400] Loss: 0.2246 Acc:88.79%
Training:Epoch[007/010] Iteration[400/1400] Loss: 0.2664 Acc:88.28%
Training:Epoch[007/010] Iteration[500/1400] Loss: 0.2456 Acc:88.28%
Training:Epoch[007/010] Iteration[600/1400] Loss: 0.2631 Acc:88.03%
Training:Epoch[007/010] Iteration[700/1400] Loss: 0.2719 Acc:87.97%
Training:Epoch[007/010] Iteration[800/1400] Loss: 0.2687 Acc:87.90%
Training:Epoch[007/010] Iteration[900/1400] Loss: 0.2466 Acc:87.94%
Training:Epoch[007/010] Iteration[1000/1400] Loss: 0.2465 Acc:88.02%
Training:Epoch[007/010] Iteration[1100/1400] Loss: 0.2638 Acc:87.97%
Training:Epoch[007/010] Iteration[1200/1400] Loss: 0.2488 Acc:87.93%
Training:Epoch[007/010] Iteration[1300/1400] Loss: 0.2535 Acc:87.97%
Training:Epoch[007/010] Iteration[1400/1400] Loss: 0.2702 Acc:87.84%
[[ 900  547  146    0    0    6    0    0    0    0    0    1]
 [ 395 1039  147    0    0    7    0    0    4    8    0    0]
 [ 281  428  880    0    0   10    0    0    0    0    0    1]
 [  18   12    5 1564    0    0    0    1    0    0    0    0]
 [   0    0    0    0 1599    0    0    0    0    0    0    1]
 [ 219  317   94    0    0  970    0    0    0    0    0    0]
 [   0    0    0    0    0    0 4799    0    0    1    0    0]
 [   0    0    0    0    0    0    0 1598    2    0    0    0]
 [   0    4    2    0    0    1    0    0 1575   18    0    0]
 [   0   12    4    0    0    0    0    1   25 1557    0    1]
 [   0    0    0    0    0    0    0    0    0    0 1600    0]
 [   2    0    0    0    0    0    0    0    1    1    1 1595]]
-------- over train Epoch [007] ---------
-------- starts test Epoch [007] ---------
TestSet:	 Epoch[007/010] Iteration[1145/1145] Loss: 32.8299 Acc:98.99%
[[ 736    0    0    0    0    0    0    0    0    0    0    0]
 [   0  642    1    0    0    0    1    0    1   17    0    0]
 [   0    0 1069    0    0    0    0    0    0    1    0    0]
 [   0    0    0 2347    0    0    0    0    0    0    0    0]
 [   1    0    0    0    2    0    0    0    0    0    0    1]
 [   0    1    0    0    0 1441    0    0    0    0    0    0]
 [   0    0    0    0    0    0   54    0    0    4    0    0]
 [   0    2    0    4    0    2    0 2389    1    1    0    0]
 [   0    2    1    0    0    1    0    0 2343   52    0    0]
 [   0   29    3    0    0    0    4    0   53 2310    0    0]
 [   0    0    0    0    0    0    0    0    0    0 2399    0]
 [   0    0    0    0    0    0    0    0    0    0    2 2397]]
Family 1 :
-----------------------------
Precison = 0.9986      Recall = 1.0000
F-Score = 0.9993       Acc = 0.9999
Family 2 :
-----------------------------
Precison = 0.9497      Recall = 0.9698
F-Score = 0.9596       Acc = 0.9971
Family 3 :
-----------------------------
Precison = 0.9953      Recall = 0.9991
F-Score = 0.9972       Acc = 0.9997
Family 4 :
-----------------------------
Precison = 0.9983      Recall = 1.0000
F-Score = 0.9991       Acc = 0.9998
Family 5 :
-----------------------------
Precison = 1.0000      Recall = 0.5000
F-Score = 0.6667       Acc = 0.9999
Family 6 :
-----------------------------
Precison = 0.9979      Recall = 0.9993
F-Score = 0.9986       Acc = 0.9998
Family 7 :
-----------------------------
Precison = 0.9153      Recall = 0.9310
F-Score = 0.9231       Acc = 0.9995
Family 8 :
-----------------------------
Precison = 1.0000      Recall = 0.9958
F-Score = 0.9979       Acc = 0.9995
Family 9 :
-----------------------------
Precison = 0.9771      Recall = 0.9767
F-Score = 0.9769       Acc = 0.9939
Family 10 :
-----------------------------
Precison = 0.9686      Recall = 0.9629
F-Score = 0.9657       Acc = 0.9910
Family 11 :
-----------------------------
Precison = 0.9992      Recall = 1.0000
F-Score = 0.9996       Acc = 0.9999
Family 12 :
-----------------------------
Precison = 0.9996      Recall = 0.9992
F-Score = 0.9994       Acc = 0.9998
-------- over test Epoch [007] ---------
-------- start train Epoch [008] ---------
Training:Epoch[008/010] Iteration[100/1400] Loss: 0.2353 Acc:87.94%
Training:Epoch[008/010] Iteration[200/1400] Loss: 0.2598 Acc:87.75%
Training:Epoch[008/010] Iteration[300/1400] Loss: 0.2652 Acc:87.38%
Training:Epoch[008/010] Iteration[400/1400] Loss: 0.2529 Acc:87.52%
Training:Epoch[008/010] Iteration[500/1400] Loss: 0.2608 Acc:87.51%
Training:Epoch[008/010] Iteration[600/1400] Loss: 0.2435 Acc:87.59%
Training:Epoch[008/010] Iteration[700/1400] Loss: 0.2652 Acc:87.46%
Training:Epoch[008/010] Iteration[800/1400] Loss: 0.2444 Acc:87.51%
Training:Epoch[008/010] Iteration[900/1400] Loss: 0.2488 Acc:87.51%
Training:Epoch[008/010] Iteration[1000/1400] Loss: 0.2331 Acc:87.58%
Training:Epoch[008/010] Iteration[1100/1400] Loss: 0.2375 Acc:87.71%
Training:Epoch[008/010] Iteration[1200/1400] Loss: 0.2418 Acc:87.70%
Training:Epoch[008/010] Iteration[1300/1400] Loss: 0.2341 Acc:87.74%
Training:Epoch[008/010] Iteration[1400/1400] Loss: 0.2529 Acc:87.76%
[[ 876  584  128    0    0   12    0    0    0    0    0    0]
 [ 409 1062  121    0    0    3    0    0    1    3    0    1]
 [ 294  462  834    0    0    9    0    0    1    0    0    0]
 [  10   20    4 1565    0    1    0    0    0    0    0    0]
 [   0    0    0    0 1600    0    0    0    0    0    0    0]
 [ 220  340   67    0    0  973    0    0    0    0    0    0]
 [   0    0    0    0    0    0 4800    0    0    0    0    0]
 [   0    0    0    0    0    1    0 1599    0    0    0    0]
 [   0    1    0    0    0    0    0    0 1585   14    0    0]
 [   0    9    0    0    0    0    0    0   22 1568    0    1]
 [   0    0    0    0    0    0    0    0    0    0 1600    0]
 [   0    2    0    0    1    0    0    0    0    0    0 1597]]
-------- over train Epoch [008] ---------
-------- starts test Epoch [008] ---------
TestSet:	 Epoch[008/010] Iteration[1145/1145] Loss: 38.6526 Acc:99.03%
[[ 736    0    0    0    0    0    0    0    0    0    0    0]
 [   0  643    2    0    0    0    1    0    1   15    0    0]
 [   0    1 1069    0    0    0    0    0    0    0    0    0]
 [   0    0    0 2347    0    0    0    0    0    0    0    0]
 [   1    0    0    0    0    0    0    0    0    0    0    3]
 [   0    1    0    0    0 1441    0    0    0    0    0    0]
 [   0    0    0    0    0    0   58    0    0    0    0    0]
 [   0    3    0    0    0    2    1 2391    2    0    0    0]
 [   0    0    3    0    0    1    0    0 2360   35    0    0]
 [   0   20    3    0    0    0   29    0   45 2302    0    0]
 [   0    0    0    0    0    0    0    0    0    0 2399    0]
 [   2    1    2    0    0    1    0    0    0    0    2 2391]]
Family 1 :
-----------------------------
Precison = 0.9959      Recall = 1.0000
F-Score = 0.9980       Acc = 0.9998
Family 2 :
-----------------------------
Precison = 0.9611      Recall = 0.9713
F-Score = 0.9662       Acc = 0.9975
Family 3 :
-----------------------------
Precison = 0.9907      Recall = 0.9991
F-Score = 0.9949       Acc = 0.9994
Family 4 :
-----------------------------
Precison = 1.0000      Recall = 1.0000
F-Score = 1.0000       Acc = 1.0000
Family 5 :
-----------------------------
Precison = nan      Recall = 0.0000
F-Score = nan       Acc = 0.9998
Family 6 :
-----------------------------
Precison = 0.9972      Recall = 0.9993
F-Score = 0.9983       Acc = 0.9997
Family 7 :
-----------------------------
Precison = 0.6517      Recall = 1.0000
F-Score = 0.7891       Acc = 0.9983
Family 8 :
-----------------------------
Precison = 1.0000      Recall = 0.9967
F-Score = 0.9983       Acc = 0.9996
Family 9 :
-----------------------------
Precison = 0.9801      Recall = 0.9837
F-Score = 0.9819       Acc = 0.9952
Family 10 :
-----------------------------
Precison = 0.9787      Recall = 0.9596
F-Score = 0.9691       Acc = 0.9920
Family 11 :
-----------------------------
Precison = 0.9992      Recall = 1.0000
F-Score = 0.9996       Acc = 0.9999
Family 12 :
-----------------------------
Precison = 0.9987      Recall = 0.9967
F-Score = 0.9977       Acc = 0.9994
-------- over test Epoch [008] ---------
-------- start train Epoch [009] ---------
Training:Epoch[009/010] Iteration[100/1400] Loss: 0.2648 Acc:87.19%
Training:Epoch[009/010] Iteration[200/1400] Loss: 0.2438 Acc:87.34%
Training:Epoch[009/010] Iteration[300/1400] Loss: 0.2495 Acc:87.62%
Training:Epoch[009/010] Iteration[400/1400] Loss: 0.2292 Acc:88.08%
Training:Epoch[009/010] Iteration[500/1400] Loss: 0.2558 Acc:87.84%
Training:Epoch[009/010] Iteration[600/1400] Loss: 0.2349 Acc:87.92%
Training:Epoch[009/010] Iteration[700/1400] Loss: 0.2412 Acc:87.95%
Training:Epoch[009/010] Iteration[800/1400] Loss: 0.2747 Acc:87.79%
Training:Epoch[009/010] Iteration[900/1400] Loss: 0.2402 Acc:87.88%
Training:Epoch[009/010] Iteration[1000/1400] Loss: 0.2448 Acc:87.94%
Training:Epoch[009/010] Iteration[1100/1400] Loss: 0.2495 Acc:87.93%
Training:Epoch[009/010] Iteration[1200/1400] Loss: 0.2730 Acc:87.89%
Training:Epoch[009/010] Iteration[1300/1400] Loss: 0.2216 Acc:88.01%
Training:Epoch[009/010] Iteration[1400/1400] Loss: 0.2460 Acc:87.99%
[[ 898  573  123    0    0    6    0    0    0    0    0    0]
 [ 387 1087  114    0    0    6    0    0    2    4    0    0]
 [ 293  463  841    0    0    3    0    0    0    0    0    0]
 [   6   24    5 1565    0    0    0    0    0    0    0    0]
 [   0    0    0    0 1600    0    0    0    0    0    0    0]
 [ 236  316   83    0    0  965    0    0    0    0    0    0]
 [   0    0    0    0    0    0 4800    0    0    0    0    0]
 [   0    0    0    0    0    0    0 1600    0    0    0    0]
 [   0    3    1    0    0    0    0    0 1580   16    0    0]
 [   0    6    0    0    0    0    0    0   21 1573    0    0]
 [   0    0    0    0    0    0    0    0    0    0 1600    0]
 [   0    0    0    0    0    0    0    0    0    0    0 1600]]
-------- over train Epoch [009] ---------
-------- starts test Epoch [009] ---------
TestSet:	 Epoch[009/010] Iteration[1145/1145] Loss: 31.5961 Acc:99.20%
[[ 736    0    0    0    0    0    0    0    0    0    0    0]
 [   0  645    1    0    0    0    0    0    3   13    0    0]
 [   0    1 1069    0    0    0    0    0    0    0    0    0]
 [   0    0    0 2347    0    0    0    0    0    0    0    0]
 [   1    0    0    0    0    0    0    0    0    0    0    3]
 [   0    1    0    0    0 1441    0    0    0    0    0    0]
 [   0    0    0    0    0    0   52    0    0    6    0    0]
 [   0    3    0    0    0    1    0 2393    1    1    0    0]
 [   0    0    0    0    0    1    0    0 2368   30    0    0]
 [   0   29    2    0    0    0    3    0   40 2325    0    0]
 [   0    0    0    0    0    0    0    0    0    0 2399    0]
 [   3    0    0    0    0    0    0    0    1    0    2 2393]]
Family 1 :
-----------------------------
Precison = 0.9946      Recall = 1.0000
F-Score = 0.9973       Acc = 0.9998
Family 2 :
-----------------------------
Precison = 0.9499      Recall = 0.9743
F-Score = 0.9620       Acc = 0.9972
Family 3 :
-----------------------------
Precison = 0.9972      Recall = 0.9991
F-Score = 0.9981       Acc = 0.9998
Family 4 :
-----------------------------
Precison = 1.0000      Recall = 1.0000
F-Score = 1.0000       Acc = 1.0000
Family 5 :
-----------------------------
Precison = nan      Recall = 0.0000
F-Score = nan       Acc = 0.9998
Family 6 :
-----------------------------
Precison = 0.9986      Recall = 0.9993
F-Score = 0.9990       Acc = 0.9998
Family 7 :
-----------------------------
Precison = 0.9455      Recall = 0.8966
F-Score = 0.9204       Acc = 0.9995
Family 8 :
-----------------------------
Precison = 1.0000      Recall = 0.9975
F-Score = 0.9987       Acc = 0.9997
Family 9 :
-----------------------------
Precison = 0.9814      Recall = 0.9871
F-Score = 0.9842       Acc = 0.9959
Family 10 :
-----------------------------
Precison = 0.9789      Recall = 0.9692
F-Score = 0.9740       Acc = 0.9932
Family 11 :
-----------------------------
Precison = 0.9992      Recall = 1.0000
F-Score = 0.9996       Acc = 0.9999
Family 12 :
-----------------------------
Precison = 0.9987      Recall = 0.9975
F-Score = 0.9981       Acc = 0.9995
-------- over test Epoch [009] ---------
-------- start train Epoch [010] ---------
Training:Epoch[010/010] Iteration[100/1400] Loss: 0.2483 Acc:88.19%
Training:Epoch[010/010] Iteration[200/1400] Loss: 0.2746 Acc:87.31%
Training:Epoch[010/010] Iteration[300/1400] Loss: 0.2313 Acc:87.67%
Training:Epoch[010/010] Iteration[400/1400] Loss: 0.2387 Acc:87.75%
Training:Epoch[010/010] Iteration[500/1400] Loss: 0.2557 Acc:87.70%
Training:Epoch[010/010] Iteration[600/1400] Loss: 0.2566 Acc:87.70%
Training:Epoch[010/010] Iteration[700/1400] Loss: 0.2478 Acc:87.70%
Training:Epoch[010/010] Iteration[800/1400] Loss: 0.2387 Acc:87.77%
Training:Epoch[010/010] Iteration[900/1400] Loss: 0.2428 Acc:87.83%
Training:Epoch[010/010] Iteration[1000/1400] Loss: 0.2197 Acc:87.94%
Training:Epoch[010/010] Iteration[1100/1400] Loss: 0.2609 Acc:87.92%
Training:Epoch[010/010] Iteration[1200/1400] Loss: 0.2509 Acc:87.92%
Training:Epoch[010/010] Iteration[1300/1400] Loss: 0.2414 Acc:87.97%
Training:Epoch[010/010] Iteration[1400/1400] Loss: 0.2364 Acc:88.04%
[[ 884  571  128    0    0   17    0    0    0    0    0    0]
 [ 386 1075  127    0    0    9    0    0    0    3    0    0]
 [ 287  437  867    0    0    9    0    0    0    0    0    0]
 [   7   20    7 1565    0    1    0    0    0    0    0    0]
 [   0    0    0    0 1600    0    0    0    0    0    0    0]
 [ 203  327   98    0    0  972    0    0    0    0    0    0]
 [   0    0    0    0    0    0 4800    0    0    0    0    0]
 [   0    0    0    0    0    0    0 1599    0    0    0    1]
 [   0    0    0    0    0    0    0    0 1588   12    0    0]
 [   0    7    0    0    0    0    0    0   21 1572    0    0]
 [   0    0    0    0    0    0    0    0    0    0 1600    0]
 [   0    1    0    0    0    0    0    0    0    0    0 1599]]
-------- over train Epoch [010] ---------
-------- starts test Epoch [010] ---------
TestSet:	 Epoch[010/010] Iteration[1145/1145] Loss: 32.6813 Acc:99.20%
[[ 736    0    0    0    0    0    0    0    0    0    0    0]
 [   0  641    1    0    0    0    0    0    2   18    0    0]
 [   0    0 1068    0    0    0    0    0    0    2    0    0]
 [   0    0    0 2347    0    0    0    0    0    0    0    0]
 [   2    0    0    0    0    0    0    0    0    0    0    2]
 [   0    1    0    0    0 1441    0    0    0    0    0    0]
 [   0    0    0    0    0    0   51    0    0    7    0    0]
 [   0    3    0    0    0    2    0 2391    2    1    0    0]
 [   0    1    0    0    0    0    0    0 2372   26    0    0]
 [   0   21    1    0    0    0    2    0   35 2340    0    0]
 [   0    0    0    0    0    0    0    0    0    0 2399    0]
 [   9    2    0    0    0    1    0    1    2    1    1 2382]]
Family 1 :
-----------------------------
Precison = 0.9853      Recall = 1.0000
F-Score = 0.9926       Acc = 0.9994
Family 2 :
-----------------------------
Precison = 0.9581      Recall = 0.9683
F-Score = 0.9632       Acc = 0.9973
Family 3 :
-----------------------------
Precison = 0.9981      Recall = 0.9981
F-Score = 0.9981       Acc = 0.9998
Family 4 :
-----------------------------
Precison = 1.0000      Recall = 1.0000
F-Score = 1.0000       Acc = 1.0000
Family 5 :
-----------------------------
Precison = nan      Recall = 0.0000
F-Score = nan       Acc = 0.9998
Family 6 :
-----------------------------
Precison = 0.9979      Recall = 0.9993
F-Score = 0.9986       Acc = 0.9998
Family 7 :
-----------------------------
Precison = 0.9623      Recall = 0.8793
F-Score = 0.9189       Acc = 0.9995
Family 8 :
-----------------------------
Precison = 0.9996      Recall = 0.9967
F-Score = 0.9981       Acc = 0.9995
Family 9 :
-----------------------------
Precison = 0.9830      Recall = 0.9887
F-Score = 0.9859       Acc = 0.9963
Family 10 :
-----------------------------
Precison = 0.9770      Recall = 0.9754
F-Score = 0.9762       Acc = 0.9938
Family 11 :
-----------------------------
Precison = 0.9996      Recall = 1.0000
F-Score = 0.9998       Acc = 0.9999
Family 12 :
-----------------------------
Precison = 0.9992      Recall = 0.9929
F-Score = 0.9960       Acc = 0.9990
-------- over test Epoch [010] ---------
